2024-06-14 17:50:58 INFO Running runs: []
2024-06-14 17:50:59 INFO Agent received command: run
2024-06-14 17:50:59 INFO Agent starting run with config:
	ENV_HPT_mode: False
	architecture: LSTM
	features: EFs
	online_simulation_factor: 0
	seed: 1
2024-06-14 17:50:59 INFO About to run command: python StrategyTransfer.py --ENV_HPT_mode=False --architecture=LSTM --features=EFs --online_simulation_factor=0 --seed=1
2024-06-14 17:51:04 INFO Running runs: ['sspvp9r6']
2024-06-14 17:52:08 INFO Running runs: []
2024-06-14 17:52:09 INFO Agent received command: run
2024-06-14 17:52:09 INFO Agent starting run with config:
	ENV_HPT_mode: False
	architecture: LSTM
	features: EFs
	online_simulation_factor: 0
	seed: 1
2024-06-14 17:52:09 INFO About to run command: python StrategyTransfer.py --ENV_HPT_mode=False --architecture=LSTM --features=EFs --online_simulation_factor=0 --seed=1
2024-06-14 17:52:14 INFO Running runs: ['egxfdst0']
2024-06-14 18:51:19 INFO Cleaning up finished run: egxfdst0
2024-06-14 18:51:31 INFO Agent received command: exit
2024-06-14 18:51:31 INFO Received exit command. Killing runs and quitting.
2024-07-05 20:28:03 INFO Running runs: []
2024-07-05 20:28:04 INFO Agent received command: run
2024-07-05 20:28:04 INFO Agent starting run with config:
	ENV_HPT_mode: False
	architecture: CNN
	features: EFs
	online_simulation_factor: 0
	seed: 1
2024-07-05 20:28:04 INFO About to run command: python StrategyTransfer.py --ENV_HPT_mode=False --architecture=CNN --features=EFs --online_simulation_factor=0 --seed=1
2024-07-05 20:28:09 INFO Running runs: ['dsd3sodf']
2024-07-06 15:51:19 INFO Running runs: []
2024-07-06 15:53:01 INFO Running runs: []
2024-07-06 16:52:42 INFO Agent received command: run
2024-07-06 16:52:42 INFO Agent starting run with config:
	ENV_HPT_mode: False
	architecture: CNN
	features: EFs
	online_simulation_factor: 0
	seed: 1
2024-07-06 16:52:42 INFO About to run command: python StrategyTransfer.py --ENV_HPT_mode=False --architecture=CNN --features=EFs --online_simulation_factor=0 --seed=1
2024-07-06 16:52:48 INFO Running runs: ['wzpiycxq']
2024-07-06 17:44:33 INFO Cleaning up finished run: wzpiycxq
2024-07-06 17:44:39 INFO Agent received command: exit
2024-07-06 17:44:39 INFO Received exit command. Killing runs and quitting.
2024-07-06 18:53:24 INFO Running runs: []
2024-07-06 18:53:25 INFO Agent received command: run
2024-07-06 18:53:25 INFO Agent starting run with config:
	ENV_HPT_mode: False
	ENV_LEARNING_RATE: 1e-05
	architecture: CNN
	features: EFs
	online_simulation_factor: 0
	seed: 2
2024-07-06 18:53:25 INFO About to run command: python StrategyTransfer.py --ENV_HPT_mode=False --ENV_LEARNING_RATE=1e-05 --architecture=CNN --features=EFs --online_simulation_factor=0 --seed=2
2024-07-06 18:53:30 INFO Running runs: ['1ugzmv2p']
2024-07-06 19:45:14 INFO Cleaning up finished run: 1ugzmv2p
2024-07-06 19:45:21 INFO Agent received command: run
2024-07-06 19:45:21 INFO Agent starting run with config:
	ENV_HPT_mode: False
	ENV_LEARNING_RATE: 1e-05
	architecture: CNN
	features: EFs
	online_simulation_factor: 0
	seed: 4
2024-07-06 19:45:21 INFO About to run command: python StrategyTransfer.py --ENV_HPT_mode=False --ENV_LEARNING_RATE=1e-05 --architecture=CNN --features=EFs --online_simulation_factor=0 --seed=4
2024-07-06 19:45:26 INFO Running runs: ['yrvtvlu5']
2024-07-06 20:25:45 INFO Cleaning up finished run: yrvtvlu5
2024-07-06 20:25:46 INFO Agent received command: run
2024-07-06 20:25:46 INFO Agent starting run with config:
	ENV_HPT_mode: False
	ENV_LEARNING_RATE: 1e-05
	architecture: CNN
	features: EFs
	online_simulation_factor: 0
	seed: 0
2024-07-06 20:25:46 INFO About to run command: python StrategyTransfer.py --ENV_HPT_mode=False --ENV_LEARNING_RATE=1e-05 --architecture=CNN --features=EFs --online_simulation_factor=0 --seed=0
2024-07-06 20:25:51 INFO Running runs: ['xmxgiwye']
2024-07-06 21:07:16 INFO Cleaning up finished run: xmxgiwye
2024-07-06 21:07:16 INFO Agent received command: run
2024-07-06 21:07:16 INFO Agent starting run with config:
	ENV_HPT_mode: False
	ENV_LEARNING_RATE: 1e-05
	architecture: CNN
	features: EFs
	online_simulation_factor: 0
	seed: 1
2024-07-06 21:07:16 INFO About to run command: python StrategyTransfer.py --ENV_HPT_mode=False --ENV_LEARNING_RATE=1e-05 --architecture=CNN --features=EFs --online_simulation_factor=0 --seed=1
2024-07-06 21:07:21 INFO Running runs: ['kjwjnjah']
2024-07-06 21:47:41 INFO Cleaning up finished run: kjwjnjah
2024-07-06 21:47:42 INFO Agent received command: run
2024-07-06 21:47:42 INFO Agent starting run with config:
	ENV_HPT_mode: False
	ENV_LEARNING_RATE: 1e-05
	architecture: CNN
	features: EFs
	online_simulation_factor: 0
	seed: 3
2024-07-06 21:47:42 INFO About to run command: python StrategyTransfer.py --ENV_HPT_mode=False --ENV_LEARNING_RATE=1e-05 --architecture=CNN --features=EFs --online_simulation_factor=0 --seed=3
2024-07-06 21:47:47 INFO Running runs: ['ia7abjgl']
2024-07-06 22:24:06 INFO Cleaning up finished run: ia7abjgl
2024-07-06 22:24:06 INFO Agent received command: run
2024-07-06 22:24:06 INFO Agent starting run with config:
	ENV_HPT_mode: False
	ENV_LEARNING_RATE: 1e-05
	architecture: CNN
	features: GPT4
	online_simulation_factor: 0
	seed: 0
2024-07-06 22:24:06 INFO About to run command: python StrategyTransfer.py --ENV_HPT_mode=False --ENV_LEARNING_RATE=1e-05 --architecture=CNN --features=GPT4 --online_simulation_factor=0 --seed=0
2024-07-06 22:24:11 INFO Running runs: ['19hrsu1t']
2024-07-06 22:58:08 INFO Cleaning up finished run: 19hrsu1t
2024-07-06 22:58:08 INFO Agent received command: run
2024-07-06 22:58:08 INFO Agent starting run with config:
	ENV_HPT_mode: False
	ENV_LEARNING_RATE: 1e-05
	architecture: CNN
	features: GPT4
	online_simulation_factor: 0
	seed: 1
2024-07-06 22:58:08 INFO About to run command: python StrategyTransfer.py --ENV_HPT_mode=False --ENV_LEARNING_RATE=1e-05 --architecture=CNN --features=GPT4 --online_simulation_factor=0 --seed=1
2024-07-06 22:58:13 INFO Running runs: ['gry8ehmg']
2024-07-06 23:40:12 INFO Cleaning up finished run: gry8ehmg
2024-07-06 23:40:13 INFO Agent received command: run
2024-07-06 23:40:13 INFO Agent starting run with config:
	ENV_HPT_mode: False
	ENV_LEARNING_RATE: 1e-05
	architecture: CNN
	features: GPT4
	online_simulation_factor: 0
	seed: 2
2024-07-06 23:40:13 INFO About to run command: python StrategyTransfer.py --ENV_HPT_mode=False --ENV_LEARNING_RATE=1e-05 --architecture=CNN --features=GPT4 --online_simulation_factor=0 --seed=2
2024-07-06 23:40:18 INFO Running runs: ['1kfzla4r']
2024-07-07 00:18:02 INFO Cleaning up finished run: 1kfzla4r
2024-07-07 00:18:02 INFO Agent received command: run
2024-07-07 00:18:02 INFO Agent starting run with config:
	ENV_HPT_mode: False
	ENV_LEARNING_RATE: 1e-05
	architecture: CNN
	features: GPT4
	online_simulation_factor: 0
	seed: 3
2024-07-07 00:18:02 INFO About to run command: python StrategyTransfer.py --ENV_HPT_mode=False --ENV_LEARNING_RATE=1e-05 --architecture=CNN --features=GPT4 --online_simulation_factor=0 --seed=3
2024-07-07 00:18:07 INFO Running runs: ['brasvzsd']
2024-07-07 00:48:44 INFO Cleaning up finished run: brasvzsd
2024-07-07 00:48:44 INFO Agent received command: run
2024-07-07 00:48:44 INFO Agent starting run with config:
	ENV_HPT_mode: False
	ENV_LEARNING_RATE: 1e-05
	architecture: CNN
	features: GPT4
	online_simulation_factor: 0
	seed: 4
2024-07-07 00:48:44 INFO About to run command: python StrategyTransfer.py --ENV_HPT_mode=False --ENV_LEARNING_RATE=1e-05 --architecture=CNN --features=GPT4 --online_simulation_factor=0 --seed=4
2024-07-07 00:48:49 INFO Running runs: ['v0wb0vlp']
2024-07-07 01:19:16 INFO Cleaning up finished run: v0wb0vlp
2024-07-07 01:19:17 INFO Agent received command: run
2024-07-07 01:19:17 INFO Agent starting run with config:
	ENV_HPT_mode: False
	ENV_LEARNING_RATE: 1e-05
	architecture: CNN
	features: BERT
	online_simulation_factor: 0
	seed: 0
2024-07-07 01:19:17 INFO About to run command: python StrategyTransfer.py --ENV_HPT_mode=False --ENV_LEARNING_RATE=1e-05 --architecture=CNN --features=BERT --online_simulation_factor=0 --seed=0
2024-07-07 01:19:22 INFO Running runs: ['8bmlq79y']
2024-07-07 01:50:15 INFO Cleaning up finished run: 8bmlq79y
2024-07-07 01:50:15 INFO Agent received command: run
2024-07-07 01:50:15 INFO Agent starting run with config:
	ENV_HPT_mode: False
	ENV_LEARNING_RATE: 1e-05
	architecture: CNN
	features: BERT
	online_simulation_factor: 0
	seed: 1
2024-07-07 01:50:15 INFO About to run command: python StrategyTransfer.py --ENV_HPT_mode=False --ENV_LEARNING_RATE=1e-05 --architecture=CNN --features=BERT --online_simulation_factor=0 --seed=1
2024-07-07 01:50:20 INFO Running runs: ['7a3qhcoh']
2024-07-07 02:20:47 INFO Cleaning up finished run: 7a3qhcoh
2024-07-07 02:20:47 INFO Agent received command: run
2024-07-07 02:20:47 INFO Agent starting run with config:
	ENV_HPT_mode: False
	ENV_LEARNING_RATE: 1e-05
	architecture: CNN
	features: BERT
	online_simulation_factor: 0
	seed: 2
2024-07-07 02:20:47 INFO About to run command: python StrategyTransfer.py --ENV_HPT_mode=False --ENV_LEARNING_RATE=1e-05 --architecture=CNN --features=BERT --online_simulation_factor=0 --seed=2
2024-07-07 02:20:53 INFO Running runs: ['z5pg11ac']
2024-07-07 02:51:36 INFO Cleaning up finished run: z5pg11ac
2024-07-07 02:51:36 INFO Agent received command: run
2024-07-07 02:51:36 INFO Agent starting run with config:
	ENV_HPT_mode: False
	ENV_LEARNING_RATE: 1e-05
	architecture: CNN
	features: BERT
	online_simulation_factor: 0
	seed: 3
2024-07-07 02:51:36 INFO About to run command: python StrategyTransfer.py --ENV_HPT_mode=False --ENV_LEARNING_RATE=1e-05 --architecture=CNN --features=BERT --online_simulation_factor=0 --seed=3
2024-07-07 02:51:41 INFO Running runs: ['6hrjbcpp']
2024-07-07 03:22:17 INFO Cleaning up finished run: 6hrjbcpp
2024-07-07 03:22:18 INFO Agent received command: run
2024-07-07 03:22:18 INFO Agent starting run with config:
	ENV_HPT_mode: False
	ENV_LEARNING_RATE: 1e-05
	architecture: CNN
	features: BERT
	online_simulation_factor: 0
	seed: 4
2024-07-07 03:22:18 INFO About to run command: python StrategyTransfer.py --ENV_HPT_mode=False --ENV_LEARNING_RATE=1e-05 --architecture=CNN --features=BERT --online_simulation_factor=0 --seed=4
2024-07-07 03:22:23 INFO Running runs: ['qujgb1a0']
2024-07-07 03:53:13 INFO Cleaning up finished run: qujgb1a0
2024-07-07 03:53:13 INFO Agent received command: run
2024-07-07 03:53:13 INFO Agent starting run with config:
	ENV_HPT_mode: False
	ENV_LEARNING_RATE: 1e-05
	architecture: LSTM
	features: EFs
	online_simulation_factor: 0
	seed: 0
2024-07-07 03:53:13 INFO About to run command: python StrategyTransfer.py --ENV_HPT_mode=False --ENV_LEARNING_RATE=1e-05 --architecture=LSTM --features=EFs --online_simulation_factor=0 --seed=0
2024-07-07 03:53:18 INFO Running runs: ['pvpuk0uc']
2024-07-07 04:25:34 INFO Cleaning up finished run: pvpuk0uc
2024-07-07 04:25:34 INFO Agent received command: run
2024-07-07 04:25:34 INFO Agent starting run with config:
	ENV_HPT_mode: False
	ENV_LEARNING_RATE: 1e-05
	architecture: LSTM
	features: EFs
	online_simulation_factor: 0
	seed: 1
2024-07-07 04:25:34 INFO About to run command: python StrategyTransfer.py --ENV_HPT_mode=False --ENV_LEARNING_RATE=1e-05 --architecture=LSTM --features=EFs --online_simulation_factor=0 --seed=1
2024-07-07 04:25:39 INFO Running runs: ['pu3j2xgj']
2024-07-07 04:58:01 INFO Cleaning up finished run: pu3j2xgj
2024-07-07 04:58:01 INFO Agent received command: run
2024-07-07 04:58:01 INFO Agent starting run with config:
	ENV_HPT_mode: False
	ENV_LEARNING_RATE: 1e-05
	architecture: LSTM
	features: EFs
	online_simulation_factor: 0
	seed: 2
2024-07-07 04:58:01 INFO About to run command: python StrategyTransfer.py --ENV_HPT_mode=False --ENV_LEARNING_RATE=1e-05 --architecture=LSTM --features=EFs --online_simulation_factor=0 --seed=2
2024-07-07 04:58:06 INFO Running runs: ['rvi5291s']
2024-07-07 05:30:23 INFO Cleaning up finished run: rvi5291s
2024-07-07 05:30:23 INFO Agent received command: run
2024-07-07 05:30:23 INFO Agent starting run with config:
	ENV_HPT_mode: False
	ENV_LEARNING_RATE: 1e-05
	architecture: LSTM
	features: EFs
	online_simulation_factor: 0
	seed: 3
2024-07-07 05:30:23 INFO About to run command: python StrategyTransfer.py --ENV_HPT_mode=False --ENV_LEARNING_RATE=1e-05 --architecture=LSTM --features=EFs --online_simulation_factor=0 --seed=3
2024-07-07 05:30:28 INFO Running runs: ['5gz19pqs']
2024-07-07 06:03:11 INFO Cleaning up finished run: 5gz19pqs
2024-07-07 06:03:11 INFO Agent received command: run
2024-07-07 06:03:11 INFO Agent starting run with config:
	ENV_HPT_mode: False
	ENV_LEARNING_RATE: 1e-05
	architecture: LSTM
	features: EFs
	online_simulation_factor: 0
	seed: 4
2024-07-07 06:03:11 INFO About to run command: python StrategyTransfer.py --ENV_HPT_mode=False --ENV_LEARNING_RATE=1e-05 --architecture=LSTM --features=EFs --online_simulation_factor=0 --seed=4
2024-07-07 06:03:16 INFO Running runs: ['9d6fggu1']
2024-07-07 06:35:53 INFO Cleaning up finished run: 9d6fggu1
2024-07-07 06:35:53 INFO Agent received command: run
2024-07-07 06:35:53 INFO Agent starting run with config:
	ENV_HPT_mode: False
	ENV_LEARNING_RATE: 1e-05
	architecture: LSTM
	features: GPT4
	online_simulation_factor: 0
	seed: 0
2024-07-07 06:35:53 INFO About to run command: python StrategyTransfer.py --ENV_HPT_mode=False --ENV_LEARNING_RATE=1e-05 --architecture=LSTM --features=GPT4 --online_simulation_factor=0 --seed=0
2024-07-07 06:35:58 INFO Running runs: ['tqwgxirg']
2024-07-07 07:08:22 INFO Cleaning up finished run: tqwgxirg
2024-07-07 07:08:22 INFO Agent received command: run
2024-07-07 07:08:22 INFO Agent starting run with config:
	ENV_HPT_mode: False
	ENV_LEARNING_RATE: 1e-05
	architecture: LSTM
	features: GPT4
	online_simulation_factor: 0
	seed: 1
2024-07-07 07:08:22 INFO About to run command: python StrategyTransfer.py --ENV_HPT_mode=False --ENV_LEARNING_RATE=1e-05 --architecture=LSTM --features=GPT4 --online_simulation_factor=0 --seed=1
2024-07-07 07:08:27 INFO Running runs: ['5lavbv5m']
2024-07-07 07:40:56 INFO Cleaning up finished run: 5lavbv5m
2024-07-07 07:40:56 INFO Agent received command: run
2024-07-07 07:40:56 INFO Agent starting run with config:
	ENV_HPT_mode: False
	ENV_LEARNING_RATE: 1e-05
	architecture: LSTM
	features: GPT4
	online_simulation_factor: 0
	seed: 2
2024-07-07 07:40:56 INFO About to run command: python StrategyTransfer.py --ENV_HPT_mode=False --ENV_LEARNING_RATE=1e-05 --architecture=LSTM --features=GPT4 --online_simulation_factor=0 --seed=2
2024-07-07 07:41:01 INFO Running runs: ['bjpx3u3d']
2024-07-07 08:13:27 INFO Cleaning up finished run: bjpx3u3d
2024-07-07 08:13:27 INFO Agent received command: run
2024-07-07 08:13:27 INFO Agent starting run with config:
	ENV_HPT_mode: False
	ENV_LEARNING_RATE: 1e-05
	architecture: LSTM
	features: GPT4
	online_simulation_factor: 0
	seed: 3
2024-07-07 08:13:27 INFO About to run command: python StrategyTransfer.py --ENV_HPT_mode=False --ENV_LEARNING_RATE=1e-05 --architecture=LSTM --features=GPT4 --online_simulation_factor=0 --seed=3
2024-07-07 08:13:32 INFO Running runs: ['pfpuar5z']
2024-07-07 08:46:09 INFO Cleaning up finished run: pfpuar5z
2024-07-07 08:46:09 INFO Agent received command: run
2024-07-07 08:46:09 INFO Agent starting run with config:
	ENV_HPT_mode: False
	ENV_LEARNING_RATE: 1e-05
	architecture: LSTM
	features: GPT4
	online_simulation_factor: 0
	seed: 4
2024-07-07 08:46:09 INFO About to run command: python StrategyTransfer.py --ENV_HPT_mode=False --ENV_LEARNING_RATE=1e-05 --architecture=LSTM --features=GPT4 --online_simulation_factor=0 --seed=4
2024-07-07 08:46:14 INFO Running runs: ['zzu263vm']
2024-07-07 09:18:56 INFO Cleaning up finished run: zzu263vm
2024-07-07 09:18:56 INFO Agent received command: run
2024-07-07 09:18:56 INFO Agent starting run with config:
	ENV_HPT_mode: False
	ENV_LEARNING_RATE: 1e-05
	architecture: LSTM
	features: BERT
	online_simulation_factor: 0
	seed: 0
2024-07-07 09:18:56 INFO About to run command: python StrategyTransfer.py --ENV_HPT_mode=False --ENV_LEARNING_RATE=1e-05 --architecture=LSTM --features=BERT --online_simulation_factor=0 --seed=0
2024-07-07 09:19:01 INFO Running runs: ['yu0b2dj7']
2024-07-07 09:47:19 INFO Cleaning up finished run: yu0b2dj7
2024-07-07 09:47:21 INFO Agent received command: run
2024-07-07 09:47:21 INFO Agent starting run with config:
	ENV_HPT_mode: False
	ENV_LEARNING_RATE: 1e-05
	architecture: LSTM
	features: BERT
	online_simulation_factor: 0
	seed: 1
2024-07-07 09:47:21 INFO About to run command: python StrategyTransfer.py --ENV_HPT_mode=False --ENV_LEARNING_RATE=1e-05 --architecture=LSTM --features=BERT --online_simulation_factor=0 --seed=1
2024-07-07 09:47:26 INFO Running runs: ['9up6on3v']
2024-07-07 10:18:54 INFO Cleaning up finished run: 9up6on3v
2024-07-07 10:18:55 INFO Agent received command: run
2024-07-07 10:18:55 INFO Agent starting run with config:
	ENV_HPT_mode: False
	ENV_LEARNING_RATE: 1e-05
	architecture: LSTM
	features: BERT
	online_simulation_factor: 0
	seed: 2
2024-07-07 10:18:55 INFO About to run command: python StrategyTransfer.py --ENV_HPT_mode=False --ENV_LEARNING_RATE=1e-05 --architecture=LSTM --features=BERT --online_simulation_factor=0 --seed=2
2024-07-07 10:19:00 INFO Running runs: ['94xlr8vq']
2024-07-07 10:55:18 INFO Cleaning up finished run: 94xlr8vq
2024-07-07 10:55:18 INFO Agent received command: run
2024-07-07 10:55:18 INFO Agent starting run with config:
	ENV_HPT_mode: False
	ENV_LEARNING_RATE: 1e-05
	architecture: LSTM
	features: BERT
	online_simulation_factor: 0
	seed: 3
2024-07-07 10:55:18 INFO About to run command: python StrategyTransfer.py --ENV_HPT_mode=False --ENV_LEARNING_RATE=1e-05 --architecture=LSTM --features=BERT --online_simulation_factor=0 --seed=3
2024-07-07 10:55:23 INFO Running runs: ['gnspxdya']
2024-07-07 11:27:49 INFO Cleaning up finished run: gnspxdya
2024-07-07 11:27:50 INFO Agent received command: run
2024-07-07 11:27:50 INFO Agent starting run with config:
	ENV_HPT_mode: False
	ENV_LEARNING_RATE: 1e-05
	architecture: LSTM
	features: BERT
	online_simulation_factor: 0
	seed: 4
2024-07-07 11:27:50 INFO About to run command: python StrategyTransfer.py --ENV_HPT_mode=False --ENV_LEARNING_RATE=1e-05 --architecture=LSTM --features=BERT --online_simulation_factor=0 --seed=4
2024-07-07 11:27:55 INFO Running runs: ['jbkrmooj']
2024-07-07 11:28:05 INFO Cleaning up finished run: jbkrmooj
2024-07-07 11:28:06 INFO Agent received command: run
2024-07-07 11:28:06 INFO Agent starting run with config:
	ENV_HPT_mode: False
	ENV_LEARNING_RATE: 0.001
	architecture: CNN
	features: EFs
	online_simulation_factor: 0
	seed: 0
2024-07-07 11:28:06 INFO About to run command: python StrategyTransfer.py --ENV_HPT_mode=False --ENV_LEARNING_RATE=0.001 --architecture=CNN --features=EFs --online_simulation_factor=0 --seed=0
2024-07-07 11:28:11 INFO Running runs: ['os1c9gro']
2024-07-07 11:28:21 INFO Cleaning up finished run: os1c9gro
2024-07-07 11:28:21 INFO Agent received command: run
2024-07-07 11:28:21 INFO Agent starting run with config:
	ENV_HPT_mode: False
	ENV_LEARNING_RATE: 0.001
	architecture: CNN
	features: EFs
	online_simulation_factor: 0
	seed: 1
2024-07-07 11:28:21 INFO About to run command: python StrategyTransfer.py --ENV_HPT_mode=False --ENV_LEARNING_RATE=0.001 --architecture=CNN --features=EFs --online_simulation_factor=0 --seed=1
2024-07-07 11:28:26 INFO Running runs: ['h5fobgak']
2024-07-07 11:28:37 INFO Cleaning up finished run: h5fobgak
2024-07-07 11:28:37 INFO Agent received command: run
2024-07-07 11:28:37 INFO Agent starting run with config:
	ENV_HPT_mode: False
	ENV_LEARNING_RATE: 0.001
	architecture: CNN
	features: EFs
	online_simulation_factor: 0
	seed: 2
2024-07-07 11:28:37 INFO About to run command: python StrategyTransfer.py --ENV_HPT_mode=False --ENV_LEARNING_RATE=0.001 --architecture=CNN --features=EFs --online_simulation_factor=0 --seed=2
2024-07-07 11:28:42 INFO Running runs: ['k02z4igm']
2024-07-07 11:28:52 INFO Cleaning up finished run: k02z4igm
2024-07-07 11:28:53 INFO Agent received command: run
2024-07-07 11:28:53 INFO Agent starting run with config:
	ENV_HPT_mode: False
	ENV_LEARNING_RATE: 0.001
	architecture: CNN
	features: EFs
	online_simulation_factor: 0
	seed: 3
2024-07-07 11:28:53 INFO About to run command: python StrategyTransfer.py --ENV_HPT_mode=False --ENV_LEARNING_RATE=0.001 --architecture=CNN --features=EFs --online_simulation_factor=0 --seed=3
2024-07-07 11:28:58 INFO Running runs: ['94fodn05']
2024-07-07 11:29:08 INFO Cleaning up finished run: 94fodn05
2024-07-07 11:29:08 INFO Agent received command: run
2024-07-07 11:29:08 INFO Agent starting run with config:
	ENV_HPT_mode: False
	ENV_LEARNING_RATE: 0.001
	architecture: CNN
	features: EFs
	online_simulation_factor: 0
	seed: 4
2024-07-07 11:29:08 INFO About to run command: python StrategyTransfer.py --ENV_HPT_mode=False --ENV_LEARNING_RATE=0.001 --architecture=CNN --features=EFs --online_simulation_factor=0 --seed=4
2024-07-07 11:29:14 INFO Running runs: ['nzfhwcdu']
2024-07-07 11:29:24 INFO Cleaning up finished run: nzfhwcdu
2024-07-07 11:29:24 INFO Agent received command: run
2024-07-07 11:29:24 INFO Agent starting run with config:
	ENV_HPT_mode: False
	ENV_LEARNING_RATE: 0.001
	architecture: CNN
	features: GPT4
	online_simulation_factor: 0
	seed: 0
2024-07-07 11:29:24 INFO About to run command: python StrategyTransfer.py --ENV_HPT_mode=False --ENV_LEARNING_RATE=0.001 --architecture=CNN --features=GPT4 --online_simulation_factor=0 --seed=0
2024-07-07 11:29:29 INFO Running runs: ['wirof95r']
2024-07-07 11:29:40 INFO Cleaning up finished run: wirof95r
2024-07-07 11:29:40 INFO Agent received command: run
2024-07-07 11:29:40 INFO Agent starting run with config:
	ENV_HPT_mode: False
	ENV_LEARNING_RATE: 0.001
	architecture: CNN
	features: GPT4
	online_simulation_factor: 0
	seed: 1
2024-07-07 11:29:40 INFO About to run command: python StrategyTransfer.py --ENV_HPT_mode=False --ENV_LEARNING_RATE=0.001 --architecture=CNN --features=GPT4 --online_simulation_factor=0 --seed=1
2024-07-07 11:29:45 INFO Running runs: ['zpdpghdt']
2024-07-07 11:29:55 INFO Cleaning up finished run: zpdpghdt
2024-07-07 11:29:56 INFO Agent received command: run
2024-07-07 11:29:56 INFO Agent starting run with config:
	ENV_HPT_mode: False
	ENV_LEARNING_RATE: 0.001
	architecture: CNN
	features: GPT4
	online_simulation_factor: 0
	seed: 2
2024-07-07 11:29:56 INFO About to run command: python StrategyTransfer.py --ENV_HPT_mode=False --ENV_LEARNING_RATE=0.001 --architecture=CNN --features=GPT4 --online_simulation_factor=0 --seed=2
2024-07-07 11:30:01 INFO Running runs: ['3gx30ihi']
2024-07-07 11:30:11 INFO Cleaning up finished run: 3gx30ihi
2024-07-07 11:30:11 INFO Agent received command: run
2024-07-07 11:30:11 INFO Agent starting run with config:
	ENV_HPT_mode: False
	ENV_LEARNING_RATE: 0.001
	architecture: CNN
	features: GPT4
	online_simulation_factor: 0
	seed: 3
2024-07-07 11:30:11 INFO About to run command: python StrategyTransfer.py --ENV_HPT_mode=False --ENV_LEARNING_RATE=0.001 --architecture=CNN --features=GPT4 --online_simulation_factor=0 --seed=3
2024-07-07 11:30:16 INFO Running runs: ['msf8jhzw']
2024-07-07 11:30:27 INFO Cleaning up finished run: msf8jhzw
2024-07-07 11:30:27 INFO Agent received command: run
2024-07-07 11:30:27 INFO Agent starting run with config:
	ENV_HPT_mode: False
	ENV_LEARNING_RATE: 0.001
	architecture: CNN
	features: GPT4
	online_simulation_factor: 0
	seed: 4
2024-07-07 11:30:27 INFO About to run command: python StrategyTransfer.py --ENV_HPT_mode=False --ENV_LEARNING_RATE=0.001 --architecture=CNN --features=GPT4 --online_simulation_factor=0 --seed=4
2024-07-07 11:30:32 INFO Running runs: ['u57bquy2']
2024-07-07 11:30:42 INFO Cleaning up finished run: u57bquy2
2024-07-07 11:30:43 INFO Agent received command: run
2024-07-07 11:30:43 INFO Agent starting run with config:
	ENV_HPT_mode: False
	ENV_LEARNING_RATE: 0.001
	architecture: CNN
	features: BERT
	online_simulation_factor: 0
	seed: 0
2024-07-07 11:30:43 INFO About to run command: python StrategyTransfer.py --ENV_HPT_mode=False --ENV_LEARNING_RATE=0.001 --architecture=CNN --features=BERT --online_simulation_factor=0 --seed=0
2024-07-07 11:30:48 INFO Running runs: ['dhblbgy3']
2024-07-07 11:30:58 INFO Cleaning up finished run: dhblbgy3
2024-07-07 11:30:59 INFO Agent received command: run
2024-07-07 11:30:59 INFO Agent starting run with config:
	ENV_HPT_mode: False
	ENV_LEARNING_RATE: 0.001
	architecture: CNN
	features: BERT
	online_simulation_factor: 0
	seed: 1
2024-07-07 11:30:59 INFO About to run command: python StrategyTransfer.py --ENV_HPT_mode=False --ENV_LEARNING_RATE=0.001 --architecture=CNN --features=BERT --online_simulation_factor=0 --seed=1
2024-07-07 11:31:04 INFO Running runs: ['qh4hkpqm']
2024-07-07 11:31:14 INFO Cleaning up finished run: qh4hkpqm
2024-07-07 11:31:14 INFO Agent received command: run
2024-07-07 11:31:14 INFO Agent starting run with config:
	ENV_HPT_mode: False
	ENV_LEARNING_RATE: 0.001
	architecture: CNN
	features: BERT
	online_simulation_factor: 0
	seed: 2
2024-07-07 11:31:14 INFO About to run command: python StrategyTransfer.py --ENV_HPT_mode=False --ENV_LEARNING_RATE=0.001 --architecture=CNN --features=BERT --online_simulation_factor=0 --seed=2
2024-07-07 11:31:19 INFO Running runs: ['aotyvfje']
2024-07-07 11:31:30 INFO Cleaning up finished run: aotyvfje
2024-07-07 11:31:30 INFO Agent received command: run
2024-07-07 11:31:30 INFO Agent starting run with config:
	ENV_HPT_mode: False
	ENV_LEARNING_RATE: 0.001
	architecture: CNN
	features: BERT
	online_simulation_factor: 0
	seed: 3
2024-07-07 11:31:30 INFO About to run command: python StrategyTransfer.py --ENV_HPT_mode=False --ENV_LEARNING_RATE=0.001 --architecture=CNN --features=BERT --online_simulation_factor=0 --seed=3
2024-07-07 11:31:35 INFO Running runs: ['r62ysykp']
2024-07-07 11:31:45 INFO Cleaning up finished run: r62ysykp
2024-07-07 11:31:46 INFO Agent received command: run
2024-07-07 11:31:46 INFO Agent starting run with config:
	ENV_HPT_mode: False
	ENV_LEARNING_RATE: 0.001
	architecture: CNN
	features: BERT
	online_simulation_factor: 0
	seed: 4
2024-07-07 11:31:46 INFO About to run command: python StrategyTransfer.py --ENV_HPT_mode=False --ENV_LEARNING_RATE=0.001 --architecture=CNN --features=BERT --online_simulation_factor=0 --seed=4
2024-07-07 11:31:51 INFO Running runs: ['m3k0c8x6']
2024-07-07 11:32:01 INFO Cleaning up finished run: m3k0c8x6
2024-07-07 11:32:02 INFO Agent received command: run
2024-07-07 11:32:02 INFO Agent starting run with config:
	ENV_HPT_mode: False
	ENV_LEARNING_RATE: 0.001
	architecture: LSTM
	features: EFs
	online_simulation_factor: 0
	seed: 0
2024-07-07 11:32:02 INFO About to run command: python StrategyTransfer.py --ENV_HPT_mode=False --ENV_LEARNING_RATE=0.001 --architecture=LSTM --features=EFs --online_simulation_factor=0 --seed=0
2024-07-07 11:32:07 INFO Running runs: ['pseuh8y7']
2024-07-07 11:32:17 INFO Cleaning up finished run: pseuh8y7
2024-07-07 11:32:17 INFO Agent received command: run
2024-07-07 11:32:17 INFO Agent starting run with config:
	ENV_HPT_mode: False
	ENV_LEARNING_RATE: 0.001
	architecture: LSTM
	features: EFs
	online_simulation_factor: 0
	seed: 1
2024-07-07 11:32:17 INFO About to run command: python StrategyTransfer.py --ENV_HPT_mode=False --ENV_LEARNING_RATE=0.001 --architecture=LSTM --features=EFs --online_simulation_factor=0 --seed=1
2024-07-07 11:32:22 INFO Running runs: ['3cxwtnnh']
2024-07-07 11:32:33 INFO Cleaning up finished run: 3cxwtnnh
2024-07-07 11:32:33 INFO Agent received command: run
2024-07-07 11:32:33 INFO Agent starting run with config:
	ENV_HPT_mode: False
	ENV_LEARNING_RATE: 0.001
	architecture: LSTM
	features: EFs
	online_simulation_factor: 0
	seed: 2
2024-07-07 11:32:33 INFO About to run command: python StrategyTransfer.py --ENV_HPT_mode=False --ENV_LEARNING_RATE=0.001 --architecture=LSTM --features=EFs --online_simulation_factor=0 --seed=2
2024-07-07 11:32:38 INFO Running runs: ['6n77dddq']
2024-07-07 11:32:48 INFO Cleaning up finished run: 6n77dddq
2024-07-07 11:32:49 INFO Agent received command: run
2024-07-07 11:32:49 INFO Agent starting run with config:
	ENV_HPT_mode: False
	ENV_LEARNING_RATE: 0.001
	architecture: LSTM
	features: EFs
	online_simulation_factor: 0
	seed: 3
2024-07-07 11:32:49 INFO About to run command: python StrategyTransfer.py --ENV_HPT_mode=False --ENV_LEARNING_RATE=0.001 --architecture=LSTM --features=EFs --online_simulation_factor=0 --seed=3
2024-07-07 11:32:54 INFO Running runs: ['5g5il8lj']
2024-07-07 11:33:04 INFO Cleaning up finished run: 5g5il8lj
2024-07-07 11:33:04 INFO Agent received command: run
2024-07-07 11:33:04 INFO Agent starting run with config:
	ENV_HPT_mode: False
	ENV_LEARNING_RATE: 0.001
	architecture: LSTM
	features: EFs
	online_simulation_factor: 0
	seed: 4
2024-07-07 11:33:04 INFO About to run command: python StrategyTransfer.py --ENV_HPT_mode=False --ENV_LEARNING_RATE=0.001 --architecture=LSTM --features=EFs --online_simulation_factor=0 --seed=4
2024-07-07 11:33:09 INFO Running runs: ['10hgfcds']
2024-07-07 11:33:20 INFO Cleaning up finished run: 10hgfcds
2024-07-07 11:33:20 INFO Agent received command: run
2024-07-07 11:33:20 INFO Agent starting run with config:
	ENV_HPT_mode: False
	ENV_LEARNING_RATE: 0.001
	architecture: LSTM
	features: GPT4
	online_simulation_factor: 0
	seed: 0
2024-07-07 11:33:20 INFO About to run command: python StrategyTransfer.py --ENV_HPT_mode=False --ENV_LEARNING_RATE=0.001 --architecture=LSTM --features=GPT4 --online_simulation_factor=0 --seed=0
2024-07-07 11:33:25 INFO Running runs: ['brgd6bta']
2024-07-07 11:33:41 INFO Cleaning up finished run: brgd6bta
2024-07-07 11:33:41 INFO Agent received command: run
2024-07-07 11:33:41 INFO Agent starting run with config:
	ENV_HPT_mode: False
	ENV_LEARNING_RATE: 0.001
	architecture: LSTM
	features: GPT4
	online_simulation_factor: 0
	seed: 1
2024-07-07 11:33:41 INFO About to run command: python StrategyTransfer.py --ENV_HPT_mode=False --ENV_LEARNING_RATE=0.001 --architecture=LSTM --features=GPT4 --online_simulation_factor=0 --seed=1
2024-07-07 11:33:46 INFO Running runs: ['1ibtt3ab']
2024-07-07 11:33:57 INFO Cleaning up finished run: 1ibtt3ab
2024-07-07 11:33:57 INFO Agent received command: run
2024-07-07 11:33:57 INFO Agent starting run with config:
	ENV_HPT_mode: False
	ENV_LEARNING_RATE: 0.001
	architecture: LSTM
	features: GPT4
	online_simulation_factor: 0
	seed: 2
2024-07-07 11:33:57 INFO About to run command: python StrategyTransfer.py --ENV_HPT_mode=False --ENV_LEARNING_RATE=0.001 --architecture=LSTM --features=GPT4 --online_simulation_factor=0 --seed=2
2024-07-07 11:34:02 INFO Running runs: ['udnljvpe']
2024-07-07 11:34:12 INFO Cleaning up finished run: udnljvpe
2024-07-07 11:34:13 INFO Agent received command: run
2024-07-07 11:34:13 INFO Agent starting run with config:
	ENV_HPT_mode: False
	ENV_LEARNING_RATE: 0.001
	architecture: LSTM
	features: GPT4
	online_simulation_factor: 0
	seed: 3
2024-07-07 11:34:13 INFO About to run command: python StrategyTransfer.py --ENV_HPT_mode=False --ENV_LEARNING_RATE=0.001 --architecture=LSTM --features=GPT4 --online_simulation_factor=0 --seed=3
2024-07-07 11:34:18 INFO Running runs: ['wuks1n0u']
2024-07-07 11:34:28 INFO Cleaning up finished run: wuks1n0u
2024-07-07 11:34:28 INFO Agent received command: run
2024-07-07 11:34:28 INFO Agent starting run with config:
	ENV_HPT_mode: False
	ENV_LEARNING_RATE: 0.001
	architecture: LSTM
	features: GPT4
	online_simulation_factor: 0
	seed: 4
2024-07-07 11:34:28 INFO About to run command: python StrategyTransfer.py --ENV_HPT_mode=False --ENV_LEARNING_RATE=0.001 --architecture=LSTM --features=GPT4 --online_simulation_factor=0 --seed=4
2024-07-07 11:34:33 INFO Running runs: ['nft322as']
2024-07-07 11:34:44 INFO Cleaning up finished run: nft322as
2024-07-07 11:34:44 INFO Agent received command: run
2024-07-07 11:34:44 INFO Agent starting run with config:
	ENV_HPT_mode: False
	ENV_LEARNING_RATE: 0.001
	architecture: LSTM
	features: BERT
	online_simulation_factor: 0
	seed: 0
2024-07-07 11:34:44 INFO About to run command: python StrategyTransfer.py --ENV_HPT_mode=False --ENV_LEARNING_RATE=0.001 --architecture=LSTM --features=BERT --online_simulation_factor=0 --seed=0
2024-07-07 11:34:49 INFO Running runs: ['499b7aaq']
2024-07-07 11:34:59 INFO Cleaning up finished run: 499b7aaq
2024-07-07 11:35:00 INFO Agent received command: run
2024-07-07 11:35:00 INFO Agent starting run with config:
	ENV_HPT_mode: False
	ENV_LEARNING_RATE: 0.001
	architecture: LSTM
	features: BERT
	online_simulation_factor: 0
	seed: 1
2024-07-07 11:35:00 INFO About to run command: python StrategyTransfer.py --ENV_HPT_mode=False --ENV_LEARNING_RATE=0.001 --architecture=LSTM --features=BERT --online_simulation_factor=0 --seed=1
2024-07-07 11:35:05 INFO Running runs: ['plxg68ev']
2024-07-07 11:35:15 INFO Cleaning up finished run: plxg68ev
2024-07-07 11:35:15 INFO Agent received command: run
2024-07-07 11:35:15 INFO Agent starting run with config:
	ENV_HPT_mode: False
	ENV_LEARNING_RATE: 0.001
	architecture: LSTM
	features: BERT
	online_simulation_factor: 0
	seed: 2
2024-07-07 11:35:15 INFO About to run command: python StrategyTransfer.py --ENV_HPT_mode=False --ENV_LEARNING_RATE=0.001 --architecture=LSTM --features=BERT --online_simulation_factor=0 --seed=2
2024-07-07 11:35:20 INFO Running runs: ['mik4mc8l']
2024-07-07 11:35:31 INFO Cleaning up finished run: mik4mc8l
2024-07-07 11:35:31 INFO Agent received command: run
2024-07-07 11:35:31 INFO Agent starting run with config:
	ENV_HPT_mode: False
	ENV_LEARNING_RATE: 0.001
	architecture: LSTM
	features: BERT
	online_simulation_factor: 0
	seed: 3
2024-07-07 11:35:31 INFO About to run command: python StrategyTransfer.py --ENV_HPT_mode=False --ENV_LEARNING_RATE=0.001 --architecture=LSTM --features=BERT --online_simulation_factor=0 --seed=3
2024-07-07 11:35:36 INFO Running runs: ['24efsmgw']
2024-07-07 11:35:47 INFO Cleaning up finished run: 24efsmgw
2024-07-07 11:35:47 INFO Agent received command: run
2024-07-07 11:35:47 INFO Agent starting run with config:
	ENV_HPT_mode: False
	ENV_LEARNING_RATE: 0.001
	architecture: LSTM
	features: BERT
	online_simulation_factor: 0
	seed: 4
2024-07-07 11:35:47 INFO About to run command: python StrategyTransfer.py --ENV_HPT_mode=False --ENV_LEARNING_RATE=0.001 --architecture=LSTM --features=BERT --online_simulation_factor=0 --seed=4
2024-07-07 11:35:52 INFO Running runs: ['13rcb5o7']
2024-07-07 11:36:02 INFO Cleaning up finished run: 13rcb5o7
2024-07-07 11:36:03 INFO Agent received command: run
2024-07-07 11:36:03 INFO Agent starting run with config:
	ENV_HPT_mode: False
	ENV_LEARNING_RATE: 0.002
	architecture: CNN
	features: EFs
	online_simulation_factor: 0
	seed: 0
2024-07-07 11:36:03 INFO About to run command: python StrategyTransfer.py --ENV_HPT_mode=False --ENV_LEARNING_RATE=0.002 --architecture=CNN --features=EFs --online_simulation_factor=0 --seed=0
2024-07-07 11:36:08 INFO Running runs: ['jr08y7r5']
2024-07-07 11:36:18 INFO Cleaning up finished run: jr08y7r5
2024-07-07 11:36:19 INFO Agent received command: run
2024-07-07 11:36:19 INFO Agent starting run with config:
	ENV_HPT_mode: False
	ENV_LEARNING_RATE: 0.002
	architecture: CNN
	features: EFs
	online_simulation_factor: 0
	seed: 1
2024-07-07 11:36:19 INFO About to run command: python StrategyTransfer.py --ENV_HPT_mode=False --ENV_LEARNING_RATE=0.002 --architecture=CNN --features=EFs --online_simulation_factor=0 --seed=1
2024-07-07 11:36:24 INFO Running runs: ['ispfv37z']
2024-07-07 11:36:34 INFO Cleaning up finished run: ispfv37z
2024-07-07 11:36:34 INFO Agent received command: run
2024-07-07 11:36:34 INFO Agent starting run with config:
	ENV_HPT_mode: False
	ENV_LEARNING_RATE: 0.002
	architecture: CNN
	features: EFs
	online_simulation_factor: 0
	seed: 2
2024-07-07 11:36:34 INFO About to run command: python StrategyTransfer.py --ENV_HPT_mode=False --ENV_LEARNING_RATE=0.002 --architecture=CNN --features=EFs --online_simulation_factor=0 --seed=2
2024-07-07 11:36:39 INFO Running runs: ['7dfzkt8q']
2024-07-07 11:36:50 INFO Cleaning up finished run: 7dfzkt8q
2024-07-07 11:36:50 INFO Agent received command: run
2024-07-07 11:36:50 INFO Agent starting run with config:
	ENV_HPT_mode: False
	ENV_LEARNING_RATE: 0.002
	architecture: CNN
	features: EFs
	online_simulation_factor: 0
	seed: 3
2024-07-07 11:36:50 INFO About to run command: python StrategyTransfer.py --ENV_HPT_mode=False --ENV_LEARNING_RATE=0.002 --architecture=CNN --features=EFs --online_simulation_factor=0 --seed=3
2024-07-07 11:36:55 INFO Running runs: ['270bbmm7']
2024-07-07 11:37:05 INFO Cleaning up finished run: 270bbmm7
2024-07-07 11:37:06 INFO Agent received command: run
2024-07-07 11:37:06 INFO Agent starting run with config:
	ENV_HPT_mode: False
	ENV_LEARNING_RATE: 0.002
	architecture: CNN
	features: EFs
	online_simulation_factor: 0
	seed: 4
2024-07-07 11:37:06 INFO About to run command: python StrategyTransfer.py --ENV_HPT_mode=False --ENV_LEARNING_RATE=0.002 --architecture=CNN --features=EFs --online_simulation_factor=0 --seed=4
2024-07-07 11:37:11 INFO Running runs: ['2zmu3pig']
2024-07-07 11:37:21 INFO Cleaning up finished run: 2zmu3pig
2024-07-07 11:37:22 INFO Agent received command: run
2024-07-07 11:37:22 INFO Agent starting run with config:
	ENV_HPT_mode: False
	ENV_LEARNING_RATE: 0.002
	architecture: CNN
	features: GPT4
	online_simulation_factor: 0
	seed: 0
2024-07-07 11:37:22 INFO About to run command: python StrategyTransfer.py --ENV_HPT_mode=False --ENV_LEARNING_RATE=0.002 --architecture=CNN --features=GPT4 --online_simulation_factor=0 --seed=0
2024-07-07 11:37:27 INFO Running runs: ['v66blydh']
2024-07-07 11:37:42 INFO Cleaning up finished run: v66blydh
2024-07-07 11:37:42 INFO Agent received command: run
2024-07-07 11:37:42 INFO Agent starting run with config:
	ENV_HPT_mode: False
	ENV_LEARNING_RATE: 0.002
	architecture: CNN
	features: GPT4
	online_simulation_factor: 0
	seed: 1
2024-07-07 11:37:42 INFO About to run command: python StrategyTransfer.py --ENV_HPT_mode=False --ENV_LEARNING_RATE=0.002 --architecture=CNN --features=GPT4 --online_simulation_factor=0 --seed=1
2024-07-07 11:37:47 INFO Running runs: ['flff6hfi']
2024-07-07 11:37:58 INFO Cleaning up finished run: flff6hfi
2024-07-07 11:37:58 INFO Agent received command: run
2024-07-07 11:37:58 INFO Agent starting run with config:
	ENV_HPT_mode: False
	ENV_LEARNING_RATE: 0.002
	architecture: CNN
	features: GPT4
	online_simulation_factor: 0
	seed: 2
2024-07-07 11:37:58 INFO About to run command: python StrategyTransfer.py --ENV_HPT_mode=False --ENV_LEARNING_RATE=0.002 --architecture=CNN --features=GPT4 --online_simulation_factor=0 --seed=2
2024-07-07 11:38:03 INFO Running runs: ['jc5agmxw']
2024-07-07 11:38:14 INFO Cleaning up finished run: jc5agmxw
2024-07-07 11:38:14 INFO Agent received command: run
2024-07-07 11:38:14 INFO Agent starting run with config:
	ENV_HPT_mode: False
	ENV_LEARNING_RATE: 0.002
	architecture: CNN
	features: GPT4
	online_simulation_factor: 0
	seed: 3
2024-07-07 11:38:14 INFO About to run command: python StrategyTransfer.py --ENV_HPT_mode=False --ENV_LEARNING_RATE=0.002 --architecture=CNN --features=GPT4 --online_simulation_factor=0 --seed=3
2024-07-07 11:38:19 INFO Running runs: ['v685qjxh']
2024-07-07 11:38:34 INFO Cleaning up finished run: v685qjxh
2024-07-07 11:38:35 INFO Agent received command: run
2024-07-07 11:38:35 INFO Agent starting run with config:
	ENV_HPT_mode: False
	ENV_LEARNING_RATE: 0.002
	architecture: CNN
	features: GPT4
	online_simulation_factor: 0
	seed: 4
2024-07-07 11:38:35 INFO About to run command: python StrategyTransfer.py --ENV_HPT_mode=False --ENV_LEARNING_RATE=0.002 --architecture=CNN --features=GPT4 --online_simulation_factor=0 --seed=4
2024-07-07 11:38:40 INFO Running runs: ['am3ad2k3']
2024-07-07 11:38:55 INFO Cleaning up finished run: am3ad2k3
2024-07-07 11:38:56 INFO Agent received command: run
2024-07-07 11:38:56 INFO Agent starting run with config:
	ENV_HPT_mode: False
	ENV_LEARNING_RATE: 0.002
	architecture: CNN
	features: BERT
	online_simulation_factor: 0
	seed: 0
2024-07-07 11:38:56 INFO About to run command: python StrategyTransfer.py --ENV_HPT_mode=False --ENV_LEARNING_RATE=0.002 --architecture=CNN --features=BERT --online_simulation_factor=0 --seed=0
2024-07-07 11:39:01 INFO Running runs: ['hmh8hsxi']
2024-07-07 11:39:17 INFO Cleaning up finished run: hmh8hsxi
2024-07-07 11:39:17 INFO Agent received command: run
2024-07-07 11:39:17 INFO Agent starting run with config:
	ENV_HPT_mode: False
	ENV_LEARNING_RATE: 0.002
	architecture: CNN
	features: BERT
	online_simulation_factor: 0
	seed: 1
2024-07-07 11:39:17 INFO About to run command: python StrategyTransfer.py --ENV_HPT_mode=False --ENV_LEARNING_RATE=0.002 --architecture=CNN --features=BERT --online_simulation_factor=0 --seed=1
2024-07-07 11:39:22 INFO Running runs: ['n4yrx0ns']
2024-07-07 11:39:38 INFO Cleaning up finished run: n4yrx0ns
2024-07-07 11:39:38 INFO Agent received command: run
2024-07-07 11:39:38 INFO Agent starting run with config:
	ENV_HPT_mode: False
	ENV_LEARNING_RATE: 0.002
	architecture: CNN
	features: BERT
	online_simulation_factor: 0
	seed: 2
2024-07-07 11:39:38 INFO About to run command: python StrategyTransfer.py --ENV_HPT_mode=False --ENV_LEARNING_RATE=0.002 --architecture=CNN --features=BERT --online_simulation_factor=0 --seed=2
2024-07-07 11:39:43 INFO Running runs: ['lr6zc0bz']
2024-07-07 11:39:58 INFO Cleaning up finished run: lr6zc0bz
2024-07-07 11:39:59 INFO Agent received command: run
2024-07-07 11:39:59 INFO Agent starting run with config:
	ENV_HPT_mode: False
	ENV_LEARNING_RATE: 0.002
	architecture: CNN
	features: BERT
	online_simulation_factor: 0
	seed: 3
2024-07-07 11:39:59 INFO About to run command: python StrategyTransfer.py --ENV_HPT_mode=False --ENV_LEARNING_RATE=0.002 --architecture=CNN --features=BERT --online_simulation_factor=0 --seed=3
2024-07-07 11:40:04 INFO Running runs: ['44ge6bdm']
2024-07-07 11:40:19 INFO Cleaning up finished run: 44ge6bdm
2024-07-07 11:40:20 INFO Agent received command: run
2024-07-07 11:40:20 INFO Agent starting run with config:
	ENV_HPT_mode: False
	ENV_LEARNING_RATE: 0.002
	architecture: CNN
	features: BERT
	online_simulation_factor: 0
	seed: 4
2024-07-07 11:40:20 INFO About to run command: python StrategyTransfer.py --ENV_HPT_mode=False --ENV_LEARNING_RATE=0.002 --architecture=CNN --features=BERT --online_simulation_factor=0 --seed=4
2024-07-07 11:40:25 INFO Running runs: ['qedvxfs1']
2024-07-07 11:40:40 INFO Cleaning up finished run: qedvxfs1
2024-07-07 11:40:41 INFO Agent received command: run
2024-07-07 11:40:41 INFO Agent starting run with config:
	ENV_HPT_mode: False
	ENV_LEARNING_RATE: 0.002
	architecture: LSTM
	features: EFs
	online_simulation_factor: 0
	seed: 0
2024-07-07 11:40:41 INFO About to run command: python StrategyTransfer.py --ENV_HPT_mode=False --ENV_LEARNING_RATE=0.002 --architecture=LSTM --features=EFs --online_simulation_factor=0 --seed=0
2024-07-07 11:40:46 INFO Running runs: ['tyufytha']
2024-07-07 11:41:07 INFO Cleaning up finished run: tyufytha
2024-07-07 11:41:07 INFO Agent received command: run
2024-07-07 11:41:07 INFO Agent starting run with config:
	ENV_HPT_mode: False
	ENV_LEARNING_RATE: 0.002
	architecture: LSTM
	features: EFs
	online_simulation_factor: 0
	seed: 1
2024-07-07 11:41:07 INFO About to run command: python StrategyTransfer.py --ENV_HPT_mode=False --ENV_LEARNING_RATE=0.002 --architecture=LSTM --features=EFs --online_simulation_factor=0 --seed=1
2024-07-07 11:41:12 INFO Running runs: ['0kabqqol']
2024-07-07 11:41:22 INFO Cleaning up finished run: 0kabqqol
2024-07-07 11:41:23 INFO Agent received command: run
2024-07-07 11:41:23 INFO Agent starting run with config:
	ENV_HPT_mode: False
	ENV_LEARNING_RATE: 0.002
	architecture: LSTM
	features: EFs
	online_simulation_factor: 0
	seed: 2
2024-07-07 11:41:23 INFO About to run command: python StrategyTransfer.py --ENV_HPT_mode=False --ENV_LEARNING_RATE=0.002 --architecture=LSTM --features=EFs --online_simulation_factor=0 --seed=2
2024-07-07 11:41:28 INFO Running runs: ['emcxtzlo']
2024-07-07 11:41:38 INFO Cleaning up finished run: emcxtzlo
2024-07-07 11:41:38 INFO Agent received command: run
2024-07-07 11:41:38 INFO Agent starting run with config:
	ENV_HPT_mode: False
	ENV_LEARNING_RATE: 0.002
	architecture: LSTM
	features: EFs
	online_simulation_factor: 0
	seed: 3
2024-07-07 11:41:38 INFO About to run command: python StrategyTransfer.py --ENV_HPT_mode=False --ENV_LEARNING_RATE=0.002 --architecture=LSTM --features=EFs --online_simulation_factor=0 --seed=3
2024-07-07 11:41:43 INFO Running runs: ['awyibz4x']
2024-07-07 11:41:54 INFO Cleaning up finished run: awyibz4x
2024-07-07 11:41:54 INFO Agent received command: run
2024-07-07 11:41:54 INFO Agent starting run with config:
	ENV_HPT_mode: False
	ENV_LEARNING_RATE: 0.002
	architecture: LSTM
	features: EFs
	online_simulation_factor: 0
	seed: 4
2024-07-07 11:41:54 INFO About to run command: python StrategyTransfer.py --ENV_HPT_mode=False --ENV_LEARNING_RATE=0.002 --architecture=LSTM --features=EFs --online_simulation_factor=0 --seed=4
2024-07-07 11:41:59 INFO Running runs: ['w6l84gnt']
2024-07-07 11:42:09 INFO Cleaning up finished run: w6l84gnt
2024-07-07 11:42:10 INFO Agent received command: run
2024-07-07 11:42:10 INFO Agent starting run with config:
	ENV_HPT_mode: False
	ENV_LEARNING_RATE: 0.002
	architecture: LSTM
	features: GPT4
	online_simulation_factor: 0
	seed: 0
2024-07-07 11:42:10 INFO About to run command: python StrategyTransfer.py --ENV_HPT_mode=False --ENV_LEARNING_RATE=0.002 --architecture=LSTM --features=GPT4 --online_simulation_factor=0 --seed=0
2024-07-07 11:42:15 INFO Running runs: ['18quz2xz']
2024-07-07 11:42:26 INFO Cleaning up finished run: 18quz2xz
2024-07-07 11:42:26 INFO Agent received command: run
2024-07-07 11:42:26 INFO Agent starting run with config:
	ENV_HPT_mode: False
	ENV_LEARNING_RATE: 0.002
	architecture: LSTM
	features: GPT4
	online_simulation_factor: 0
	seed: 1
2024-07-07 11:42:26 INFO About to run command: python StrategyTransfer.py --ENV_HPT_mode=False --ENV_LEARNING_RATE=0.002 --architecture=LSTM --features=GPT4 --online_simulation_factor=0 --seed=1
2024-07-07 11:42:31 INFO Running runs: ['toa7gmku']
2024-07-07 11:42:41 INFO Cleaning up finished run: toa7gmku
2024-07-07 11:42:42 INFO Agent received command: run
2024-07-07 11:42:42 INFO Agent starting run with config:
	ENV_HPT_mode: False
	ENV_LEARNING_RATE: 0.002
	architecture: LSTM
	features: GPT4
	online_simulation_factor: 0
	seed: 2
2024-07-07 11:42:42 INFO About to run command: python StrategyTransfer.py --ENV_HPT_mode=False --ENV_LEARNING_RATE=0.002 --architecture=LSTM --features=GPT4 --online_simulation_factor=0 --seed=2
2024-07-07 11:42:47 INFO Running runs: ['zscersmc']
2024-07-07 11:42:57 INFO Cleaning up finished run: zscersmc
2024-07-07 11:42:57 INFO Agent received command: run
2024-07-07 11:42:57 INFO Agent starting run with config:
	ENV_HPT_mode: False
	ENV_LEARNING_RATE: 0.002
	architecture: LSTM
	features: GPT4
	online_simulation_factor: 0
	seed: 3
2024-07-07 11:42:57 INFO About to run command: python StrategyTransfer.py --ENV_HPT_mode=False --ENV_LEARNING_RATE=0.002 --architecture=LSTM --features=GPT4 --online_simulation_factor=0 --seed=3
2024-07-07 11:43:02 INFO Running runs: ['6ppxwdw5']
2024-07-07 11:43:13 INFO Cleaning up finished run: 6ppxwdw5
2024-07-07 11:43:13 INFO Agent received command: run
2024-07-07 11:43:13 INFO Agent starting run with config:
	ENV_HPT_mode: False
	ENV_LEARNING_RATE: 0.002
	architecture: LSTM
	features: GPT4
	online_simulation_factor: 0
	seed: 4
2024-07-07 11:43:13 INFO About to run command: python StrategyTransfer.py --ENV_HPT_mode=False --ENV_LEARNING_RATE=0.002 --architecture=LSTM --features=GPT4 --online_simulation_factor=0 --seed=4
2024-07-07 11:43:18 INFO Running runs: ['pz2sq9dx']
2024-07-07 11:43:28 INFO Cleaning up finished run: pz2sq9dx
2024-07-07 11:43:29 INFO Agent received command: run
2024-07-07 11:43:29 INFO Agent starting run with config:
	ENV_HPT_mode: False
	ENV_LEARNING_RATE: 0.002
	architecture: LSTM
	features: BERT
	online_simulation_factor: 0
	seed: 0
2024-07-07 11:43:29 INFO About to run command: python StrategyTransfer.py --ENV_HPT_mode=False --ENV_LEARNING_RATE=0.002 --architecture=LSTM --features=BERT --online_simulation_factor=0 --seed=0
2024-07-07 11:43:34 INFO Running runs: ['bc6hgr1y']
2024-07-07 11:43:44 INFO Cleaning up finished run: bc6hgr1y
2024-07-07 11:43:45 INFO Agent received command: run
2024-07-07 11:43:45 INFO Agent starting run with config:
	ENV_HPT_mode: False
	ENV_LEARNING_RATE: 0.002
	architecture: LSTM
	features: BERT
	online_simulation_factor: 0
	seed: 1
2024-07-07 11:43:45 INFO About to run command: python StrategyTransfer.py --ENV_HPT_mode=False --ENV_LEARNING_RATE=0.002 --architecture=LSTM --features=BERT --online_simulation_factor=0 --seed=1
2024-07-07 11:43:50 INFO Running runs: ['tf7hcnm8']
2024-07-07 11:44:00 INFO Cleaning up finished run: tf7hcnm8
2024-07-07 11:44:00 INFO Agent received command: run
2024-07-07 11:44:00 INFO Agent starting run with config:
	ENV_HPT_mode: False
	ENV_LEARNING_RATE: 0.002
	architecture: LSTM
	features: BERT
	online_simulation_factor: 0
	seed: 2
2024-07-07 11:44:00 INFO About to run command: python StrategyTransfer.py --ENV_HPT_mode=False --ENV_LEARNING_RATE=0.002 --architecture=LSTM --features=BERT --online_simulation_factor=0 --seed=2
2024-07-07 11:44:05 INFO Running runs: ['rw0c1wvl']
2024-07-07 11:44:16 INFO Cleaning up finished run: rw0c1wvl
2024-07-07 11:44:16 INFO Agent received command: run
2024-07-07 11:44:16 INFO Agent starting run with config:
	ENV_HPT_mode: False
	ENV_LEARNING_RATE: 0.002
	architecture: LSTM
	features: BERT
	online_simulation_factor: 0
	seed: 3
2024-07-07 11:44:16 INFO About to run command: python StrategyTransfer.py --ENV_HPT_mode=False --ENV_LEARNING_RATE=0.002 --architecture=LSTM --features=BERT --online_simulation_factor=0 --seed=3
2024-07-07 11:44:21 INFO Running runs: ['8y93m2fp']
2024-07-07 11:44:37 INFO Cleaning up finished run: 8y93m2fp
2024-07-07 11:44:37 INFO Agent received command: run
2024-07-07 11:44:37 INFO Agent starting run with config:
	ENV_HPT_mode: False
	ENV_LEARNING_RATE: 0.002
	architecture: LSTM
	features: BERT
	online_simulation_factor: 0
	seed: 4
2024-07-07 11:44:37 INFO About to run command: python StrategyTransfer.py --ENV_HPT_mode=False --ENV_LEARNING_RATE=0.002 --architecture=LSTM --features=BERT --online_simulation_factor=0 --seed=4
2024-07-07 11:44:42 INFO Running runs: ['nr4yja4k']
2024-07-07 11:44:57 INFO Cleaning up finished run: nr4yja4k
2024-07-07 11:44:58 INFO Agent received command: exit
2024-07-07 11:44:58 INFO Received exit command. Killing runs and quitting.
2024-07-07 12:30:20 INFO Running runs: []
2024-07-07 12:33:37 INFO Running runs: []
2024-07-07 12:41:15 INFO Running runs: []
2024-07-07 12:55:32 INFO Running runs: []
2024-07-07 13:00:20 INFO Running runs: []
2024-07-07 13:02:16 INFO Running runs: []
2024-07-07 13:03:57 INFO Running runs: []
2024-07-07 13:03:57 INFO Agent received command: run
2024-07-07 13:03:57 INFO Agent starting run with config:
	ENV_HPT_mode: False
	ENV_LEARNING_RATE: 0.001
	architecture: CNN
	features: EFs
	offline_train_test_datasets: key_word_tagging
	online_simulation_factor: 0
	seed: 4
2024-07-07 13:03:57 INFO About to run command: python StrategyTransfer.py --ENV_HPT_mode=False --ENV_LEARNING_RATE=0.001 --architecture=CNN --features=EFs --offline_train_test_datasets=key_word_tagging --online_simulation_factor=0 --seed=4
2024-07-07 13:04:02 INFO Running runs: ['qc74phnq']
2024-07-07 13:07:36 INFO Running runs: []
2024-07-07 13:07:36 INFO Agent received command: run
2024-07-07 13:07:36 INFO Agent starting run with config:
	ENV_HPT_mode: False
	ENV_LEARNING_RATE: 0.001
	architecture: CNN
	features: EFs
	offline_train_test_datasets: LLM_tagged
	online_simulation_factor: 0
	seed: 4
2024-07-07 13:07:36 INFO About to run command: python StrategyTransfer.py --ENV_HPT_mode=False --ENV_LEARNING_RATE=0.001 --architecture=CNN --features=EFs --offline_train_test_datasets=LLM_tagged --online_simulation_factor=0 --seed=4
2024-07-07 13:07:41 INFO Running runs: ['c0lkv9wb']
2024-07-07 13:25:08 INFO Running runs: []
2024-07-07 13:25:08 INFO Agent received command: run
2024-07-07 13:25:08 INFO Agent starting run with config:
	ENV_HPT_mode: False
	ENV_LEARNING_RATE: 0.001
	architecture: CNN
	features: EFs
	offline_train_test_datasets: key_word_tagging
	online_simulation_factor: 0
	seed: 4
2024-07-07 13:25:08 INFO About to run command: python StrategyTransfer.py --ENV_HPT_mode=False --ENV_LEARNING_RATE=0.001 --architecture=CNN --features=EFs --offline_train_test_datasets=key_word_tagging --online_simulation_factor=0 --seed=4
2024-07-07 13:25:13 INFO Running runs: ['iyaiimj8']
2024-07-07 13:55:35 INFO Cleaning up finished run: iyaiimj8
2024-07-07 13:55:41 INFO Agent received command: run
2024-07-07 13:55:41 INFO Agent starting run with config:
	ENV_HPT_mode: False
	ENV_LEARNING_RATE: 0.001
	architecture: CNN
	features: EFs
	offline_train_test_datasets: transformer_tagged
	online_simulation_factor: 0
	seed: 2
2024-07-07 13:55:41 INFO About to run command: python StrategyTransfer.py --ENV_HPT_mode=False --ENV_LEARNING_RATE=0.001 --architecture=CNN --features=EFs --offline_train_test_datasets=transformer_tagged --online_simulation_factor=0 --seed=2
2024-07-07 13:55:46 INFO Running runs: ['x4bcldgc']
2024-07-07 14:31:18 INFO Cleaning up finished run: x4bcldgc
2024-07-07 14:31:18 INFO Agent received command: run
2024-07-07 14:31:18 INFO Agent starting run with config:
	ENV_HPT_mode: False
	ENV_LEARNING_RATE: 0.001
	architecture: CNN
	features: EFs
	offline_train_test_datasets: key_word_tagging
	online_simulation_factor: 0
	seed: 0
2024-07-07 14:31:18 INFO About to run command: python StrategyTransfer.py --ENV_HPT_mode=False --ENV_LEARNING_RATE=0.001 --architecture=CNN --features=EFs --offline_train_test_datasets=key_word_tagging --online_simulation_factor=0 --seed=0
2024-07-07 14:31:23 INFO Running runs: ['iab2q3ei']
2024-07-07 15:15:27 INFO Cleaning up finished run: iab2q3ei
2024-07-07 15:15:27 INFO Agent received command: run
2024-07-07 15:15:27 INFO Agent starting run with config:
	ENV_HPT_mode: False
	ENV_LEARNING_RATE: 0.001
	architecture: CNN
	features: EFs
	offline_train_test_datasets: key_word_tagging
	online_simulation_factor: 0
	seed: 2
2024-07-07 15:15:27 INFO About to run command: python StrategyTransfer.py --ENV_HPT_mode=False --ENV_LEARNING_RATE=0.001 --architecture=CNN --features=EFs --offline_train_test_datasets=key_word_tagging --online_simulation_factor=0 --seed=2
2024-07-07 15:15:32 INFO Running runs: ['y2mincvi']
2024-07-07 15:59:43 INFO Cleaning up finished run: y2mincvi
2024-07-07 15:59:43 INFO Agent received command: run
2024-07-07 15:59:43 INFO Agent starting run with config:
	ENV_HPT_mode: False
	ENV_LEARNING_RATE: 0.001
	architecture: CNN
	features: EFs
	offline_train_test_datasets: transformer_tagged
	online_simulation_factor: 0
	seed: 0
2024-07-07 15:59:43 INFO About to run command: python StrategyTransfer.py --ENV_HPT_mode=False --ENV_LEARNING_RATE=0.001 --architecture=CNN --features=EFs --offline_train_test_datasets=transformer_tagged --online_simulation_factor=0 --seed=0
2024-07-07 15:59:48 INFO Running runs: ['fm405sxw']
2024-07-07 16:44:04 INFO Cleaning up finished run: fm405sxw
2024-07-07 16:44:04 INFO Agent received command: run
2024-07-07 16:44:04 INFO Agent starting run with config:
	ENV_HPT_mode: False
	ENV_LEARNING_RATE: 0.001
	architecture: CNN
	features: EFs
	offline_train_test_datasets: transformer_tagged
	online_simulation_factor: 0
	seed: 4
2024-07-07 16:44:04 INFO About to run command: python StrategyTransfer.py --ENV_HPT_mode=False --ENV_LEARNING_RATE=0.001 --architecture=CNN --features=EFs --offline_train_test_datasets=transformer_tagged --online_simulation_factor=0 --seed=4
2024-07-07 16:44:09 INFO Running runs: ['yi2erwsy']
2024-07-07 17:30:11 INFO Cleaning up finished run: yi2erwsy
2024-07-07 17:30:12 INFO Agent received command: run
2024-07-07 17:30:12 INFO Agent starting run with config:
	ENV_HPT_mode: False
	ENV_LEARNING_RATE: 0.001
	architecture: CNN
	features: GPT4
	offline_train_test_datasets: key_word_tagging
	online_simulation_factor: 0
	seed: 0
2024-07-07 17:30:12 INFO About to run command: python StrategyTransfer.py --ENV_HPT_mode=False --ENV_LEARNING_RATE=0.001 --architecture=CNN --features=GPT4 --offline_train_test_datasets=key_word_tagging --online_simulation_factor=0 --seed=0
2024-07-07 17:30:17 INFO Running runs: ['u71wcsf4']
2024-07-07 18:13:42 INFO Cleaning up finished run: u71wcsf4
2024-07-07 18:13:42 INFO Agent received command: run
2024-07-07 18:13:42 INFO Agent starting run with config:
	ENV_HPT_mode: False
	ENV_LEARNING_RATE: 0.001
	architecture: CNN
	features: GPT4
	offline_train_test_datasets: key_word_tagging
	online_simulation_factor: 0
	seed: 2
2024-07-07 18:13:42 INFO About to run command: python StrategyTransfer.py --ENV_HPT_mode=False --ENV_LEARNING_RATE=0.001 --architecture=CNN --features=GPT4 --offline_train_test_datasets=key_word_tagging --online_simulation_factor=0 --seed=2
2024-07-07 18:13:47 INFO Running runs: ['qrqdqprj']
2024-07-07 18:49:42 INFO Cleaning up finished run: qrqdqprj
2024-07-07 18:49:42 INFO Agent received command: run
2024-07-07 18:49:42 INFO Agent starting run with config:
	ENV_HPT_mode: False
	ENV_LEARNING_RATE: 0.001
	architecture: CNN
	features: GPT4
	offline_train_test_datasets: key_word_tagging
	online_simulation_factor: 0
	seed: 4
2024-07-07 18:49:42 INFO About to run command: python StrategyTransfer.py --ENV_HPT_mode=False --ENV_LEARNING_RATE=0.001 --architecture=CNN --features=GPT4 --offline_train_test_datasets=key_word_tagging --online_simulation_factor=0 --seed=4
2024-07-07 18:49:47 INFO Running runs: ['ftq5jcc0']
2024-07-07 19:25:10 INFO Cleaning up finished run: ftq5jcc0
2024-07-07 19:25:11 INFO Agent received command: run
2024-07-07 19:25:11 INFO Agent starting run with config:
	ENV_HPT_mode: False
	ENV_LEARNING_RATE: 0.001
	architecture: CNN
	features: GPT4
	offline_train_test_datasets: transformer_tagged
	online_simulation_factor: 0
	seed: 0
2024-07-07 19:25:11 INFO About to run command: python StrategyTransfer.py --ENV_HPT_mode=False --ENV_LEARNING_RATE=0.001 --architecture=CNN --features=GPT4 --offline_train_test_datasets=transformer_tagged --online_simulation_factor=0 --seed=0
2024-07-07 19:25:16 INFO Running runs: ['8314mr53']
2024-07-07 20:00:30 INFO Cleaning up finished run: 8314mr53
2024-07-07 20:00:38 INFO Agent received command: run
2024-07-07 20:00:38 INFO Agent starting run with config:
	ENV_HPT_mode: False
	ENV_LEARNING_RATE: 0.001
	architecture: CNN
	features: GPT4
	offline_train_test_datasets: transformer_tagged
	online_simulation_factor: 0
	seed: 2
2024-07-07 20:00:38 INFO About to run command: python StrategyTransfer.py --ENV_HPT_mode=False --ENV_LEARNING_RATE=0.001 --architecture=CNN --features=GPT4 --offline_train_test_datasets=transformer_tagged --online_simulation_factor=0 --seed=2
2024-07-07 20:00:43 INFO Running runs: ['m71okj3f']
2024-07-07 20:38:21 INFO Cleaning up finished run: m71okj3f
2024-07-07 20:38:21 INFO Agent received command: run
2024-07-07 20:38:21 INFO Agent starting run with config:
	ENV_HPT_mode: False
	ENV_LEARNING_RATE: 0.001
	architecture: CNN
	features: GPT4
	offline_train_test_datasets: transformer_tagged
	online_simulation_factor: 0
	seed: 4
2024-07-07 20:38:21 INFO About to run command: python StrategyTransfer.py --ENV_HPT_mode=False --ENV_LEARNING_RATE=0.001 --architecture=CNN --features=GPT4 --offline_train_test_datasets=transformer_tagged --online_simulation_factor=0 --seed=4
2024-07-07 20:38:26 INFO Running runs: ['zrqxbrfc']
2024-07-07 21:08:21 INFO Cleaning up finished run: zrqxbrfc
2024-07-07 21:08:22 INFO Agent received command: run
2024-07-07 21:08:22 INFO Agent starting run with config:
	ENV_HPT_mode: False
	ENV_LEARNING_RATE: 0.001
	architecture: CNN
	features: BERT
	offline_train_test_datasets: key_word_tagging
	online_simulation_factor: 0
	seed: 0
2024-07-07 21:08:22 INFO About to run command: python StrategyTransfer.py --ENV_HPT_mode=False --ENV_LEARNING_RATE=0.001 --architecture=CNN --features=BERT --offline_train_test_datasets=key_word_tagging --online_simulation_factor=0 --seed=0
2024-07-07 21:08:27 INFO Running runs: ['za27ah4c']
2024-07-07 21:37:20 INFO Cleaning up finished run: za27ah4c
2024-07-07 21:37:20 INFO Agent received command: run
2024-07-07 21:37:20 INFO Agent starting run with config:
	ENV_HPT_mode: False
	ENV_LEARNING_RATE: 0.001
	architecture: CNN
	features: BERT
	offline_train_test_datasets: key_word_tagging
	online_simulation_factor: 0
	seed: 2
2024-07-07 21:37:20 INFO About to run command: python StrategyTransfer.py --ENV_HPT_mode=False --ENV_LEARNING_RATE=0.001 --architecture=CNN --features=BERT --offline_train_test_datasets=key_word_tagging --online_simulation_factor=0 --seed=2
2024-07-07 21:37:25 INFO Running runs: ['63cmfwoj']
2024-07-07 22:10:20 INFO Cleaning up finished run: 63cmfwoj
2024-07-07 22:10:20 INFO Agent received command: run
2024-07-07 22:10:20 INFO Agent starting run with config:
	ENV_HPT_mode: False
	ENV_LEARNING_RATE: 0.001
	architecture: CNN
	features: BERT
	offline_train_test_datasets: key_word_tagging
	online_simulation_factor: 0
	seed: 4
2024-07-07 22:10:20 INFO About to run command: python StrategyTransfer.py --ENV_HPT_mode=False --ENV_LEARNING_RATE=0.001 --architecture=CNN --features=BERT --offline_train_test_datasets=key_word_tagging --online_simulation_factor=0 --seed=4
2024-07-07 22:10:25 INFO Running runs: ['5mx29vpm']
2024-07-07 22:40:10 INFO Cleaning up finished run: 5mx29vpm
2024-07-07 22:40:10 INFO Agent received command: run
2024-07-07 22:40:10 INFO Agent starting run with config:
	ENV_HPT_mode: False
	ENV_LEARNING_RATE: 0.001
	architecture: CNN
	features: BERT
	offline_train_test_datasets: transformer_tagged
	online_simulation_factor: 0
	seed: 0
2024-07-07 22:40:10 INFO About to run command: python StrategyTransfer.py --ENV_HPT_mode=False --ENV_LEARNING_RATE=0.001 --architecture=CNN --features=BERT --offline_train_test_datasets=transformer_tagged --online_simulation_factor=0 --seed=0
2024-07-07 22:40:15 INFO Running runs: ['skvq06z3']
2024-07-07 23:16:24 INFO Cleaning up finished run: skvq06z3
2024-07-07 23:16:25 INFO Agent received command: run
2024-07-07 23:16:25 INFO Agent starting run with config:
	ENV_HPT_mode: False
	ENV_LEARNING_RATE: 0.001
	architecture: CNN
	features: BERT
	offline_train_test_datasets: transformer_tagged
	online_simulation_factor: 0
	seed: 2
2024-07-07 23:16:25 INFO About to run command: python StrategyTransfer.py --ENV_HPT_mode=False --ENV_LEARNING_RATE=0.001 --architecture=CNN --features=BERT --offline_train_test_datasets=transformer_tagged --online_simulation_factor=0 --seed=2
2024-07-07 23:16:30 INFO Running runs: ['eqkk5bf8']
2024-07-08 00:02:40 INFO Cleaning up finished run: eqkk5bf8
2024-07-08 00:02:40 INFO Agent received command: run
2024-07-08 00:02:40 INFO Agent starting run with config:
	ENV_HPT_mode: False
	ENV_LEARNING_RATE: 0.001
	architecture: CNN
	features: BERT
	offline_train_test_datasets: transformer_tagged
	online_simulation_factor: 0
	seed: 4
2024-07-08 00:02:40 INFO About to run command: python StrategyTransfer.py --ENV_HPT_mode=False --ENV_LEARNING_RATE=0.001 --architecture=CNN --features=BERT --offline_train_test_datasets=transformer_tagged --online_simulation_factor=0 --seed=4
2024-07-08 00:02:45 INFO Running runs: ['vxkxetg3']
2024-07-08 00:40:54 INFO Cleaning up finished run: vxkxetg3
2024-07-08 00:40:54 INFO Agent received command: run
2024-07-08 00:40:54 INFO Agent starting run with config:
	ENV_HPT_mode: False
	ENV_LEARNING_RATE: 0.001
	architecture: LSTM
	features: EFs
	offline_train_test_datasets: key_word_tagging
	online_simulation_factor: 0
	seed: 0
2024-07-08 00:40:54 INFO About to run command: python StrategyTransfer.py --ENV_HPT_mode=False --ENV_LEARNING_RATE=0.001 --architecture=LSTM --features=EFs --offline_train_test_datasets=key_word_tagging --online_simulation_factor=0 --seed=0
2024-07-08 00:41:00 INFO Running runs: ['gyf2o5zy']
2024-07-08 01:14:38 INFO Cleaning up finished run: gyf2o5zy
2024-07-08 01:14:39 INFO Agent received command: run
2024-07-08 01:14:39 INFO Agent starting run with config:
	ENV_HPT_mode: False
	ENV_LEARNING_RATE: 0.001
	architecture: LSTM
	features: EFs
	offline_train_test_datasets: key_word_tagging
	online_simulation_factor: 0
	seed: 2
2024-07-08 01:14:39 INFO About to run command: python StrategyTransfer.py --ENV_HPT_mode=False --ENV_LEARNING_RATE=0.001 --architecture=LSTM --features=EFs --offline_train_test_datasets=key_word_tagging --online_simulation_factor=0 --seed=2
2024-07-08 01:14:44 INFO Running runs: ['ov83jnxj']
2024-07-08 01:49:10 INFO Cleaning up finished run: ov83jnxj
2024-07-08 01:49:10 INFO Agent received command: run
2024-07-08 01:49:10 INFO Agent starting run with config:
	ENV_HPT_mode: False
	ENV_LEARNING_RATE: 0.001
	architecture: LSTM
	features: EFs
	offline_train_test_datasets: key_word_tagging
	online_simulation_factor: 0
	seed: 4
2024-07-08 01:49:10 INFO About to run command: python StrategyTransfer.py --ENV_HPT_mode=False --ENV_LEARNING_RATE=0.001 --architecture=LSTM --features=EFs --offline_train_test_datasets=key_word_tagging --online_simulation_factor=0 --seed=4
2024-07-08 01:49:15 INFO Running runs: ['hr9ji41j']
2024-07-08 02:22:38 INFO Cleaning up finished run: hr9ji41j
2024-07-08 02:22:39 INFO Agent received command: run
2024-07-08 02:22:39 INFO Agent starting run with config:
	ENV_HPT_mode: False
	ENV_LEARNING_RATE: 0.001
	architecture: LSTM
	features: EFs
	offline_train_test_datasets: transformer_tagged
	online_simulation_factor: 0
	seed: 0
2024-07-08 02:22:39 INFO About to run command: python StrategyTransfer.py --ENV_HPT_mode=False --ENV_LEARNING_RATE=0.001 --architecture=LSTM --features=EFs --offline_train_test_datasets=transformer_tagged --online_simulation_factor=0 --seed=0
2024-07-08 02:22:44 INFO Running runs: ['mekpna01']
2024-07-08 02:55:56 INFO Cleaning up finished run: mekpna01
2024-07-08 02:55:57 INFO Agent received command: run
2024-07-08 02:55:57 INFO Agent starting run with config:
	ENV_HPT_mode: False
	ENV_LEARNING_RATE: 0.001
	architecture: LSTM
	features: EFs
	offline_train_test_datasets: transformer_tagged
	online_simulation_factor: 0
	seed: 2
2024-07-08 02:55:57 INFO About to run command: python StrategyTransfer.py --ENV_HPT_mode=False --ENV_LEARNING_RATE=0.001 --architecture=LSTM --features=EFs --offline_train_test_datasets=transformer_tagged --online_simulation_factor=0 --seed=2
2024-07-08 02:56:02 INFO Running runs: ['4hp98jfa']
2024-07-08 03:29:25 INFO Cleaning up finished run: 4hp98jfa
2024-07-08 03:29:26 INFO Agent received command: run
2024-07-08 03:29:26 INFO Agent starting run with config:
	ENV_HPT_mode: False
	ENV_LEARNING_RATE: 0.001
	architecture: LSTM
	features: EFs
	offline_train_test_datasets: transformer_tagged
	online_simulation_factor: 0
	seed: 4
2024-07-08 03:29:26 INFO About to run command: python StrategyTransfer.py --ENV_HPT_mode=False --ENV_LEARNING_RATE=0.001 --architecture=LSTM --features=EFs --offline_train_test_datasets=transformer_tagged --online_simulation_factor=0 --seed=4
2024-07-08 03:29:31 INFO Running runs: ['axe37dmr']
2024-07-08 04:03:31 INFO Cleaning up finished run: axe37dmr
2024-07-08 04:03:31 INFO Agent received command: run
2024-07-08 04:03:31 INFO Agent starting run with config:
	ENV_HPT_mode: False
	ENV_LEARNING_RATE: 0.001
	architecture: LSTM
	features: GPT4
	offline_train_test_datasets: key_word_tagging
	online_simulation_factor: 0
	seed: 0
2024-07-08 04:03:31 INFO About to run command: python StrategyTransfer.py --ENV_HPT_mode=False --ENV_LEARNING_RATE=0.001 --architecture=LSTM --features=GPT4 --offline_train_test_datasets=key_word_tagging --online_simulation_factor=0 --seed=0
2024-07-08 04:03:36 INFO Running runs: ['iv67yzwa']
2024-07-08 04:37:20 INFO Cleaning up finished run: iv67yzwa
2024-07-08 04:37:20 INFO Agent received command: run
2024-07-08 04:37:20 INFO Agent starting run with config:
	ENV_HPT_mode: False
	ENV_LEARNING_RATE: 0.001
	architecture: LSTM
	features: GPT4
	offline_train_test_datasets: key_word_tagging
	online_simulation_factor: 0
	seed: 2
2024-07-08 04:37:20 INFO About to run command: python StrategyTransfer.py --ENV_HPT_mode=False --ENV_LEARNING_RATE=0.001 --architecture=LSTM --features=GPT4 --offline_train_test_datasets=key_word_tagging --online_simulation_factor=0 --seed=2
2024-07-08 04:37:26 INFO Running runs: ['s0a0mle5']
2024-07-08 05:11:01 INFO Cleaning up finished run: s0a0mle5
2024-07-08 05:11:02 INFO Agent received command: run
2024-07-08 05:11:02 INFO Agent starting run with config:
	ENV_HPT_mode: False
	ENV_LEARNING_RATE: 0.001
	architecture: LSTM
	features: GPT4
	offline_train_test_datasets: key_word_tagging
	online_simulation_factor: 0
	seed: 4
2024-07-08 05:11:02 INFO About to run command: python StrategyTransfer.py --ENV_HPT_mode=False --ENV_LEARNING_RATE=0.001 --architecture=LSTM --features=GPT4 --offline_train_test_datasets=key_word_tagging --online_simulation_factor=0 --seed=4
2024-07-08 05:11:07 INFO Running runs: ['zixshyll']
2024-07-08 05:44:25 INFO Cleaning up finished run: zixshyll
2024-07-08 05:44:25 INFO Agent received command: run
2024-07-08 05:44:25 INFO Agent starting run with config:
	ENV_HPT_mode: False
	ENV_LEARNING_RATE: 0.001
	architecture: LSTM
	features: GPT4
	offline_train_test_datasets: transformer_tagged
	online_simulation_factor: 0
	seed: 0
2024-07-08 05:44:25 INFO About to run command: python StrategyTransfer.py --ENV_HPT_mode=False --ENV_LEARNING_RATE=0.001 --architecture=LSTM --features=GPT4 --offline_train_test_datasets=transformer_tagged --online_simulation_factor=0 --seed=0
2024-07-08 05:44:30 INFO Running runs: ['hge2wunj']
2024-07-08 06:17:47 INFO Cleaning up finished run: hge2wunj
2024-07-08 06:17:48 INFO Agent received command: run
2024-07-08 06:17:48 INFO Agent starting run with config:
	ENV_HPT_mode: False
	ENV_LEARNING_RATE: 0.001
	architecture: LSTM
	features: GPT4
	offline_train_test_datasets: transformer_tagged
	online_simulation_factor: 0
	seed: 2
2024-07-08 06:17:48 INFO About to run command: python StrategyTransfer.py --ENV_HPT_mode=False --ENV_LEARNING_RATE=0.001 --architecture=LSTM --features=GPT4 --offline_train_test_datasets=transformer_tagged --online_simulation_factor=0 --seed=2
2024-07-08 06:17:53 INFO Running runs: ['vs0ohooe']
2024-07-08 06:51:29 INFO Cleaning up finished run: vs0ohooe
2024-07-08 06:51:29 INFO Agent received command: run
2024-07-08 06:51:29 INFO Agent starting run with config:
	ENV_HPT_mode: False
	ENV_LEARNING_RATE: 0.001
	architecture: LSTM
	features: GPT4
	offline_train_test_datasets: transformer_tagged
	online_simulation_factor: 0
	seed: 4
2024-07-08 06:51:29 INFO About to run command: python StrategyTransfer.py --ENV_HPT_mode=False --ENV_LEARNING_RATE=0.001 --architecture=LSTM --features=GPT4 --offline_train_test_datasets=transformer_tagged --online_simulation_factor=0 --seed=4
2024-07-08 06:51:34 INFO Running runs: ['cxgoe8sx']
2024-07-08 07:25:03 INFO Cleaning up finished run: cxgoe8sx
2024-07-08 07:25:03 INFO Agent received command: run
2024-07-08 07:25:03 INFO Agent starting run with config:
	ENV_HPT_mode: False
	ENV_LEARNING_RATE: 0.001
	architecture: LSTM
	features: BERT
	offline_train_test_datasets: key_word_tagging
	online_simulation_factor: 0
	seed: 0
2024-07-08 07:25:03 INFO About to run command: python StrategyTransfer.py --ENV_HPT_mode=False --ENV_LEARNING_RATE=0.001 --architecture=LSTM --features=BERT --offline_train_test_datasets=key_word_tagging --online_simulation_factor=0 --seed=0
2024-07-08 07:25:08 INFO Running runs: ['e8h9rew6']
2024-07-08 07:58:38 INFO Cleaning up finished run: e8h9rew6
2024-07-08 07:58:38 INFO Agent received command: run
2024-07-08 07:58:38 INFO Agent starting run with config:
	ENV_HPT_mode: False
	ENV_LEARNING_RATE: 0.001
	architecture: LSTM
	features: BERT
	offline_train_test_datasets: key_word_tagging
	online_simulation_factor: 0
	seed: 2
2024-07-08 07:58:38 INFO About to run command: python StrategyTransfer.py --ENV_HPT_mode=False --ENV_LEARNING_RATE=0.001 --architecture=LSTM --features=BERT --offline_train_test_datasets=key_word_tagging --online_simulation_factor=0 --seed=2
2024-07-08 07:58:43 INFO Running runs: ['pxgrwx4h']
2024-07-08 08:32:23 INFO Cleaning up finished run: pxgrwx4h
2024-07-08 08:32:24 INFO Agent received command: run
2024-07-08 08:32:24 INFO Agent starting run with config:
	ENV_HPT_mode: False
	ENV_LEARNING_RATE: 0.001
	architecture: LSTM
	features: BERT
	offline_train_test_datasets: key_word_tagging
	online_simulation_factor: 0
	seed: 4
2024-07-08 08:32:24 INFO About to run command: python StrategyTransfer.py --ENV_HPT_mode=False --ENV_LEARNING_RATE=0.001 --architecture=LSTM --features=BERT --offline_train_test_datasets=key_word_tagging --online_simulation_factor=0 --seed=4
2024-07-08 08:32:29 INFO Running runs: ['lm2mf5jt']
2024-07-08 09:06:07 INFO Cleaning up finished run: lm2mf5jt
2024-07-08 09:06:08 INFO Agent received command: run
2024-07-08 09:06:08 INFO Agent starting run with config:
	ENV_HPT_mode: False
	ENV_LEARNING_RATE: 0.001
	architecture: LSTM
	features: BERT
	offline_train_test_datasets: transformer_tagged
	online_simulation_factor: 0
	seed: 0
2024-07-08 09:06:08 INFO About to run command: python StrategyTransfer.py --ENV_HPT_mode=False --ENV_LEARNING_RATE=0.001 --architecture=LSTM --features=BERT --offline_train_test_datasets=transformer_tagged --online_simulation_factor=0 --seed=0
2024-07-08 09:06:13 INFO Running runs: ['6ydj7do7']
2024-07-08 09:43:09 INFO Cleaning up finished run: 6ydj7do7
2024-07-08 09:43:09 INFO Agent received command: run
2024-07-08 09:43:09 INFO Agent starting run with config:
	ENV_HPT_mode: False
	ENV_LEARNING_RATE: 0.001
	architecture: LSTM
	features: BERT
	offline_train_test_datasets: transformer_tagged
	online_simulation_factor: 0
	seed: 2
2024-07-08 09:43:09 INFO About to run command: python StrategyTransfer.py --ENV_HPT_mode=False --ENV_LEARNING_RATE=0.001 --architecture=LSTM --features=BERT --offline_train_test_datasets=transformer_tagged --online_simulation_factor=0 --seed=2
2024-07-08 09:43:14 INFO Running runs: ['6fcdk24q']
2024-07-08 10:25:11 INFO Cleaning up finished run: 6fcdk24q
2024-07-08 10:25:12 INFO Agent received command: run
2024-07-08 10:25:12 INFO Agent starting run with config:
	ENV_HPT_mode: False
	ENV_LEARNING_RATE: 0.001
	architecture: LSTM
	features: BERT
	offline_train_test_datasets: transformer_tagged
	online_simulation_factor: 0
	seed: 4
2024-07-08 10:25:12 INFO About to run command: python StrategyTransfer.py --ENV_HPT_mode=False --ENV_LEARNING_RATE=0.001 --architecture=LSTM --features=BERT --offline_train_test_datasets=transformer_tagged --online_simulation_factor=0 --seed=4
2024-07-08 10:25:17 INFO Running runs: ['wqkjyp8r']
2024-07-08 11:06:33 INFO Cleaning up finished run: wqkjyp8r
2024-07-08 11:06:33 INFO Agent received command: run
2024-07-08 11:06:33 INFO Agent starting run with config:
	ENV_HPT_mode: False
	ENV_LEARNING_RATE: 0.003
	architecture: CNN
	features: EFs
	offline_train_test_datasets: key_word_tagging
	online_simulation_factor: 0
	seed: 0
2024-07-08 11:06:33 INFO About to run command: python StrategyTransfer.py --ENV_HPT_mode=False --ENV_LEARNING_RATE=0.003 --architecture=CNN --features=EFs --offline_train_test_datasets=key_word_tagging --online_simulation_factor=0 --seed=0
2024-07-08 11:06:38 INFO Running runs: ['wxvoeg39']
2024-07-08 11:49:17 INFO Cleaning up finished run: wxvoeg39
2024-07-08 11:49:18 INFO Agent received command: run
2024-07-08 11:49:18 INFO Agent starting run with config:
	ENV_HPT_mode: False
	ENV_LEARNING_RATE: 0.003
	architecture: CNN
	features: EFs
	offline_train_test_datasets: key_word_tagging
	online_simulation_factor: 0
	seed: 2
2024-07-08 11:49:18 INFO About to run command: python StrategyTransfer.py --ENV_HPT_mode=False --ENV_LEARNING_RATE=0.003 --architecture=CNN --features=EFs --offline_train_test_datasets=key_word_tagging --online_simulation_factor=0 --seed=2
2024-07-08 11:49:23 INFO Running runs: ['41aggt61']
2024-07-08 12:32:07 INFO Cleaning up finished run: 41aggt61
2024-07-08 12:32:08 INFO Agent received command: run
2024-07-08 12:32:08 INFO Agent starting run with config:
	ENV_HPT_mode: False
	ENV_LEARNING_RATE: 0.003
	architecture: CNN
	features: EFs
	offline_train_test_datasets: key_word_tagging
	online_simulation_factor: 0
	seed: 4
2024-07-08 12:32:08 INFO About to run command: python StrategyTransfer.py --ENV_HPT_mode=False --ENV_LEARNING_RATE=0.003 --architecture=CNN --features=EFs --offline_train_test_datasets=key_word_tagging --online_simulation_factor=0 --seed=4
2024-07-08 12:32:13 INFO Running runs: ['7655h7yp']
2024-07-08 13:16:00 INFO Cleaning up finished run: 7655h7yp
2024-07-08 13:16:00 INFO Agent received command: run
2024-07-08 13:16:00 INFO Agent starting run with config:
	ENV_HPT_mode: False
	ENV_LEARNING_RATE: 0.003
	architecture: CNN
	features: EFs
	offline_train_test_datasets: transformer_tagged
	online_simulation_factor: 0
	seed: 0
2024-07-08 13:16:00 INFO About to run command: python StrategyTransfer.py --ENV_HPT_mode=False --ENV_LEARNING_RATE=0.003 --architecture=CNN --features=EFs --offline_train_test_datasets=transformer_tagged --online_simulation_factor=0 --seed=0
2024-07-08 13:16:05 INFO Running runs: ['cxba0q3c']
2024-07-08 13:58:59 INFO Cleaning up finished run: cxba0q3c
2024-07-08 13:58:59 INFO Agent received command: run
2024-07-08 13:58:59 INFO Agent starting run with config:
	ENV_HPT_mode: False
	ENV_LEARNING_RATE: 0.003
	architecture: CNN
	features: EFs
	offline_train_test_datasets: transformer_tagged
	online_simulation_factor: 0
	seed: 2
2024-07-08 13:58:59 INFO About to run command: python StrategyTransfer.py --ENV_HPT_mode=False --ENV_LEARNING_RATE=0.003 --architecture=CNN --features=EFs --offline_train_test_datasets=transformer_tagged --online_simulation_factor=0 --seed=2
2024-07-08 13:59:04 INFO Running runs: ['k4juelnn']
2024-07-08 14:43:49 INFO Cleaning up finished run: k4juelnn
2024-07-08 14:43:52 INFO Agent received command: run
2024-07-08 14:43:52 INFO Agent starting run with config:
	ENV_HPT_mode: False
	ENV_LEARNING_RATE: 0.003
	architecture: CNN
	features: EFs
	offline_train_test_datasets: transformer_tagged
	online_simulation_factor: 0
	seed: 4
2024-07-08 14:43:52 INFO About to run command: python StrategyTransfer.py --ENV_HPT_mode=False --ENV_LEARNING_RATE=0.003 --architecture=CNN --features=EFs --offline_train_test_datasets=transformer_tagged --online_simulation_factor=0 --seed=4
2024-07-08 14:43:57 INFO Running runs: ['8kt9uomk']
2024-07-08 15:24:53 INFO Cleaning up finished run: 8kt9uomk
2024-07-08 15:24:53 INFO Agent received command: run
2024-07-08 15:24:53 INFO Agent starting run with config:
	ENV_HPT_mode: False
	ENV_LEARNING_RATE: 0.003
	architecture: CNN
	features: GPT4
	offline_train_test_datasets: key_word_tagging
	online_simulation_factor: 0
	seed: 0
2024-07-08 15:24:53 INFO About to run command: python StrategyTransfer.py --ENV_HPT_mode=False --ENV_LEARNING_RATE=0.003 --architecture=CNN --features=GPT4 --offline_train_test_datasets=key_word_tagging --online_simulation_factor=0 --seed=0
2024-07-08 15:24:58 INFO Running runs: ['voz40qkd']
2024-07-08 16:05:40 INFO Cleaning up finished run: voz40qkd
2024-07-08 16:05:40 INFO Agent received command: run
2024-07-08 16:05:40 INFO Agent starting run with config:
	ENV_HPT_mode: False
	ENV_LEARNING_RATE: 0.003
	architecture: CNN
	features: GPT4
	offline_train_test_datasets: key_word_tagging
	online_simulation_factor: 0
	seed: 2
2024-07-08 16:05:40 INFO About to run command: python StrategyTransfer.py --ENV_HPT_mode=False --ENV_LEARNING_RATE=0.003 --architecture=CNN --features=GPT4 --offline_train_test_datasets=key_word_tagging --online_simulation_factor=0 --seed=2
2024-07-08 16:05:45 INFO Running runs: ['bpahut16']
2024-07-08 16:47:33 INFO Cleaning up finished run: bpahut16
2024-07-08 16:47:34 INFO Agent received command: run
2024-07-08 16:47:34 INFO Agent starting run with config:
	ENV_HPT_mode: False
	ENV_LEARNING_RATE: 0.003
	architecture: CNN
	features: GPT4
	offline_train_test_datasets: key_word_tagging
	online_simulation_factor: 0
	seed: 4
2024-07-08 16:47:34 INFO About to run command: python StrategyTransfer.py --ENV_HPT_mode=False --ENV_LEARNING_RATE=0.003 --architecture=CNN --features=GPT4 --offline_train_test_datasets=key_word_tagging --online_simulation_factor=0 --seed=4
2024-07-08 16:47:39 INFO Running runs: ['qh5t3gww']
2024-07-08 17:29:21 INFO Cleaning up finished run: qh5t3gww
2024-07-08 17:29:22 INFO Agent received command: run
2024-07-08 17:29:22 INFO Agent starting run with config:
	ENV_HPT_mode: False
	ENV_LEARNING_RATE: 0.003
	architecture: CNN
	features: GPT4
	offline_train_test_datasets: transformer_tagged
	online_simulation_factor: 0
	seed: 0
2024-07-08 17:29:22 INFO About to run command: python StrategyTransfer.py --ENV_HPT_mode=False --ENV_LEARNING_RATE=0.003 --architecture=CNN --features=GPT4 --offline_train_test_datasets=transformer_tagged --online_simulation_factor=0 --seed=0
2024-07-08 17:29:27 INFO Running runs: ['w0588nku']
2024-07-08 18:09:45 INFO Cleaning up finished run: w0588nku
2024-07-08 18:09:45 INFO Agent received command: run
2024-07-08 18:09:45 INFO Agent starting run with config:
	ENV_HPT_mode: False
	ENV_LEARNING_RATE: 0.003
	architecture: CNN
	features: GPT4
	offline_train_test_datasets: transformer_tagged
	online_simulation_factor: 0
	seed: 2
2024-07-08 18:09:45 INFO About to run command: python StrategyTransfer.py --ENV_HPT_mode=False --ENV_LEARNING_RATE=0.003 --architecture=CNN --features=GPT4 --offline_train_test_datasets=transformer_tagged --online_simulation_factor=0 --seed=2
2024-07-08 18:09:50 INFO Running runs: ['ys9ocpgp']
2024-07-08 18:51:42 INFO Cleaning up finished run: ys9ocpgp
2024-07-08 18:51:42 INFO Agent received command: run
2024-07-08 18:51:42 INFO Agent starting run with config:
	ENV_HPT_mode: False
	ENV_LEARNING_RATE: 0.003
	architecture: CNN
	features: GPT4
	offline_train_test_datasets: transformer_tagged
	online_simulation_factor: 0
	seed: 4
2024-07-08 18:51:42 INFO About to run command: python StrategyTransfer.py --ENV_HPT_mode=False --ENV_LEARNING_RATE=0.003 --architecture=CNN --features=GPT4 --offline_train_test_datasets=transformer_tagged --online_simulation_factor=0 --seed=4
2024-07-08 18:51:47 INFO Running runs: ['s9lzzw6o']
2024-07-08 19:32:43 INFO Cleaning up finished run: s9lzzw6o
2024-07-08 19:32:43 INFO Agent received command: run
2024-07-08 19:32:43 INFO Agent starting run with config:
	ENV_HPT_mode: False
	ENV_LEARNING_RATE: 0.003
	architecture: CNN
	features: BERT
	offline_train_test_datasets: key_word_tagging
	online_simulation_factor: 0
	seed: 0
2024-07-08 19:32:43 INFO About to run command: python StrategyTransfer.py --ENV_HPT_mode=False --ENV_LEARNING_RATE=0.003 --architecture=CNN --features=BERT --offline_train_test_datasets=key_word_tagging --online_simulation_factor=0 --seed=0
2024-07-08 19:32:48 INFO Running runs: ['0epk9n6h']
2024-07-08 20:17:12 INFO Cleaning up finished run: 0epk9n6h
2024-07-08 20:17:12 INFO Agent received command: run
2024-07-08 20:17:12 INFO Agent starting run with config:
	ENV_HPT_mode: False
	ENV_LEARNING_RATE: 0.003
	architecture: CNN
	features: BERT
	offline_train_test_datasets: key_word_tagging
	online_simulation_factor: 0
	seed: 2
2024-07-08 20:17:12 INFO About to run command: python StrategyTransfer.py --ENV_HPT_mode=False --ENV_LEARNING_RATE=0.003 --architecture=CNN --features=BERT --offline_train_test_datasets=key_word_tagging --online_simulation_factor=0 --seed=2
2024-07-08 20:17:17 INFO Running runs: ['lbn9vbo2']
2024-07-08 20:52:39 INFO Cleaning up finished run: lbn9vbo2
2024-07-08 20:52:45 INFO Agent received command: run
2024-07-08 20:52:45 INFO Agent starting run with config:
	ENV_HPT_mode: False
	ENV_LEARNING_RATE: 0.003
	architecture: CNN
	features: BERT
	offline_train_test_datasets: key_word_tagging
	online_simulation_factor: 0
	seed: 4
2024-07-08 20:52:45 INFO About to run command: python StrategyTransfer.py --ENV_HPT_mode=False --ENV_LEARNING_RATE=0.003 --architecture=CNN --features=BERT --offline_train_test_datasets=key_word_tagging --online_simulation_factor=0 --seed=4
2024-07-08 20:52:50 INFO Running runs: ['1e0m2hg9']
2024-07-08 21:34:49 INFO Cleaning up finished run: 1e0m2hg9
2024-07-08 21:34:49 INFO Agent received command: run
2024-07-08 21:34:49 INFO Agent starting run with config:
	ENV_HPT_mode: False
	ENV_LEARNING_RATE: 0.003
	architecture: CNN
	features: BERT
	offline_train_test_datasets: transformer_tagged
	online_simulation_factor: 0
	seed: 0
2024-07-08 21:34:49 INFO About to run command: python StrategyTransfer.py --ENV_HPT_mode=False --ENV_LEARNING_RATE=0.003 --architecture=CNN --features=BERT --offline_train_test_datasets=transformer_tagged --online_simulation_factor=0 --seed=0
2024-07-08 21:34:54 INFO Running runs: ['ubh6i5qv']
2024-07-08 22:14:01 INFO Cleaning up finished run: ubh6i5qv
2024-07-08 22:14:01 INFO Agent received command: run
2024-07-08 22:14:01 INFO Agent starting run with config:
	ENV_HPT_mode: False
	ENV_LEARNING_RATE: 0.003
	architecture: CNN
	features: BERT
	offline_train_test_datasets: transformer_tagged
	online_simulation_factor: 0
	seed: 2
2024-07-08 22:14:01 INFO About to run command: python StrategyTransfer.py --ENV_HPT_mode=False --ENV_LEARNING_RATE=0.003 --architecture=CNN --features=BERT --offline_train_test_datasets=transformer_tagged --online_simulation_factor=0 --seed=2
2024-07-08 22:14:06 INFO Running runs: ['4s7qu0gz']
2024-07-08 22:56:19 INFO Cleaning up finished run: 4s7qu0gz
2024-07-08 22:56:20 INFO Agent received command: run
2024-07-08 22:56:20 INFO Agent starting run with config:
	ENV_HPT_mode: False
	ENV_LEARNING_RATE: 0.003
	architecture: CNN
	features: BERT
	offline_train_test_datasets: transformer_tagged
	online_simulation_factor: 0
	seed: 4
2024-07-08 22:56:20 INFO About to run command: python StrategyTransfer.py --ENV_HPT_mode=False --ENV_LEARNING_RATE=0.003 --architecture=CNN --features=BERT --offline_train_test_datasets=transformer_tagged --online_simulation_factor=0 --seed=4
2024-07-08 22:56:25 INFO Running runs: ['81utz4vq']
2024-07-08 23:38:39 INFO Cleaning up finished run: 81utz4vq
2024-07-08 23:38:40 INFO Agent received command: run
2024-07-08 23:38:40 INFO Agent starting run with config:
	ENV_HPT_mode: False
	ENV_LEARNING_RATE: 0.003
	architecture: LSTM
	features: EFs
	offline_train_test_datasets: key_word_tagging
	online_simulation_factor: 0
	seed: 0
2024-07-08 23:38:40 INFO About to run command: python StrategyTransfer.py --ENV_HPT_mode=False --ENV_LEARNING_RATE=0.003 --architecture=LSTM --features=EFs --offline_train_test_datasets=key_word_tagging --online_simulation_factor=0 --seed=0
2024-07-08 23:38:45 INFO Running runs: ['ps3oduzh']
2024-07-09 00:12:18 INFO Cleaning up finished run: ps3oduzh
2024-07-09 00:12:18 INFO Agent received command: run
2024-07-09 00:12:18 INFO Agent starting run with config:
	ENV_HPT_mode: False
	ENV_LEARNING_RATE: 0.003
	architecture: LSTM
	features: EFs
	offline_train_test_datasets: key_word_tagging
	online_simulation_factor: 0
	seed: 2
2024-07-09 00:12:18 INFO About to run command: python StrategyTransfer.py --ENV_HPT_mode=False --ENV_LEARNING_RATE=0.003 --architecture=LSTM --features=EFs --offline_train_test_datasets=key_word_tagging --online_simulation_factor=0 --seed=2
2024-07-09 00:12:23 INFO Running runs: ['vx9ai2cz']
2024-07-09 00:45:58 INFO Cleaning up finished run: vx9ai2cz
2024-07-09 00:45:58 INFO Agent received command: run
2024-07-09 00:45:58 INFO Agent starting run with config:
	ENV_HPT_mode: False
	ENV_LEARNING_RATE: 0.003
	architecture: LSTM
	features: EFs
	offline_train_test_datasets: key_word_tagging
	online_simulation_factor: 0
	seed: 4
2024-07-09 00:45:58 INFO About to run command: python StrategyTransfer.py --ENV_HPT_mode=False --ENV_LEARNING_RATE=0.003 --architecture=LSTM --features=EFs --offline_train_test_datasets=key_word_tagging --online_simulation_factor=0 --seed=4
2024-07-09 00:46:03 INFO Running runs: ['r2rwcl5d']
2024-07-09 01:21:12 INFO Cleaning up finished run: r2rwcl5d
2024-07-09 01:21:12 INFO Agent received command: run
2024-07-09 01:21:12 INFO Agent starting run with config:
	ENV_HPT_mode: False
	ENV_LEARNING_RATE: 0.003
	architecture: LSTM
	features: EFs
	offline_train_test_datasets: transformer_tagged
	online_simulation_factor: 0
	seed: 0
2024-07-09 01:21:12 INFO About to run command: python StrategyTransfer.py --ENV_HPT_mode=False --ENV_LEARNING_RATE=0.003 --architecture=LSTM --features=EFs --offline_train_test_datasets=transformer_tagged --online_simulation_factor=0 --seed=0
2024-07-09 01:21:17 INFO Running runs: ['mtimol4d']
2024-07-09 02:05:27 INFO Cleaning up finished run: mtimol4d
2024-07-09 02:05:28 INFO Agent received command: run
2024-07-09 02:05:28 INFO Agent starting run with config:
	ENV_HPT_mode: False
	ENV_LEARNING_RATE: 0.003
	architecture: LSTM
	features: EFs
	offline_train_test_datasets: transformer_tagged
	online_simulation_factor: 0
	seed: 2
2024-07-09 02:05:28 INFO About to run command: python StrategyTransfer.py --ENV_HPT_mode=False --ENV_LEARNING_RATE=0.003 --architecture=LSTM --features=EFs --offline_train_test_datasets=transformer_tagged --online_simulation_factor=0 --seed=2
2024-07-09 02:05:33 INFO Running runs: ['c9gdla6x']
2024-07-09 02:49:50 INFO Cleaning up finished run: c9gdla6x
2024-07-09 02:49:50 INFO Agent received command: run
2024-07-09 02:49:50 INFO Agent starting run with config:
	ENV_HPT_mode: False
	ENV_LEARNING_RATE: 0.003
	architecture: LSTM
	features: EFs
	offline_train_test_datasets: transformer_tagged
	online_simulation_factor: 0
	seed: 4
2024-07-09 02:49:50 INFO About to run command: python StrategyTransfer.py --ENV_HPT_mode=False --ENV_LEARNING_RATE=0.003 --architecture=LSTM --features=EFs --offline_train_test_datasets=transformer_tagged --online_simulation_factor=0 --seed=4
2024-07-09 02:49:55 INFO Running runs: ['jqbj3zpw']
2024-07-09 03:33:58 INFO Cleaning up finished run: jqbj3zpw
2024-07-09 03:33:59 INFO Agent received command: run
2024-07-09 03:33:59 INFO Agent starting run with config:
	ENV_HPT_mode: False
	ENV_LEARNING_RATE: 0.003
	architecture: LSTM
	features: GPT4
	offline_train_test_datasets: key_word_tagging
	online_simulation_factor: 0
	seed: 0
2024-07-09 03:33:59 INFO About to run command: python StrategyTransfer.py --ENV_HPT_mode=False --ENV_LEARNING_RATE=0.003 --architecture=LSTM --features=GPT4 --offline_train_test_datasets=key_word_tagging --online_simulation_factor=0 --seed=0
2024-07-09 03:34:04 INFO Running runs: ['6eyo2wz2']
2024-07-09 04:19:24 INFO Cleaning up finished run: 6eyo2wz2
2024-07-09 04:19:24 INFO Agent received command: run
2024-07-09 04:19:24 INFO Agent starting run with config:
	ENV_HPT_mode: False
	ENV_LEARNING_RATE: 0.003
	architecture: LSTM
	features: GPT4
	offline_train_test_datasets: key_word_tagging
	online_simulation_factor: 0
	seed: 2
2024-07-09 04:19:24 INFO About to run command: python StrategyTransfer.py --ENV_HPT_mode=False --ENV_LEARNING_RATE=0.003 --architecture=LSTM --features=GPT4 --offline_train_test_datasets=key_word_tagging --online_simulation_factor=0 --seed=2
2024-07-09 04:19:29 INFO Running runs: ['f3xupgfi']
2024-07-09 05:03:00 INFO Cleaning up finished run: f3xupgfi
2024-07-09 05:03:01 INFO Agent received command: run
2024-07-09 05:03:01 INFO Agent starting run with config:
	ENV_HPT_mode: False
	ENV_LEARNING_RATE: 0.003
	architecture: LSTM
	features: GPT4
	offline_train_test_datasets: key_word_tagging
	online_simulation_factor: 0
	seed: 4
2024-07-09 05:03:01 INFO About to run command: python StrategyTransfer.py --ENV_HPT_mode=False --ENV_LEARNING_RATE=0.003 --architecture=LSTM --features=GPT4 --offline_train_test_datasets=key_word_tagging --online_simulation_factor=0 --seed=4
2024-07-09 05:03:06 INFO Running runs: ['6ak1dh2p']
2024-07-09 05:48:27 INFO Cleaning up finished run: 6ak1dh2p
2024-07-09 05:48:27 INFO Agent received command: run
2024-07-09 05:48:27 INFO Agent starting run with config:
	ENV_HPT_mode: False
	ENV_LEARNING_RATE: 0.003
	architecture: LSTM
	features: GPT4
	offline_train_test_datasets: transformer_tagged
	online_simulation_factor: 0
	seed: 0
2024-07-09 05:48:27 INFO About to run command: python StrategyTransfer.py --ENV_HPT_mode=False --ENV_LEARNING_RATE=0.003 --architecture=LSTM --features=GPT4 --offline_train_test_datasets=transformer_tagged --online_simulation_factor=0 --seed=0
2024-07-09 05:48:32 INFO Running runs: ['wbj20sqh']
2024-07-09 06:32:27 INFO Cleaning up finished run: wbj20sqh
2024-07-09 06:32:27 INFO Agent received command: run
2024-07-09 06:32:27 INFO Agent starting run with config:
	ENV_HPT_mode: False
	ENV_LEARNING_RATE: 0.003
	architecture: LSTM
	features: GPT4
	offline_train_test_datasets: transformer_tagged
	online_simulation_factor: 0
	seed: 2
2024-07-09 06:32:27 INFO About to run command: python StrategyTransfer.py --ENV_HPT_mode=False --ENV_LEARNING_RATE=0.003 --architecture=LSTM --features=GPT4 --offline_train_test_datasets=transformer_tagged --online_simulation_factor=0 --seed=2
2024-07-09 06:32:32 INFO Running runs: ['i1h5ayc9']
2024-07-09 07:17:00 INFO Cleaning up finished run: i1h5ayc9
2024-07-09 07:17:01 INFO Agent received command: run
2024-07-09 07:17:01 INFO Agent starting run with config:
	ENV_HPT_mode: False
	ENV_LEARNING_RATE: 0.003
	architecture: LSTM
	features: GPT4
	offline_train_test_datasets: transformer_tagged
	online_simulation_factor: 0
	seed: 4
2024-07-09 07:17:01 INFO About to run command: python StrategyTransfer.py --ENV_HPT_mode=False --ENV_LEARNING_RATE=0.003 --architecture=LSTM --features=GPT4 --offline_train_test_datasets=transformer_tagged --online_simulation_factor=0 --seed=4
2024-07-09 07:17:06 INFO Running runs: ['paua9lwh']
2024-07-09 08:17:30 INFO Cleaning up finished run: paua9lwh
2024-07-09 08:17:30 INFO Agent received command: run
2024-07-09 08:17:30 INFO Agent starting run with config:
	ENV_HPT_mode: False
	ENV_LEARNING_RATE: 0.003
	architecture: LSTM
	features: BERT
	offline_train_test_datasets: key_word_tagging
	online_simulation_factor: 0
	seed: 0
2024-07-09 08:17:30 INFO About to run command: python StrategyTransfer.py --ENV_HPT_mode=False --ENV_LEARNING_RATE=0.003 --architecture=LSTM --features=BERT --offline_train_test_datasets=key_word_tagging --online_simulation_factor=0 --seed=0
2024-07-09 08:17:35 INFO Running runs: ['5kw6rjdc']
2024-07-09 09:24:58 INFO Cleaning up finished run: 5kw6rjdc
2024-07-09 09:24:59 INFO Agent received command: run
2024-07-09 09:24:59 INFO Agent starting run with config:
	ENV_HPT_mode: False
	ENV_LEARNING_RATE: 0.003
	architecture: LSTM
	features: BERT
	offline_train_test_datasets: key_word_tagging
	online_simulation_factor: 0
	seed: 2
2024-07-09 09:24:59 INFO About to run command: python StrategyTransfer.py --ENV_HPT_mode=False --ENV_LEARNING_RATE=0.003 --architecture=LSTM --features=BERT --offline_train_test_datasets=key_word_tagging --online_simulation_factor=0 --seed=2
2024-07-09 09:25:04 INFO Running runs: ['8r240xax']
2024-07-09 10:31:47 INFO Cleaning up finished run: 8r240xax
2024-07-09 10:31:47 INFO Agent received command: run
2024-07-09 10:31:47 INFO Agent starting run with config:
	ENV_HPT_mode: False
	ENV_LEARNING_RATE: 0.003
	architecture: LSTM
	features: BERT
	offline_train_test_datasets: key_word_tagging
	online_simulation_factor: 0
	seed: 4
2024-07-09 10:31:47 INFO About to run command: python StrategyTransfer.py --ENV_HPT_mode=False --ENV_LEARNING_RATE=0.003 --architecture=LSTM --features=BERT --offline_train_test_datasets=key_word_tagging --online_simulation_factor=0 --seed=4
2024-07-09 10:31:52 INFO Running runs: ['bgi8g6ny']
2024-07-09 11:37:05 INFO Cleaning up finished run: bgi8g6ny
2024-07-09 11:37:05 INFO Agent received command: run
2024-07-09 11:37:05 INFO Agent starting run with config:
	ENV_HPT_mode: False
	ENV_LEARNING_RATE: 0.003
	architecture: LSTM
	features: BERT
	offline_train_test_datasets: transformer_tagged
	online_simulation_factor: 0
	seed: 0
2024-07-09 11:37:05 INFO About to run command: python StrategyTransfer.py --ENV_HPT_mode=False --ENV_LEARNING_RATE=0.003 --architecture=LSTM --features=BERT --offline_train_test_datasets=transformer_tagged --online_simulation_factor=0 --seed=0
2024-07-09 11:37:10 INFO Running runs: ['rb5pq6ps']
2024-07-13 11:12:43 INFO Running runs: []
2024-07-13 12:11:57 INFO Agent received command: run
2024-07-13 12:11:57 INFO Agent starting run with config:
	ENV_HPT_mode: False
	ENV_LEARNING_RATE: 0.001
	architecture: CNN
	features: EFs
	offline_train_test_datasets: original_data
	online_simulation_factor: 0
	seed: 0
2024-07-13 12:11:57 INFO About to run command: python StrategyTransfer.py --ENV_HPT_mode=False --ENV_LEARNING_RATE=0.001 --architecture=CNN --features=EFs --offline_train_test_datasets=original_data --online_simulation_factor=0 --seed=0
2024-07-13 12:12:02 INFO Running runs: ['uqbmj88v']
2024-07-13 12:12:18 INFO Cleaning up finished run: uqbmj88v
2024-07-13 12:12:26 INFO Agent received command: run
2024-07-13 12:12:26 INFO Agent starting run with config:
	ENV_HPT_mode: False
	ENV_LEARNING_RATE: 0.001
	architecture: CNN
	features: EFs
	offline_train_test_datasets: original_data
	online_simulation_factor: 0
	seed: 2
2024-07-13 12:12:26 INFO About to run command: python StrategyTransfer.py --ENV_HPT_mode=False --ENV_LEARNING_RATE=0.001 --architecture=CNN --features=EFs --offline_train_test_datasets=original_data --online_simulation_factor=0 --seed=2
2024-07-13 12:12:31 INFO Running runs: ['7a6jabz4']
2024-07-13 12:12:57 INFO Cleaning up finished run: 7a6jabz4
2024-07-13 12:12:57 INFO Agent received command: run
2024-07-13 12:12:57 INFO Agent starting run with config:
	ENV_HPT_mode: False
	ENV_LEARNING_RATE: 0.001
	architecture: CNN
	features: EFs
	offline_train_test_datasets: original_data
	online_simulation_factor: 0
	seed: 4
2024-07-13 12:12:57 INFO About to run command: python StrategyTransfer.py --ENV_HPT_mode=False --ENV_LEARNING_RATE=0.001 --architecture=CNN --features=EFs --offline_train_test_datasets=original_data --online_simulation_factor=0 --seed=4
2024-07-13 12:13:02 INFO Running runs: ['6jtl62bg']
2024-07-13 12:13:28 INFO Cleaning up finished run: 6jtl62bg
2024-07-13 12:13:28 INFO Agent received command: exit
2024-07-13 12:13:28 INFO Received exit command. Killing runs and quitting.
2024-07-13 12:49:16 INFO Running runs: []
2024-07-13 13:08:47 INFO Running runs: []
2024-07-22 21:46:40 INFO Running runs: []
2024-07-22 21:46:41 INFO Agent received command: run
2024-07-22 21:46:41 INFO Agent starting run with config:
	ENV_HPT_mode: False
	ENV_LEARNING_RATE: 0.001
	architecture: CNN
	features: EFs
	offline_train_test_datasets: original_data
	online_simulation_factor: 0
	seed: 0
2024-07-22 21:46:41 INFO About to run command: python StrategyTransfer.py --ENV_HPT_mode=False --ENV_LEARNING_RATE=0.001 --architecture=CNN --features=EFs --offline_train_test_datasets=original_data --online_simulation_factor=0 --seed=0
2024-07-22 21:46:46 INFO Running runs: ['0gz17ox8']
2024-07-22 22:29:16 INFO Cleaning up finished run: 0gz17ox8
2024-07-22 22:29:24 INFO Agent received command: run
2024-07-22 22:29:24 INFO Agent starting run with config:
	ENV_HPT_mode: False
	ENV_LEARNING_RATE: 0.001
	architecture: CNN
	features: EFs
	offline_train_test_datasets: original_data
	online_simulation_factor: 0
	seed: 2
2024-07-22 22:29:24 INFO About to run command: python StrategyTransfer.py --ENV_HPT_mode=False --ENV_LEARNING_RATE=0.001 --architecture=CNN --features=EFs --offline_train_test_datasets=original_data --online_simulation_factor=0 --seed=2
2024-07-22 22:29:29 INFO Running runs: ['hszxkk50']
2024-07-22 23:09:07 INFO Cleaning up finished run: hszxkk50
2024-07-22 23:09:07 INFO Agent received command: run
2024-07-22 23:09:07 INFO Agent starting run with config:
	ENV_HPT_mode: False
	ENV_LEARNING_RATE: 0.001
	architecture: CNN
	features: EFs
	offline_train_test_datasets: key_word_tagging
	online_simulation_factor: 0
	seed: 0
2024-07-22 23:09:07 INFO About to run command: python StrategyTransfer.py --ENV_HPT_mode=False --ENV_LEARNING_RATE=0.001 --architecture=CNN --features=EFs --offline_train_test_datasets=key_word_tagging --online_simulation_factor=0 --seed=0
2024-07-22 23:09:12 INFO Running runs: ['ldupkacj']
2024-07-22 23:53:40 INFO Cleaning up finished run: ldupkacj
2024-07-22 23:53:40 INFO Agent received command: run
2024-07-22 23:53:40 INFO Agent starting run with config:
	ENV_HPT_mode: False
	ENV_LEARNING_RATE: 0.001
	architecture: CNN
	features: EFs
	offline_train_test_datasets: key_word_tagging
	online_simulation_factor: 0
	seed: 2
2024-07-22 23:53:41 INFO About to run command: python StrategyTransfer.py --ENV_HPT_mode=False --ENV_LEARNING_RATE=0.001 --architecture=CNN --features=EFs --offline_train_test_datasets=key_word_tagging --online_simulation_factor=0 --seed=2
2024-07-22 23:53:46 INFO Running runs: ['hthxu8u6']
2024-07-23 00:25:47 INFO Cleaning up finished run: hthxu8u6
2024-07-23 00:25:48 INFO Agent received command: run
2024-07-23 00:25:48 INFO Agent starting run with config:
	ENV_HPT_mode: False
	ENV_LEARNING_RATE: 0.001
	architecture: CNN
	features: EFs
	offline_train_test_datasets: key_word_tagging
	online_simulation_factor: 0
	seed: 4
2024-07-23 00:25:48 INFO About to run command: python StrategyTransfer.py --ENV_HPT_mode=False --ENV_LEARNING_RATE=0.001 --architecture=CNN --features=EFs --offline_train_test_datasets=key_word_tagging --online_simulation_factor=0 --seed=4
2024-07-23 00:25:53 INFO Running runs: ['s07igemv']
2024-07-23 00:56:43 INFO Cleaning up finished run: s07igemv
2024-07-23 00:56:43 INFO Agent received command: run
2024-07-23 00:56:43 INFO Agent starting run with config:
	ENV_HPT_mode: False
	ENV_LEARNING_RATE: 0.001
	architecture: CNN
	features: EFs
	offline_train_test_datasets: trans_tagging
	online_simulation_factor: 0
	seed: 0
2024-07-23 00:56:43 INFO About to run command: python StrategyTransfer.py --ENV_HPT_mode=False --ENV_LEARNING_RATE=0.001 --architecture=CNN --features=EFs --offline_train_test_datasets=trans_tagging --online_simulation_factor=0 --seed=0
2024-07-23 00:56:49 INFO Running runs: ['xh1izyeo']
2024-07-23 01:27:27 INFO Cleaning up finished run: xh1izyeo
2024-07-23 01:27:27 INFO Agent received command: run
2024-07-23 01:27:27 INFO Agent starting run with config:
	ENV_HPT_mode: False
	ENV_LEARNING_RATE: 0.001
	architecture: CNN
	features: EFs
	offline_train_test_datasets: trans_tagging
	online_simulation_factor: 0
	seed: 2
2024-07-23 01:27:27 INFO About to run command: python StrategyTransfer.py --ENV_HPT_mode=False --ENV_LEARNING_RATE=0.001 --architecture=CNN --features=EFs --offline_train_test_datasets=trans_tagging --online_simulation_factor=0 --seed=2
2024-07-23 01:27:32 INFO Running runs: ['har8xofr']
2024-07-23 01:58:15 INFO Cleaning up finished run: har8xofr
2024-07-23 01:58:15 INFO Agent received command: run
2024-07-23 01:58:15 INFO Agent starting run with config:
	ENV_HPT_mode: False
	ENV_LEARNING_RATE: 0.001
	architecture: CNN
	features: EFs
	offline_train_test_datasets: trans_tagging
	online_simulation_factor: 0
	seed: 4
2024-07-23 01:58:15 INFO About to run command: python StrategyTransfer.py --ENV_HPT_mode=False --ENV_LEARNING_RATE=0.001 --architecture=CNN --features=EFs --offline_train_test_datasets=trans_tagging --online_simulation_factor=0 --seed=4
2024-07-23 01:58:20 INFO Running runs: ['3tp9orxn']
2024-07-23 02:29:13 INFO Cleaning up finished run: 3tp9orxn
2024-07-23 02:29:13 INFO Agent received command: run
2024-07-23 02:29:13 INFO Agent starting run with config:
	ENV_HPT_mode: False
	ENV_LEARNING_RATE: 0.001
	architecture: CNN
	features: EFs
	offline_train_test_datasets: original_data
	online_simulation_factor: 0
	seed: 4
2024-07-23 02:29:13 INFO About to run command: python StrategyTransfer.py --ENV_HPT_mode=False --ENV_LEARNING_RATE=0.001 --architecture=CNN --features=EFs --offline_train_test_datasets=original_data --online_simulation_factor=0 --seed=4
2024-07-23 02:29:18 INFO Running runs: ['am4wki71']
2024-07-23 03:00:09 INFO Cleaning up finished run: am4wki71
2024-07-23 03:00:09 INFO Agent received command: run
2024-07-23 03:00:09 INFO Agent starting run with config:
	ENV_HPT_mode: False
	ENV_LEARNING_RATE: 0.001
	architecture: LSTM
	features: EFs
	offline_train_test_datasets: key_word_tagging
	online_simulation_factor: 0
	seed: 0
2024-07-23 03:00:09 INFO About to run command: python StrategyTransfer.py --ENV_HPT_mode=False --ENV_LEARNING_RATE=0.001 --architecture=LSTM --features=EFs --offline_train_test_datasets=key_word_tagging --online_simulation_factor=0 --seed=0
2024-07-23 03:00:14 INFO Running runs: ['yylsi5qi']
2024-07-23 03:28:03 INFO Cleaning up finished run: yylsi5qi
2024-07-23 03:28:04 INFO Agent received command: run
2024-07-23 03:28:04 INFO Agent starting run with config:
	ENV_HPT_mode: False
	ENV_LEARNING_RATE: 0.001
	architecture: LSTM
	features: EFs
	offline_train_test_datasets: key_word_tagging
	online_simulation_factor: 0
	seed: 2
2024-07-23 03:28:04 INFO About to run command: python StrategyTransfer.py --ENV_HPT_mode=False --ENV_LEARNING_RATE=0.001 --architecture=LSTM --features=EFs --offline_train_test_datasets=key_word_tagging --online_simulation_factor=0 --seed=2
2024-07-23 03:28:09 INFO Running runs: ['q4spqkrc']
2024-07-23 03:59:15 INFO Cleaning up finished run: q4spqkrc
2024-07-23 03:59:15 INFO Agent received command: run
2024-07-23 03:59:15 INFO Agent starting run with config:
	ENV_HPT_mode: False
	ENV_LEARNING_RATE: 0.001
	architecture: LSTM
	features: EFs
	offline_train_test_datasets: key_word_tagging
	online_simulation_factor: 0
	seed: 4
2024-07-23 03:59:15 INFO About to run command: python StrategyTransfer.py --ENV_HPT_mode=False --ENV_LEARNING_RATE=0.001 --architecture=LSTM --features=EFs --offline_train_test_datasets=key_word_tagging --online_simulation_factor=0 --seed=4
2024-07-23 03:59:20 INFO Running runs: ['kev6dsma']
2024-07-23 04:30:51 INFO Cleaning up finished run: kev6dsma
2024-07-23 04:30:52 INFO Agent received command: run
2024-07-23 04:30:52 INFO Agent starting run with config:
	ENV_HPT_mode: False
	ENV_LEARNING_RATE: 0.001
	architecture: LSTM
	features: EFs
	offline_train_test_datasets: trans_tagging
	online_simulation_factor: 0
	seed: 0
2024-07-23 04:30:52 INFO About to run command: python StrategyTransfer.py --ENV_HPT_mode=False --ENV_LEARNING_RATE=0.001 --architecture=LSTM --features=EFs --offline_train_test_datasets=trans_tagging --online_simulation_factor=0 --seed=0
2024-07-23 04:30:57 INFO Running runs: ['ibbublhl']
2024-07-23 05:02:01 INFO Cleaning up finished run: ibbublhl
2024-07-23 05:02:01 INFO Agent received command: run
2024-07-23 05:02:01 INFO Agent starting run with config:
	ENV_HPT_mode: False
	ENV_LEARNING_RATE: 0.001
	architecture: LSTM
	features: EFs
	offline_train_test_datasets: trans_tagging
	online_simulation_factor: 0
	seed: 2
2024-07-23 05:02:01 INFO About to run command: python StrategyTransfer.py --ENV_HPT_mode=False --ENV_LEARNING_RATE=0.001 --architecture=LSTM --features=EFs --offline_train_test_datasets=trans_tagging --online_simulation_factor=0 --seed=2
2024-07-23 05:02:06 INFO Running runs: ['qwwoox26']
2024-07-23 05:33:06 INFO Cleaning up finished run: qwwoox26
2024-07-23 05:33:06 INFO Agent received command: run
2024-07-23 05:33:06 INFO Agent starting run with config:
	ENV_HPT_mode: False
	ENV_LEARNING_RATE: 0.001
	architecture: LSTM
	features: EFs
	offline_train_test_datasets: trans_tagging
	online_simulation_factor: 0
	seed: 4
2024-07-23 05:33:06 INFO About to run command: python StrategyTransfer.py --ENV_HPT_mode=False --ENV_LEARNING_RATE=0.001 --architecture=LSTM --features=EFs --offline_train_test_datasets=trans_tagging --online_simulation_factor=0 --seed=4
2024-07-23 05:33:11 INFO Running runs: ['bssr1ssv']
2024-07-23 06:04:12 INFO Cleaning up finished run: bssr1ssv
2024-07-23 06:04:12 INFO Agent received command: run
2024-07-23 06:04:12 INFO Agent starting run with config:
	ENV_HPT_mode: False
	ENV_LEARNING_RATE: 0.001
	architecture: LSTM
	features: EFs
	offline_train_test_datasets: original_data
	online_simulation_factor: 0
	seed: 0
2024-07-23 06:04:12 INFO About to run command: python StrategyTransfer.py --ENV_HPT_mode=False --ENV_LEARNING_RATE=0.001 --architecture=LSTM --features=EFs --offline_train_test_datasets=original_data --online_simulation_factor=0 --seed=0
2024-07-23 06:04:17 INFO Running runs: ['lqocdj5v']
2024-07-23 06:35:15 INFO Cleaning up finished run: lqocdj5v
2024-07-23 06:35:15 INFO Agent received command: run
2024-07-23 06:35:15 INFO Agent starting run with config:
	ENV_HPT_mode: False
	ENV_LEARNING_RATE: 0.001
	architecture: LSTM
	features: EFs
	offline_train_test_datasets: original_data
	online_simulation_factor: 0
	seed: 2
2024-07-23 06:35:15 INFO About to run command: python StrategyTransfer.py --ENV_HPT_mode=False --ENV_LEARNING_RATE=0.001 --architecture=LSTM --features=EFs --offline_train_test_datasets=original_data --online_simulation_factor=0 --seed=2
2024-07-23 06:35:20 INFO Running runs: ['ab052bya']
2024-07-23 07:02:47 INFO Cleaning up finished run: ab052bya
2024-07-23 07:02:47 INFO Agent received command: run
2024-07-23 07:02:47 INFO Agent starting run with config:
	ENV_HPT_mode: False
	ENV_LEARNING_RATE: 0.001
	architecture: LSTM
	features: EFs
	offline_train_test_datasets: original_data
	online_simulation_factor: 0
	seed: 4
2024-07-23 07:02:47 INFO About to run command: python StrategyTransfer.py --ENV_HPT_mode=False --ENV_LEARNING_RATE=0.001 --architecture=LSTM --features=EFs --offline_train_test_datasets=original_data --online_simulation_factor=0 --seed=4
2024-07-23 07:02:52 INFO Running runs: ['fldpqjka']
2024-07-23 07:30:18 INFO Cleaning up finished run: fldpqjka
2024-07-23 07:30:18 INFO Agent received command: run
2024-07-23 07:30:18 INFO Agent starting run with config:
	ENV_HPT_mode: False
	ENV_LEARNING_RATE: 0.003
	architecture: CNN
	features: EFs
	offline_train_test_datasets: key_word_tagging
	online_simulation_factor: 0
	seed: 0
2024-07-23 07:30:18 INFO About to run command: python StrategyTransfer.py --ENV_HPT_mode=False --ENV_LEARNING_RATE=0.003 --architecture=CNN --features=EFs --offline_train_test_datasets=key_word_tagging --online_simulation_factor=0 --seed=0
2024-07-23 07:30:23 INFO Running runs: ['lzk3xx2j']
2024-07-23 07:59:22 INFO Cleaning up finished run: lzk3xx2j
2024-07-23 07:59:22 INFO Agent received command: run
2024-07-23 07:59:22 INFO Agent starting run with config:
	ENV_HPT_mode: False
	ENV_LEARNING_RATE: 0.003
	architecture: CNN
	features: EFs
	offline_train_test_datasets: key_word_tagging
	online_simulation_factor: 0
	seed: 2
2024-07-23 07:59:22 INFO About to run command: python StrategyTransfer.py --ENV_HPT_mode=False --ENV_LEARNING_RATE=0.003 --architecture=CNN --features=EFs --offline_train_test_datasets=key_word_tagging --online_simulation_factor=0 --seed=2
2024-07-23 07:59:27 INFO Running runs: ['2kspe6ef']
2024-07-23 08:32:02 INFO Cleaning up finished run: 2kspe6ef
2024-07-23 08:32:03 INFO Agent received command: run
2024-07-23 08:32:03 INFO Agent starting run with config:
	ENV_HPT_mode: False
	ENV_LEARNING_RATE: 0.003
	architecture: CNN
	features: EFs
	offline_train_test_datasets: key_word_tagging
	online_simulation_factor: 0
	seed: 4
2024-07-23 08:32:03 INFO About to run command: python StrategyTransfer.py --ENV_HPT_mode=False --ENV_LEARNING_RATE=0.003 --architecture=CNN --features=EFs --offline_train_test_datasets=key_word_tagging --online_simulation_factor=0 --seed=4
2024-07-23 08:32:08 INFO Running runs: ['5cfjx4h4']
2024-07-23 09:05:33 INFO Cleaning up finished run: 5cfjx4h4
2024-07-23 09:05:34 INFO Agent received command: run
2024-07-23 09:05:34 INFO Agent starting run with config:
	ENV_HPT_mode: False
	ENV_LEARNING_RATE: 0.003
	architecture: CNN
	features: EFs
	offline_train_test_datasets: trans_tagging
	online_simulation_factor: 0
	seed: 0
2024-07-23 09:05:34 INFO About to run command: python StrategyTransfer.py --ENV_HPT_mode=False --ENV_LEARNING_RATE=0.003 --architecture=CNN --features=EFs --offline_train_test_datasets=trans_tagging --online_simulation_factor=0 --seed=0
2024-07-23 09:05:39 INFO Running runs: ['w9puf1ep']
2024-07-23 09:38:27 INFO Cleaning up finished run: w9puf1ep
2024-07-23 09:38:27 INFO Agent received command: run
2024-07-23 09:38:27 INFO Agent starting run with config:
	ENV_HPT_mode: False
	ENV_LEARNING_RATE: 0.003
	architecture: CNN
	features: EFs
	offline_train_test_datasets: trans_tagging
	online_simulation_factor: 0
	seed: 2
2024-07-23 09:38:27 INFO About to run command: python StrategyTransfer.py --ENV_HPT_mode=False --ENV_LEARNING_RATE=0.003 --architecture=CNN --features=EFs --offline_train_test_datasets=trans_tagging --online_simulation_factor=0 --seed=2
2024-07-23 09:38:32 INFO Running runs: ['5w8f4en9']
2024-07-23 10:11:46 INFO Cleaning up finished run: 5w8f4en9
2024-07-23 10:11:48 INFO Agent received command: run
2024-07-23 10:11:48 INFO Agent starting run with config:
	ENV_HPT_mode: False
	ENV_LEARNING_RATE: 0.003
	architecture: CNN
	features: EFs
	offline_train_test_datasets: trans_tagging
	online_simulation_factor: 0
	seed: 4
2024-07-23 10:11:48 INFO About to run command: python StrategyTransfer.py --ENV_HPT_mode=False --ENV_LEARNING_RATE=0.003 --architecture=CNN --features=EFs --offline_train_test_datasets=trans_tagging --online_simulation_factor=0 --seed=4
2024-07-23 10:11:53 INFO Running runs: ['q4a9kl8l']
2024-07-23 10:44:54 INFO Cleaning up finished run: q4a9kl8l
2024-07-23 10:44:55 INFO Agent received command: run
2024-07-23 10:44:55 INFO Agent starting run with config:
	ENV_HPT_mode: False
	ENV_LEARNING_RATE: 0.003
	architecture: CNN
	features: EFs
	offline_train_test_datasets: original_data
	online_simulation_factor: 0
	seed: 0
2024-07-23 10:44:55 INFO About to run command: python StrategyTransfer.py --ENV_HPT_mode=False --ENV_LEARNING_RATE=0.003 --architecture=CNN --features=EFs --offline_train_test_datasets=original_data --online_simulation_factor=0 --seed=0
2024-07-23 10:45:00 INFO Running runs: ['8eegrh9a']
2024-07-23 11:17:39 INFO Cleaning up finished run: 8eegrh9a
2024-07-23 11:17:40 INFO Agent received command: run
2024-07-23 11:17:40 INFO Agent starting run with config:
	ENV_HPT_mode: False
	ENV_LEARNING_RATE: 0.003
	architecture: CNN
	features: EFs
	offline_train_test_datasets: original_data
	online_simulation_factor: 0
	seed: 2
2024-07-23 11:17:40 INFO About to run command: python StrategyTransfer.py --ENV_HPT_mode=False --ENV_LEARNING_RATE=0.003 --architecture=CNN --features=EFs --offline_train_test_datasets=original_data --online_simulation_factor=0 --seed=2
2024-07-23 11:17:45 INFO Running runs: ['kc6woxpz']
2024-07-23 11:47:19 INFO Cleaning up finished run: kc6woxpz
2024-07-23 11:47:19 INFO Agent received command: run
2024-07-23 11:47:19 INFO Agent starting run with config:
	ENV_HPT_mode: False
	ENV_LEARNING_RATE: 0.003
	architecture: CNN
	features: EFs
	offline_train_test_datasets: original_data
	online_simulation_factor: 0
	seed: 4
2024-07-23 11:47:19 INFO About to run command: python StrategyTransfer.py --ENV_HPT_mode=False --ENV_LEARNING_RATE=0.003 --architecture=CNN --features=EFs --offline_train_test_datasets=original_data --online_simulation_factor=0 --seed=4
2024-07-23 11:47:25 INFO Running runs: ['1ks3cd5n']
2024-07-23 12:16:48 INFO Cleaning up finished run: 1ks3cd5n
2024-07-23 12:16:49 INFO Agent received command: run
2024-07-23 12:16:49 INFO Agent starting run with config:
	ENV_HPT_mode: False
	ENV_LEARNING_RATE: 0.003
	architecture: LSTM
	features: EFs
	offline_train_test_datasets: key_word_tagging
	online_simulation_factor: 0
	seed: 0
2024-07-23 12:16:49 INFO About to run command: python StrategyTransfer.py --ENV_HPT_mode=False --ENV_LEARNING_RATE=0.003 --architecture=LSTM --features=EFs --offline_train_test_datasets=key_word_tagging --online_simulation_factor=0 --seed=0
2024-07-23 12:16:54 INFO Running runs: ['6y7tnek6']
2024-07-23 12:45:02 INFO Cleaning up finished run: 6y7tnek6
2024-07-23 12:45:03 INFO Agent received command: run
2024-07-23 12:45:03 INFO Agent starting run with config:
	ENV_HPT_mode: False
	ENV_LEARNING_RATE: 0.003
	architecture: LSTM
	features: EFs
	offline_train_test_datasets: key_word_tagging
	online_simulation_factor: 0
	seed: 2
2024-07-23 12:45:03 INFO About to run command: python StrategyTransfer.py --ENV_HPT_mode=False --ENV_LEARNING_RATE=0.003 --architecture=LSTM --features=EFs --offline_train_test_datasets=key_word_tagging --online_simulation_factor=0 --seed=2
2024-07-23 12:45:08 INFO Running runs: ['v2fqpmrs']
2024-07-23 13:16:27 INFO Cleaning up finished run: v2fqpmrs
2024-07-23 13:16:28 INFO Agent received command: run
2024-07-23 13:16:28 INFO Agent starting run with config:
	ENV_HPT_mode: False
	ENV_LEARNING_RATE: 0.003
	architecture: LSTM
	features: EFs
	offline_train_test_datasets: key_word_tagging
	online_simulation_factor: 0
	seed: 4
2024-07-23 13:16:28 INFO About to run command: python StrategyTransfer.py --ENV_HPT_mode=False --ENV_LEARNING_RATE=0.003 --architecture=LSTM --features=EFs --offline_train_test_datasets=key_word_tagging --online_simulation_factor=0 --seed=4
2024-07-23 13:16:33 INFO Running runs: ['sgzoi8e0']
2024-07-23 13:47:41 INFO Cleaning up finished run: sgzoi8e0
2024-07-23 13:47:42 INFO Agent received command: run
2024-07-23 13:47:42 INFO Agent starting run with config:
	ENV_HPT_mode: False
	ENV_LEARNING_RATE: 0.003
	architecture: LSTM
	features: EFs
	offline_train_test_datasets: trans_tagging
	online_simulation_factor: 0
	seed: 0
2024-07-23 13:47:42 INFO About to run command: python StrategyTransfer.py --ENV_HPT_mode=False --ENV_LEARNING_RATE=0.003 --architecture=LSTM --features=EFs --offline_train_test_datasets=trans_tagging --online_simulation_factor=0 --seed=0
2024-07-23 13:47:47 INFO Running runs: ['apcartgt']
2024-07-23 14:19:00 INFO Cleaning up finished run: apcartgt
2024-07-23 14:19:00 INFO Agent received command: run
2024-07-23 14:19:00 INFO Agent starting run with config:
	ENV_HPT_mode: False
	ENV_LEARNING_RATE: 0.003
	architecture: LSTM
	features: EFs
	offline_train_test_datasets: trans_tagging
	online_simulation_factor: 0
	seed: 2
2024-07-23 14:19:00 INFO About to run command: python StrategyTransfer.py --ENV_HPT_mode=False --ENV_LEARNING_RATE=0.003 --architecture=LSTM --features=EFs --offline_train_test_datasets=trans_tagging --online_simulation_factor=0 --seed=2
2024-07-23 14:19:05 INFO Running runs: ['1qshvfv5']
2024-07-23 14:40:54 INFO Retry attempt failed:
Traceback (most recent call last):
  File "C:\ProgramData\Anaconda3\envs\Pokemon\lib\site-packages\urllib3\connection.py", line 196, in _new_conn
    sock = connection.create_connection(
  File "C:\ProgramData\Anaconda3\envs\Pokemon\lib\site-packages\urllib3\util\connection.py", line 60, in create_connection
    for res in socket.getaddrinfo(host, port, family, socket.SOCK_STREAM):
  File "C:\ProgramData\Anaconda3\envs\Pokemon\lib\socket.py", line 954, in getaddrinfo
    for res in _socket.getaddrinfo(host, port, family, type, proto, flags):
socket.gaierror: [Errno 11001] getaddrinfo failed

The above exception was the direct cause of the following exception:

Traceback (most recent call last):
  File "C:\ProgramData\Anaconda3\envs\Pokemon\lib\site-packages\urllib3\connectionpool.py", line 789, in urlopen
    response = self._make_request(
  File "C:\ProgramData\Anaconda3\envs\Pokemon\lib\site-packages\urllib3\connectionpool.py", line 490, in _make_request
    raise new_e
  File "C:\ProgramData\Anaconda3\envs\Pokemon\lib\site-packages\urllib3\connectionpool.py", line 466, in _make_request
    self._validate_conn(conn)
  File "C:\ProgramData\Anaconda3\envs\Pokemon\lib\site-packages\urllib3\connectionpool.py", line 1095, in _validate_conn
    conn.connect()
  File "C:\ProgramData\Anaconda3\envs\Pokemon\lib\site-packages\urllib3\connection.py", line 615, in connect
    self.sock = sock = self._new_conn()
  File "C:\ProgramData\Anaconda3\envs\Pokemon\lib\site-packages\urllib3\connection.py", line 203, in _new_conn
    raise NameResolutionError(self.host, self, e) from e
urllib3.exceptions.NameResolutionError: <urllib3.connection.HTTPSConnection object at 0x000001C4BE849A30>: Failed to resolve 'api.wandb.ai' ([Errno 11001] getaddrinfo failed)

The above exception was the direct cause of the following exception:

Traceback (most recent call last):
  File "C:\ProgramData\Anaconda3\envs\Pokemon\lib\site-packages\requests\adapters.py", line 667, in send
    resp = conn.urlopen(
  File "C:\ProgramData\Anaconda3\envs\Pokemon\lib\site-packages\urllib3\connectionpool.py", line 843, in urlopen
    retries = retries.increment(
  File "C:\ProgramData\Anaconda3\envs\Pokemon\lib\site-packages\urllib3\util\retry.py", line 519, in increment
    raise MaxRetryError(_pool, url, reason) from reason  # type: ignore[arg-type]
urllib3.exceptions.MaxRetryError: HTTPSConnectionPool(host='api.wandb.ai', port=443): Max retries exceeded with url: /graphql (Caused by NameResolutionError("<urllib3.connection.HTTPSConnection object at 0x000001C4BE849A30>: Failed to resolve 'api.wandb.ai' ([Errno 11001] getaddrinfo failed)"))

During handling of the above exception, another exception occurred:

Traceback (most recent call last):
  File "C:\ProgramData\Anaconda3\envs\Pokemon\lib\site-packages\wandb\sdk\lib\retry.py", line 131, in __call__
    result = self._call_fn(*args, **kwargs)
  File "C:\ProgramData\Anaconda3\envs\Pokemon\lib\site-packages\wandb\sdk\internal\internal_api.py", line 369, in execute
    return self.client.execute(*args, **kwargs)  # type: ignore
  File "C:\ProgramData\Anaconda3\envs\Pokemon\lib\site-packages\wandb\vendor\gql-0.2.0\wandb_gql\client.py", line 52, in execute
    result = self._get_result(document, *args, **kwargs)
  File "C:\ProgramData\Anaconda3\envs\Pokemon\lib\site-packages\wandb\vendor\gql-0.2.0\wandb_gql\client.py", line 60, in _get_result
    return self.transport.execute(document, *args, **kwargs)
  File "C:\ProgramData\Anaconda3\envs\Pokemon\lib\site-packages\wandb\sdk\lib\gql_request.py", line 58, in execute
    request = self.session.post(self.url, **post_args)
  File "C:\ProgramData\Anaconda3\envs\Pokemon\lib\site-packages\requests\sessions.py", line 637, in post
    return self.request("POST", url, data=data, json=json, **kwargs)
  File "C:\ProgramData\Anaconda3\envs\Pokemon\lib\site-packages\requests\sessions.py", line 589, in request
    resp = self.send(prep, **send_kwargs)
  File "C:\ProgramData\Anaconda3\envs\Pokemon\lib\site-packages\requests\sessions.py", line 703, in send
    r = adapter.send(request, **kwargs)
  File "C:\ProgramData\Anaconda3\envs\Pokemon\lib\site-packages\requests\adapters.py", line 700, in send
    raise ConnectionError(e, request=request)
requests.exceptions.ConnectionError: HTTPSConnectionPool(host='api.wandb.ai', port=443): Max retries exceeded with url: /graphql (Caused by NameResolutionError("<urllib3.connection.HTTPSConnection object at 0x000001C4BE849A30>: Failed to resolve 'api.wandb.ai' ([Errno 11001] getaddrinfo failed)"))
2024-07-23 14:51:07 INFO Cleaning up finished run: 1qshvfv5
2024-07-23 14:51:08 INFO Agent received command: run
2024-07-23 14:51:08 INFO Agent starting run with config:
	ENV_HPT_mode: False
	ENV_LEARNING_RATE: 0.003
	architecture: LSTM
	features: EFs
	offline_train_test_datasets: trans_tagging
	online_simulation_factor: 0
	seed: 4
2024-07-23 14:51:08 INFO About to run command: python StrategyTransfer.py --ENV_HPT_mode=False --ENV_LEARNING_RATE=0.003 --architecture=LSTM --features=EFs --offline_train_test_datasets=trans_tagging --online_simulation_factor=0 --seed=4
2024-07-23 14:51:13 INFO Running runs: ['r5hltgtj']
2024-07-23 15:22:27 INFO Cleaning up finished run: r5hltgtj
2024-07-23 15:22:27 INFO Agent received command: run
2024-07-23 15:22:27 INFO Agent starting run with config:
	ENV_HPT_mode: False
	ENV_LEARNING_RATE: 0.003
	architecture: LSTM
	features: EFs
	offline_train_test_datasets: original_data
	online_simulation_factor: 0
	seed: 0
2024-07-23 15:22:27 INFO About to run command: python StrategyTransfer.py --ENV_HPT_mode=False --ENV_LEARNING_RATE=0.003 --architecture=LSTM --features=EFs --offline_train_test_datasets=original_data --online_simulation_factor=0 --seed=0
2024-07-23 15:22:32 INFO Running runs: ['fnbn3gms']
2024-07-23 15:53:50 INFO Cleaning up finished run: fnbn3gms
2024-07-23 15:53:50 INFO Agent received command: run
2024-07-23 15:53:50 INFO Agent starting run with config:
	ENV_HPT_mode: False
	ENV_LEARNING_RATE: 0.003
	architecture: LSTM
	features: EFs
	offline_train_test_datasets: original_data
	online_simulation_factor: 0
	seed: 2
2024-07-23 15:53:50 INFO About to run command: python StrategyTransfer.py --ENV_HPT_mode=False --ENV_LEARNING_RATE=0.003 --architecture=LSTM --features=EFs --offline_train_test_datasets=original_data --online_simulation_factor=0 --seed=2
2024-07-23 15:53:55 INFO Running runs: ['zpythq4e']
2024-07-23 16:21:35 INFO Cleaning up finished run: zpythq4e
2024-07-23 16:21:35 INFO Agent received command: run
2024-07-23 16:21:35 INFO Agent starting run with config:
	ENV_HPT_mode: False
	ENV_LEARNING_RATE: 0.003
	architecture: LSTM
	features: EFs
	offline_train_test_datasets: original_data
	online_simulation_factor: 0
	seed: 4
2024-07-23 16:21:35 INFO About to run command: python StrategyTransfer.py --ENV_HPT_mode=False --ENV_LEARNING_RATE=0.003 --architecture=LSTM --features=EFs --offline_train_test_datasets=original_data --online_simulation_factor=0 --seed=4
2024-07-23 16:21:40 INFO Running runs: ['9zr1tl8f']
2024-07-23 16:49:21 INFO Cleaning up finished run: 9zr1tl8f
2024-07-23 16:49:22 INFO Agent received command: exit
2024-07-23 16:49:22 INFO Received exit command. Killing runs and quitting.
2024-07-23 20:22:28 INFO Running runs: []
2024-07-23 20:22:29 INFO Agent received command: run
2024-07-23 20:22:29 INFO Agent starting run with config:
	ENV_HPT_mode: False
	ENV_LEARNING_RATE: 0.001
	architecture: CNN
	features: EFs
	offline_train_test_datasets: trans_tagging
	online_simulation_factor: 0
	seed: 0
2024-07-23 20:22:29 INFO About to run command: python StrategyTransfer.py --ENV_HPT_mode=False --ENV_LEARNING_RATE=0.001 --architecture=CNN --features=EFs --offline_train_test_datasets=trans_tagging --online_simulation_factor=0 --seed=0
2024-07-23 20:22:34 INFO Running runs: ['3tvtodr6']
2024-07-23 20:26:23 INFO Running runs: []
2024-07-23 20:26:23 INFO Agent received command: run
2024-07-23 20:26:23 INFO Agent starting run with config:
	ENV_HPT_mode: False
	ENV_LEARNING_RATE: 0.001
	architecture: CNN
	features: EFs
	offline_train_test_datasets: trans_tagging
	seed: 0
2024-07-23 20:26:23 INFO About to run command: python StrategyTransfer.py --ENV_HPT_mode=False --ENV_LEARNING_RATE=0.001 --architecture=CNN --features=EFs --offline_train_test_datasets=trans_tagging --seed=0
2024-07-23 20:26:29 INFO Running runs: ['d7llwhz2']
2024-07-23 20:36:06 INFO Cleaning up finished run: d7llwhz2
2024-07-23 20:36:15 INFO Agent received command: run
2024-07-23 20:36:15 INFO Agent starting run with config:
	ENV_HPT_mode: False
	ENV_LEARNING_RATE: 0.001
	architecture: CNN
	features: EFs
	offline_train_test_datasets: trans_tagging
	seed: 2
2024-07-23 20:36:15 INFO About to run command: python StrategyTransfer.py --ENV_HPT_mode=False --ENV_LEARNING_RATE=0.001 --architecture=CNN --features=EFs --offline_train_test_datasets=trans_tagging --seed=2
2024-07-23 20:36:20 INFO Running runs: ['d4eai3o9']
2024-07-23 20:48:44 INFO Cleaning up finished run: d4eai3o9
2024-07-23 20:48:44 INFO Agent received command: run
2024-07-23 20:48:44 INFO Agent starting run with config:
	ENV_HPT_mode: False
	ENV_LEARNING_RATE: 0.001
	architecture: CNN
	features: EFs
	offline_train_test_datasets: trans_tagging
	seed: 4
2024-07-23 20:48:44 INFO About to run command: python StrategyTransfer.py --ENV_HPT_mode=False --ENV_LEARNING_RATE=0.001 --architecture=CNN --features=EFs --offline_train_test_datasets=trans_tagging --seed=4
2024-07-23 20:48:49 INFO Running runs: ['actf68kt']
2024-07-23 21:00:35 INFO Cleaning up finished run: actf68kt
2024-07-23 21:00:36 INFO Agent received command: run
2024-07-23 21:00:36 INFO Agent starting run with config:
	ENV_HPT_mode: False
	ENV_LEARNING_RATE: 0.001
	architecture: CNN
	features: EFs
	offline_train_test_datasets: original_data
	seed: 0
2024-07-23 21:00:36 INFO About to run command: python StrategyTransfer.py --ENV_HPT_mode=False --ENV_LEARNING_RATE=0.001 --architecture=CNN --features=EFs --offline_train_test_datasets=original_data --seed=0
2024-07-23 21:00:41 INFO Running runs: ['5my24ubh']
2024-07-23 21:06:57 INFO Cleaning up finished run: 5my24ubh
2024-07-23 21:06:57 INFO Agent received command: run
2024-07-23 21:06:57 INFO Agent starting run with config:
	ENV_HPT_mode: False
	ENV_LEARNING_RATE: 0.001
	architecture: CNN
	features: EFs
	offline_train_test_datasets: original_data
	seed: 2
2024-07-23 21:06:57 INFO About to run command: python StrategyTransfer.py --ENV_HPT_mode=False --ENV_LEARNING_RATE=0.001 --architecture=CNN --features=EFs --offline_train_test_datasets=original_data --seed=2
2024-07-23 21:07:02 INFO Running runs: ['c26k8vs1']
2024-07-24 01:49:51 INFO Cleaning up finished run: c26k8vs1
2024-07-24 01:49:51 INFO Agent received command: run
2024-07-24 01:49:51 INFO Agent starting run with config:
	ENV_HPT_mode: False
	ENV_LEARNING_RATE: 0.001
	architecture: CNN
	features: EFs
	offline_train_test_datasets: key_word_tagging
	seed: 0
2024-07-24 01:49:51 INFO About to run command: python StrategyTransfer.py --ENV_HPT_mode=False --ENV_LEARNING_RATE=0.001 --architecture=CNN --features=EFs --offline_train_test_datasets=key_word_tagging --seed=0
2024-07-24 01:49:56 INFO Running runs: ['3da01bpw']
2024-07-24 04:38:49 INFO Cleaning up finished run: 3da01bpw
2024-07-24 04:38:49 INFO Agent received command: run
2024-07-24 04:38:49 INFO Agent starting run with config:
	ENV_HPT_mode: False
	ENV_LEARNING_RATE: 0.001
	architecture: CNN
	features: EFs
	offline_train_test_datasets: key_word_tagging
	seed: 2
2024-07-24 04:38:49 INFO About to run command: python StrategyTransfer.py --ENV_HPT_mode=False --ENV_LEARNING_RATE=0.001 --architecture=CNN --features=EFs --offline_train_test_datasets=key_word_tagging --seed=2
2024-07-24 04:38:54 INFO Running runs: ['xsjmjdpq']
2024-07-24 04:40:59 INFO Cleaning up finished run: xsjmjdpq
2024-07-24 04:40:59 INFO Agent received command: run
2024-07-24 04:40:59 INFO Agent starting run with config:
	ENV_HPT_mode: False
	ENV_LEARNING_RATE: 0.001
	architecture: CNN
	features: EFs
	offline_train_test_datasets: key_word_tagging
	seed: 4
2024-07-24 04:40:59 INFO About to run command: python StrategyTransfer.py --ENV_HPT_mode=False --ENV_LEARNING_RATE=0.001 --architecture=CNN --features=EFs --offline_train_test_datasets=key_word_tagging --seed=4
2024-07-24 04:41:04 INFO Running runs: ['rpo195rq']
2024-07-24 04:43:09 INFO Cleaning up finished run: rpo195rq
2024-07-24 04:43:09 INFO Agent received command: run
2024-07-24 04:43:09 INFO Agent starting run with config:
	ENV_HPT_mode: False
	ENV_LEARNING_RATE: 0.001
	architecture: CNN
	features: EFs
	offline_train_test_datasets: original_data
	seed: 4
2024-07-24 04:43:09 INFO About to run command: python StrategyTransfer.py --ENV_HPT_mode=False --ENV_LEARNING_RATE=0.001 --architecture=CNN --features=EFs --offline_train_test_datasets=original_data --seed=4
2024-07-24 04:43:14 INFO Running runs: ['40rvukd7']
2024-07-24 04:45:19 INFO Cleaning up finished run: 40rvukd7
2024-07-24 04:45:19 INFO Agent received command: run
2024-07-24 04:45:19 INFO Agent starting run with config:
	ENV_HPT_mode: False
	ENV_LEARNING_RATE: 0.001
	architecture: LSTM
	features: EFs
	offline_train_test_datasets: key_word_tagging
	seed: 0
2024-07-24 04:45:19 INFO About to run command: python StrategyTransfer.py --ENV_HPT_mode=False --ENV_LEARNING_RATE=0.001 --architecture=LSTM --features=EFs --offline_train_test_datasets=key_word_tagging --seed=0
2024-07-24 04:45:24 INFO Running runs: ['6uktod0u']
2024-07-24 07:15:33 INFO Cleaning up finished run: 6uktod0u
2024-07-24 07:15:33 INFO Agent received command: run
2024-07-24 07:15:33 INFO Agent starting run with config:
	ENV_HPT_mode: False
	ENV_LEARNING_RATE: 0.001
	architecture: LSTM
	features: EFs
	offline_train_test_datasets: key_word_tagging
	seed: 2
2024-07-24 07:15:33 INFO About to run command: python StrategyTransfer.py --ENV_HPT_mode=False --ENV_LEARNING_RATE=0.001 --architecture=LSTM --features=EFs --offline_train_test_datasets=key_word_tagging --seed=2
2024-07-24 07:15:39 INFO Running runs: ['6kk3iyd6']
2024-07-24 07:17:43 INFO Cleaning up finished run: 6kk3iyd6
2024-07-24 07:17:43 INFO Agent received command: run
2024-07-24 07:17:43 INFO Agent starting run with config:
	ENV_HPT_mode: False
	ENV_LEARNING_RATE: 0.001
	architecture: LSTM
	features: EFs
	offline_train_test_datasets: key_word_tagging
	seed: 4
2024-07-24 07:17:43 INFO About to run command: python StrategyTransfer.py --ENV_HPT_mode=False --ENV_LEARNING_RATE=0.001 --architecture=LSTM --features=EFs --offline_train_test_datasets=key_word_tagging --seed=4
2024-07-24 07:17:48 INFO Running runs: ['6ouz9ko6']
2024-07-24 07:19:54 INFO Cleaning up finished run: 6ouz9ko6
2024-07-24 07:19:54 INFO Agent received command: run
2024-07-24 07:19:54 INFO Agent starting run with config:
	ENV_HPT_mode: False
	ENV_LEARNING_RATE: 0.001
	architecture: LSTM
	features: EFs
	offline_train_test_datasets: trans_tagging
	seed: 0
2024-07-24 07:19:54 INFO About to run command: python StrategyTransfer.py --ENV_HPT_mode=False --ENV_LEARNING_RATE=0.001 --architecture=LSTM --features=EFs --offline_train_test_datasets=trans_tagging --seed=0
2024-07-24 07:19:59 INFO Running runs: ['jkz59d6q']
2024-07-24 07:22:04 INFO Cleaning up finished run: jkz59d6q
2024-07-24 07:22:04 INFO Agent received command: run
2024-07-24 07:22:04 INFO Agent starting run with config:
	ENV_HPT_mode: False
	ENV_LEARNING_RATE: 0.001
	architecture: LSTM
	features: EFs
	offline_train_test_datasets: trans_tagging
	seed: 2
2024-07-24 07:22:04 INFO About to run command: python StrategyTransfer.py --ENV_HPT_mode=False --ENV_LEARNING_RATE=0.001 --architecture=LSTM --features=EFs --offline_train_test_datasets=trans_tagging --seed=2
2024-07-24 07:22:09 INFO Running runs: ['cw4dx0m6']
2024-07-24 07:24:14 INFO Cleaning up finished run: cw4dx0m6
2024-07-24 07:24:14 INFO Agent received command: run
2024-07-24 07:24:14 INFO Agent starting run with config:
	ENV_HPT_mode: False
	ENV_LEARNING_RATE: 0.001
	architecture: LSTM
	features: EFs
	offline_train_test_datasets: trans_tagging
	seed: 4
2024-07-24 07:24:14 INFO About to run command: python StrategyTransfer.py --ENV_HPT_mode=False --ENV_LEARNING_RATE=0.001 --architecture=LSTM --features=EFs --offline_train_test_datasets=trans_tagging --seed=4
2024-07-24 07:24:19 INFO Running runs: ['ds26rwdg']
2024-07-24 07:26:24 INFO Cleaning up finished run: ds26rwdg
2024-07-24 07:26:24 INFO Agent received command: run
2024-07-24 07:26:24 INFO Agent starting run with config:
	ENV_HPT_mode: False
	ENV_LEARNING_RATE: 0.001
	architecture: LSTM
	features: EFs
	offline_train_test_datasets: original_data
	seed: 0
2024-07-24 07:26:24 INFO About to run command: python StrategyTransfer.py --ENV_HPT_mode=False --ENV_LEARNING_RATE=0.001 --architecture=LSTM --features=EFs --offline_train_test_datasets=original_data --seed=0
2024-07-24 07:26:29 INFO Running runs: ['cpk6g1q3']
2024-07-24 07:28:34 INFO Cleaning up finished run: cpk6g1q3
2024-07-24 07:28:34 INFO Agent received command: run
2024-07-24 07:28:34 INFO Agent starting run with config:
	ENV_HPT_mode: False
	ENV_LEARNING_RATE: 0.001
	architecture: LSTM
	features: EFs
	offline_train_test_datasets: original_data
	seed: 2
2024-07-24 07:28:34 INFO About to run command: python StrategyTransfer.py --ENV_HPT_mode=False --ENV_LEARNING_RATE=0.001 --architecture=LSTM --features=EFs --offline_train_test_datasets=original_data --seed=2
2024-07-24 07:28:39 INFO Running runs: ['qf33s1lm']
2024-07-24 10:02:38 INFO Cleaning up finished run: qf33s1lm
2024-07-24 10:02:39 INFO Agent received command: run
2024-07-24 10:02:39 INFO Agent starting run with config:
	ENV_HPT_mode: False
	ENV_LEARNING_RATE: 0.001
	architecture: LSTM
	features: EFs
	offline_train_test_datasets: original_data
	seed: 4
2024-07-24 10:02:39 INFO About to run command: python StrategyTransfer.py --ENV_HPT_mode=False --ENV_LEARNING_RATE=0.001 --architecture=LSTM --features=EFs --offline_train_test_datasets=original_data --seed=4
2024-07-24 10:02:44 INFO Running runs: ['infpuv6l']
2024-07-24 12:34:15 INFO Cleaning up finished run: infpuv6l
2024-07-24 12:34:15 INFO Agent received command: run
2024-07-24 12:34:15 INFO Agent starting run with config:
	ENV_HPT_mode: False
	ENV_LEARNING_RATE: 0.003
	architecture: CNN
	features: EFs
	offline_train_test_datasets: key_word_tagging
	seed: 0
2024-07-24 12:34:15 INFO About to run command: python StrategyTransfer.py --ENV_HPT_mode=False --ENV_LEARNING_RATE=0.003 --architecture=CNN --features=EFs --offline_train_test_datasets=key_word_tagging --seed=0
2024-07-24 12:34:20 INFO Running runs: ['dhi84x6o']
2024-07-24 15:25:58 INFO Cleaning up finished run: dhi84x6o
2024-07-24 15:25:58 INFO Agent received command: run
2024-07-24 15:25:58 INFO Agent starting run with config:
	ENV_HPT_mode: False
	ENV_LEARNING_RATE: 0.003
	architecture: CNN
	features: EFs
	offline_train_test_datasets: key_word_tagging
	seed: 2
2024-07-24 15:25:58 INFO About to run command: python StrategyTransfer.py --ENV_HPT_mode=False --ENV_LEARNING_RATE=0.003 --architecture=CNN --features=EFs --offline_train_test_datasets=key_word_tagging --seed=2
2024-07-24 15:26:03 INFO Running runs: ['f7xr36ul']
2024-07-24 15:28:49 INFO Cleaning up finished run: f7xr36ul
2024-07-24 15:28:49 INFO Agent received command: run
2024-07-24 15:28:49 INFO Agent starting run with config:
	ENV_HPT_mode: False
	ENV_LEARNING_RATE: 0.003
	architecture: CNN
	features: EFs
	offline_train_test_datasets: key_word_tagging
	seed: 4
2024-07-24 15:28:49 INFO About to run command: python StrategyTransfer.py --ENV_HPT_mode=False --ENV_LEARNING_RATE=0.003 --architecture=CNN --features=EFs --offline_train_test_datasets=key_word_tagging --seed=4
2024-07-24 15:28:55 INFO Running runs: ['3ea6emb3']
2024-07-24 15:31:41 INFO Cleaning up finished run: 3ea6emb3
2024-07-24 15:31:41 INFO Agent received command: run
2024-07-24 15:31:41 INFO Agent starting run with config:
	ENV_HPT_mode: False
	ENV_LEARNING_RATE: 0.003
	architecture: CNN
	features: EFs
	offline_train_test_datasets: trans_tagging
	seed: 0
2024-07-24 15:31:41 INFO About to run command: python StrategyTransfer.py --ENV_HPT_mode=False --ENV_LEARNING_RATE=0.003 --architecture=CNN --features=EFs --offline_train_test_datasets=trans_tagging --seed=0
2024-07-24 15:31:46 INFO Running runs: ['qm8x822s']
2024-07-24 15:34:32 INFO Cleaning up finished run: qm8x822s
2024-07-24 15:34:33 INFO Agent received command: run
2024-07-24 15:34:33 INFO Agent starting run with config:
	ENV_HPT_mode: False
	ENV_LEARNING_RATE: 0.003
	architecture: CNN
	features: EFs
	offline_train_test_datasets: trans_tagging
	seed: 2
2024-07-24 15:34:33 INFO About to run command: python StrategyTransfer.py --ENV_HPT_mode=False --ENV_LEARNING_RATE=0.003 --architecture=CNN --features=EFs --offline_train_test_datasets=trans_tagging --seed=2
2024-07-24 15:34:38 INFO Running runs: ['t2o055n3']
2024-07-24 15:37:24 INFO Cleaning up finished run: t2o055n3
2024-07-24 15:37:24 INFO Agent received command: run
2024-07-24 15:37:24 INFO Agent starting run with config:
	ENV_HPT_mode: False
	ENV_LEARNING_RATE: 0.003
	architecture: CNN
	features: EFs
	offline_train_test_datasets: trans_tagging
	seed: 4
2024-07-24 15:37:24 INFO About to run command: python StrategyTransfer.py --ENV_HPT_mode=False --ENV_LEARNING_RATE=0.003 --architecture=CNN --features=EFs --offline_train_test_datasets=trans_tagging --seed=4
2024-07-24 15:37:29 INFO Running runs: ['26sy5yk7']
2024-07-24 15:40:15 INFO Cleaning up finished run: 26sy5yk7
2024-07-24 15:40:16 INFO Agent received command: run
2024-07-24 15:40:16 INFO Agent starting run with config:
	ENV_HPT_mode: False
	ENV_LEARNING_RATE: 0.003
	architecture: CNN
	features: EFs
	offline_train_test_datasets: original_data
	seed: 0
2024-07-24 15:40:16 INFO About to run command: python StrategyTransfer.py --ENV_HPT_mode=False --ENV_LEARNING_RATE=0.003 --architecture=CNN --features=EFs --offline_train_test_datasets=original_data --seed=0
2024-07-24 15:40:21 INFO Running runs: ['mqxq14hn']
2024-07-24 15:43:12 INFO Cleaning up finished run: mqxq14hn
2024-07-24 15:43:13 INFO Agent received command: run
2024-07-24 15:43:13 INFO Agent starting run with config:
	ENV_HPT_mode: False
	ENV_LEARNING_RATE: 0.003
	architecture: CNN
	features: EFs
	offline_train_test_datasets: original_data
	seed: 2
2024-07-24 15:43:13 INFO About to run command: python StrategyTransfer.py --ENV_HPT_mode=False --ENV_LEARNING_RATE=0.003 --architecture=CNN --features=EFs --offline_train_test_datasets=original_data --seed=2
2024-07-24 15:43:18 INFO Running runs: ['teg0rgvz']
2024-07-24 18:39:44 INFO Cleaning up finished run: teg0rgvz
2024-07-24 18:39:45 INFO Agent received command: run
2024-07-24 18:39:45 INFO Agent starting run with config:
	ENV_HPT_mode: False
	ENV_LEARNING_RATE: 0.003
	architecture: CNN
	features: EFs
	offline_train_test_datasets: original_data
	seed: 4
2024-07-24 18:39:45 INFO About to run command: python StrategyTransfer.py --ENV_HPT_mode=False --ENV_LEARNING_RATE=0.003 --architecture=CNN --features=EFs --offline_train_test_datasets=original_data --seed=4
2024-07-24 18:39:50 INFO Running runs: ['dfrk2t81']
2024-07-24 21:31:34 INFO Cleaning up finished run: dfrk2t81
2024-07-24 21:31:34 INFO Agent received command: run
2024-07-24 21:31:34 INFO Agent starting run with config:
	ENV_HPT_mode: False
	ENV_LEARNING_RATE: 0.003
	architecture: LSTM
	features: EFs
	offline_train_test_datasets: key_word_tagging
	seed: 0
2024-07-24 21:31:34 INFO About to run command: python StrategyTransfer.py --ENV_HPT_mode=False --ENV_LEARNING_RATE=0.003 --architecture=LSTM --features=EFs --offline_train_test_datasets=key_word_tagging --seed=0
2024-07-24 21:31:39 INFO Running runs: ['kvwqdsxd']
2024-07-25 00:05:07 INFO Cleaning up finished run: kvwqdsxd
2024-07-25 00:05:07 INFO Agent received command: run
2024-07-25 00:05:07 INFO Agent starting run with config:
	ENV_HPT_mode: False
	ENV_LEARNING_RATE: 0.003
	architecture: LSTM
	features: EFs
	offline_train_test_datasets: key_word_tagging
	seed: 2
2024-07-25 00:05:07 INFO About to run command: python StrategyTransfer.py --ENV_HPT_mode=False --ENV_LEARNING_RATE=0.003 --architecture=LSTM --features=EFs --offline_train_test_datasets=key_word_tagging --seed=2
2024-07-25 00:05:12 INFO Running runs: ['trk7964q']
2024-07-25 00:07:59 INFO Cleaning up finished run: trk7964q
2024-07-25 00:07:59 INFO Agent received command: run
2024-07-25 00:07:59 INFO Agent starting run with config:
	ENV_HPT_mode: False
	ENV_LEARNING_RATE: 0.003
	architecture: LSTM
	features: EFs
	offline_train_test_datasets: key_word_tagging
	seed: 4
2024-07-25 00:07:59 INFO About to run command: python StrategyTransfer.py --ENV_HPT_mode=False --ENV_LEARNING_RATE=0.003 --architecture=LSTM --features=EFs --offline_train_test_datasets=key_word_tagging --seed=4
2024-07-25 00:08:04 INFO Running runs: ['9dm9915v']
2024-07-25 00:10:50 INFO Cleaning up finished run: 9dm9915v
2024-07-25 00:10:51 INFO Agent received command: run
2024-07-25 00:10:51 INFO Agent starting run with config:
	ENV_HPT_mode: False
	ENV_LEARNING_RATE: 0.003
	architecture: LSTM
	features: EFs
	offline_train_test_datasets: trans_tagging
	seed: 0
2024-07-25 00:10:51 INFO About to run command: python StrategyTransfer.py --ENV_HPT_mode=False --ENV_LEARNING_RATE=0.003 --architecture=LSTM --features=EFs --offline_train_test_datasets=trans_tagging --seed=0
2024-07-25 00:10:56 INFO Running runs: ['lqn9ved4']
2024-07-25 00:13:42 INFO Cleaning up finished run: lqn9ved4
2024-07-25 00:13:42 INFO Agent received command: run
2024-07-25 00:13:42 INFO Agent starting run with config:
	ENV_HPT_mode: False
	ENV_LEARNING_RATE: 0.003
	architecture: LSTM
	features: EFs
	offline_train_test_datasets: trans_tagging
	seed: 2
2024-07-25 00:13:42 INFO About to run command: python StrategyTransfer.py --ENV_HPT_mode=False --ENV_LEARNING_RATE=0.003 --architecture=LSTM --features=EFs --offline_train_test_datasets=trans_tagging --seed=2
2024-07-25 00:13:47 INFO Running runs: ['y2recpug']
2024-07-25 00:16:33 INFO Cleaning up finished run: y2recpug
2024-07-25 00:16:34 INFO Agent received command: run
2024-07-25 00:16:34 INFO Agent starting run with config:
	ENV_HPT_mode: False
	ENV_LEARNING_RATE: 0.003
	architecture: LSTM
	features: EFs
	offline_train_test_datasets: trans_tagging
	seed: 4
2024-07-25 00:16:34 INFO About to run command: python StrategyTransfer.py --ENV_HPT_mode=False --ENV_LEARNING_RATE=0.003 --architecture=LSTM --features=EFs --offline_train_test_datasets=trans_tagging --seed=4
2024-07-25 00:16:39 INFO Running runs: ['x0ci03sr']
2024-07-25 00:19:20 INFO Cleaning up finished run: x0ci03sr
2024-07-25 00:19:20 INFO Agent received command: run
2024-07-25 00:19:20 INFO Agent starting run with config:
	ENV_HPT_mode: False
	ENV_LEARNING_RATE: 0.003
	architecture: LSTM
	features: EFs
	offline_train_test_datasets: original_data
	seed: 0
2024-07-25 00:19:20 INFO About to run command: python StrategyTransfer.py --ENV_HPT_mode=False --ENV_LEARNING_RATE=0.003 --architecture=LSTM --features=EFs --offline_train_test_datasets=original_data --seed=0
2024-07-25 00:19:25 INFO Running runs: ['5dag55ps']
2024-07-25 00:22:12 INFO Cleaning up finished run: 5dag55ps
2024-07-25 00:22:12 INFO Agent received command: run
2024-07-25 00:22:12 INFO Agent starting run with config:
	ENV_HPT_mode: False
	ENV_LEARNING_RATE: 0.003
	architecture: LSTM
	features: EFs
	offline_train_test_datasets: original_data
	seed: 2
2024-07-25 00:22:12 INFO About to run command: python StrategyTransfer.py --ENV_HPT_mode=False --ENV_LEARNING_RATE=0.003 --architecture=LSTM --features=EFs --offline_train_test_datasets=original_data --seed=2
2024-07-25 00:22:17 INFO Running runs: ['lcc072ky']
2024-07-25 02:52:57 INFO Cleaning up finished run: lcc072ky
2024-07-25 02:52:57 INFO Agent received command: run
2024-07-25 02:52:57 INFO Agent starting run with config:
	ENV_HPT_mode: False
	ENV_LEARNING_RATE: 0.003
	architecture: LSTM
	features: EFs
	offline_train_test_datasets: original_data
	seed: 4
2024-07-25 02:52:57 INFO About to run command: python StrategyTransfer.py --ENV_HPT_mode=False --ENV_LEARNING_RATE=0.003 --architecture=LSTM --features=EFs --offline_train_test_datasets=original_data --seed=4
2024-07-25 02:53:02 INFO Running runs: ['tqxhfyqp']
2024-07-25 05:22:48 INFO Cleaning up finished run: tqxhfyqp
2024-07-25 05:22:48 INFO Agent received command: exit
2024-07-25 05:22:48 INFO Received exit command. Killing runs and quitting.
2024-07-26 13:57:08 ERROR 400 response executing GraphQL.
2024-07-26 13:57:08 ERROR {"errors":[{"message":"Sweep bellatomer/NLP2024_PROJECT_BellaPerel/f368mnls is not running","path":["createAgent"]}],"data":{"createAgent":null}}
2024-07-26 13:57:08 ERROR Traceback (most recent call last):
  File "C:\ProgramData\Anaconda3\envs\Pokemon\lib\site-packages\wandb\sdk\lib\retry.py", line 131, in __call__
    result = self._call_fn(*args, **kwargs)
  File "C:\ProgramData\Anaconda3\envs\Pokemon\lib\site-packages\wandb\sdk\internal\internal_api.py", line 369, in execute
    return self.client.execute(*args, **kwargs)  # type: ignore
  File "C:\ProgramData\Anaconda3\envs\Pokemon\lib\site-packages\wandb\vendor\gql-0.2.0\wandb_gql\client.py", line 52, in execute
    result = self._get_result(document, *args, **kwargs)
  File "C:\ProgramData\Anaconda3\envs\Pokemon\lib\site-packages\wandb\vendor\gql-0.2.0\wandb_gql\client.py", line 60, in _get_result
    return self.transport.execute(document, *args, **kwargs)
  File "C:\ProgramData\Anaconda3\envs\Pokemon\lib\site-packages\wandb\sdk\lib\gql_request.py", line 59, in execute
    request.raise_for_status()
  File "C:\ProgramData\Anaconda3\envs\Pokemon\lib\site-packages\requests\models.py", line 1024, in raise_for_status
    raise HTTPError(http_error_msg, response=self)
requests.exceptions.HTTPError: 400 Client Error: Bad Request for url: https://api.wandb.ai/graphql

During handling of the above exception, another exception occurred:

Traceback (most recent call last):
  File "C:\ProgramData\Anaconda3\envs\Pokemon\lib\site-packages\wandb\cli\cli.py", line 105, in wrapper
    return func(*args, **kwargs)
  File "C:\ProgramData\Anaconda3\envs\Pokemon\lib\site-packages\wandb\cli\cli.py", line 1755, in agent
    wandb_agent.agent(sweep_id, entity=entity, project=project, count=count)
  File "C:\ProgramData\Anaconda3\envs\Pokemon\lib\site-packages\wandb\wandb_agent.py", line 570, in agent
    return run_agent(
  File "C:\ProgramData\Anaconda3\envs\Pokemon\lib\site-packages\wandb\wandb_agent.py", line 528, in run_agent
    agent.run()
  File "C:\ProgramData\Anaconda3\envs\Pokemon\lib\site-packages\wandb\wandb_agent.py", line 201, in run
    agent = self._api.register_agent(socket.gethostname(), sweep_id=self._sweep_id)
  File "C:\ProgramData\Anaconda3\envs\Pokemon\lib\site-packages\wandb\apis\internal.py", line 150, in register_agent
    return self.api.register_agent(*args, **kwargs)
  File "C:\ProgramData\Anaconda3\envs\Pokemon\lib\site-packages\wandb\apis\normalize.py", line 73, in wrapper
    raise err
  File "C:\ProgramData\Anaconda3\envs\Pokemon\lib\site-packages\wandb\apis\normalize.py", line 41, in wrapper
    return func(*args, **kwargs)
  File "C:\ProgramData\Anaconda3\envs\Pokemon\lib\site-packages\wandb\sdk\internal\internal_api.py", line 2938, in register_agent
    response = self.gql(
  File "C:\ProgramData\Anaconda3\envs\Pokemon\lib\site-packages\wandb\sdk\internal\internal_api.py", line 341, in gql
    ret = self._retry_gql(
  File "C:\ProgramData\Anaconda3\envs\Pokemon\lib\site-packages\wandb\sdk\lib\retry.py", line 147, in __call__
    retry_timedelta_triggered = check_retry_fn(e)
  File "C:\ProgramData\Anaconda3\envs\Pokemon\lib\site-packages\wandb\util.py", line 881, in no_retry_4xx
    raise UsageError(body["errors"][0]["message"])
wandb.errors.UsageError: Sweep bellatomer/NLP2024_PROJECT_BellaPerel/f368mnls is not running

2024-07-26 13:57:54 ERROR 400 response executing GraphQL.
2024-07-26 13:57:54 ERROR {"errors":[{"message":"Sweep bellatomer/NLP2024_PROJECT_BellaPerel/f368mnls is not running","path":["createAgent"]}],"data":{"createAgent":null}}
2024-07-26 13:57:54 ERROR Traceback (most recent call last):
  File "C:\ProgramData\Anaconda3\envs\Pokemon\lib\site-packages\wandb\sdk\lib\retry.py", line 131, in __call__
    result = self._call_fn(*args, **kwargs)
  File "C:\ProgramData\Anaconda3\envs\Pokemon\lib\site-packages\wandb\sdk\internal\internal_api.py", line 369, in execute
    return self.client.execute(*args, **kwargs)  # type: ignore
  File "C:\ProgramData\Anaconda3\envs\Pokemon\lib\site-packages\wandb\vendor\gql-0.2.0\wandb_gql\client.py", line 52, in execute
    result = self._get_result(document, *args, **kwargs)
  File "C:\ProgramData\Anaconda3\envs\Pokemon\lib\site-packages\wandb\vendor\gql-0.2.0\wandb_gql\client.py", line 60, in _get_result
    return self.transport.execute(document, *args, **kwargs)
  File "C:\ProgramData\Anaconda3\envs\Pokemon\lib\site-packages\wandb\sdk\lib\gql_request.py", line 59, in execute
    request.raise_for_status()
  File "C:\ProgramData\Anaconda3\envs\Pokemon\lib\site-packages\requests\models.py", line 1024, in raise_for_status
    raise HTTPError(http_error_msg, response=self)
requests.exceptions.HTTPError: 400 Client Error: Bad Request for url: https://api.wandb.ai/graphql

During handling of the above exception, another exception occurred:

Traceback (most recent call last):
  File "C:\ProgramData\Anaconda3\envs\Pokemon\lib\site-packages\wandb\cli\cli.py", line 105, in wrapper
    return func(*args, **kwargs)
  File "C:\ProgramData\Anaconda3\envs\Pokemon\lib\site-packages\wandb\cli\cli.py", line 1755, in agent
    wandb_agent.agent(sweep_id, entity=entity, project=project, count=count)
  File "C:\ProgramData\Anaconda3\envs\Pokemon\lib\site-packages\wandb\wandb_agent.py", line 570, in agent
    return run_agent(
  File "C:\ProgramData\Anaconda3\envs\Pokemon\lib\site-packages\wandb\wandb_agent.py", line 528, in run_agent
    agent.run()
  File "C:\ProgramData\Anaconda3\envs\Pokemon\lib\site-packages\wandb\wandb_agent.py", line 201, in run
    agent = self._api.register_agent(socket.gethostname(), sweep_id=self._sweep_id)
  File "C:\ProgramData\Anaconda3\envs\Pokemon\lib\site-packages\wandb\apis\internal.py", line 150, in register_agent
    return self.api.register_agent(*args, **kwargs)
  File "C:\ProgramData\Anaconda3\envs\Pokemon\lib\site-packages\wandb\apis\normalize.py", line 73, in wrapper
    raise err
  File "C:\ProgramData\Anaconda3\envs\Pokemon\lib\site-packages\wandb\apis\normalize.py", line 41, in wrapper
    return func(*args, **kwargs)
  File "C:\ProgramData\Anaconda3\envs\Pokemon\lib\site-packages\wandb\sdk\internal\internal_api.py", line 2938, in register_agent
    response = self.gql(
  File "C:\ProgramData\Anaconda3\envs\Pokemon\lib\site-packages\wandb\sdk\internal\internal_api.py", line 341, in gql
    ret = self._retry_gql(
  File "C:\ProgramData\Anaconda3\envs\Pokemon\lib\site-packages\wandb\sdk\lib\retry.py", line 147, in __call__
    retry_timedelta_triggered = check_retry_fn(e)
  File "C:\ProgramData\Anaconda3\envs\Pokemon\lib\site-packages\wandb\util.py", line 881, in no_retry_4xx
    raise UsageError(body["errors"][0]["message"])
wandb.errors.UsageError: Sweep bellatomer/NLP2024_PROJECT_BellaPerel/f368mnls is not running

2024-07-26 13:59:47 ERROR 400 response executing GraphQL.
2024-07-26 13:59:47 ERROR {"errors":[{"message":"Sweep bellatomer/NLP2024_PROJECT_BellaPerel/f368mnls is not running","path":["createAgent"]}],"data":{"createAgent":null}}
2024-07-26 13:59:47 ERROR Traceback (most recent call last):
  File "C:\ProgramData\Anaconda3\envs\Pokemon\lib\site-packages\wandb\sdk\lib\retry.py", line 131, in __call__
    result = self._call_fn(*args, **kwargs)
  File "C:\ProgramData\Anaconda3\envs\Pokemon\lib\site-packages\wandb\sdk\internal\internal_api.py", line 369, in execute
    return self.client.execute(*args, **kwargs)  # type: ignore
  File "C:\ProgramData\Anaconda3\envs\Pokemon\lib\site-packages\wandb\vendor\gql-0.2.0\wandb_gql\client.py", line 52, in execute
    result = self._get_result(document, *args, **kwargs)
  File "C:\ProgramData\Anaconda3\envs\Pokemon\lib\site-packages\wandb\vendor\gql-0.2.0\wandb_gql\client.py", line 60, in _get_result
    return self.transport.execute(document, *args, **kwargs)
  File "C:\ProgramData\Anaconda3\envs\Pokemon\lib\site-packages\wandb\sdk\lib\gql_request.py", line 59, in execute
    request.raise_for_status()
  File "C:\ProgramData\Anaconda3\envs\Pokemon\lib\site-packages\requests\models.py", line 1024, in raise_for_status
    raise HTTPError(http_error_msg, response=self)
requests.exceptions.HTTPError: 400 Client Error: Bad Request for url: https://api.wandb.ai/graphql

During handling of the above exception, another exception occurred:

Traceback (most recent call last):
  File "C:\ProgramData\Anaconda3\envs\Pokemon\lib\site-packages\wandb\cli\cli.py", line 105, in wrapper
    return func(*args, **kwargs)
  File "C:\ProgramData\Anaconda3\envs\Pokemon\lib\site-packages\wandb\cli\cli.py", line 1755, in agent
    wandb_agent.agent(sweep_id, entity=entity, project=project, count=count)
  File "C:\ProgramData\Anaconda3\envs\Pokemon\lib\site-packages\wandb\wandb_agent.py", line 570, in agent
    return run_agent(
  File "C:\ProgramData\Anaconda3\envs\Pokemon\lib\site-packages\wandb\wandb_agent.py", line 528, in run_agent
    agent.run()
  File "C:\ProgramData\Anaconda3\envs\Pokemon\lib\site-packages\wandb\wandb_agent.py", line 201, in run
    agent = self._api.register_agent(socket.gethostname(), sweep_id=self._sweep_id)
  File "C:\ProgramData\Anaconda3\envs\Pokemon\lib\site-packages\wandb\apis\internal.py", line 150, in register_agent
    return self.api.register_agent(*args, **kwargs)
  File "C:\ProgramData\Anaconda3\envs\Pokemon\lib\site-packages\wandb\apis\normalize.py", line 73, in wrapper
    raise err
  File "C:\ProgramData\Anaconda3\envs\Pokemon\lib\site-packages\wandb\apis\normalize.py", line 41, in wrapper
    return func(*args, **kwargs)
  File "C:\ProgramData\Anaconda3\envs\Pokemon\lib\site-packages\wandb\sdk\internal\internal_api.py", line 2938, in register_agent
    response = self.gql(
  File "C:\ProgramData\Anaconda3\envs\Pokemon\lib\site-packages\wandb\sdk\internal\internal_api.py", line 341, in gql
    ret = self._retry_gql(
  File "C:\ProgramData\Anaconda3\envs\Pokemon\lib\site-packages\wandb\sdk\lib\retry.py", line 147, in __call__
    retry_timedelta_triggered = check_retry_fn(e)
  File "C:\ProgramData\Anaconda3\envs\Pokemon\lib\site-packages\wandb\util.py", line 881, in no_retry_4xx
    raise UsageError(body["errors"][0]["message"])
wandb.errors.UsageError: Sweep bellatomer/NLP2024_PROJECT_BellaPerel/f368mnls is not running

2024-07-26 14:02:02 ERROR 400 response executing GraphQL.
2024-07-26 14:02:02 ERROR {"errors":[{"message":"Sweep bellatomer/NLP2024_PROJECT_BellaPerel/f368mnls is not running","path":["createAgent"]}],"data":{"createAgent":null}}
2024-07-26 14:02:02 ERROR Traceback (most recent call last):
  File "C:\ProgramData\Anaconda3\envs\Pokemon\lib\site-packages\wandb\sdk\lib\retry.py", line 131, in __call__
    result = self._call_fn(*args, **kwargs)
  File "C:\ProgramData\Anaconda3\envs\Pokemon\lib\site-packages\wandb\sdk\internal\internal_api.py", line 369, in execute
    return self.client.execute(*args, **kwargs)  # type: ignore
  File "C:\ProgramData\Anaconda3\envs\Pokemon\lib\site-packages\wandb\vendor\gql-0.2.0\wandb_gql\client.py", line 52, in execute
    result = self._get_result(document, *args, **kwargs)
  File "C:\ProgramData\Anaconda3\envs\Pokemon\lib\site-packages\wandb\vendor\gql-0.2.0\wandb_gql\client.py", line 60, in _get_result
    return self.transport.execute(document, *args, **kwargs)
  File "C:\ProgramData\Anaconda3\envs\Pokemon\lib\site-packages\wandb\sdk\lib\gql_request.py", line 59, in execute
    request.raise_for_status()
  File "C:\ProgramData\Anaconda3\envs\Pokemon\lib\site-packages\requests\models.py", line 1024, in raise_for_status
    raise HTTPError(http_error_msg, response=self)
requests.exceptions.HTTPError: 400 Client Error: Bad Request for url: https://api.wandb.ai/graphql

During handling of the above exception, another exception occurred:

Traceback (most recent call last):
  File "C:\ProgramData\Anaconda3\envs\Pokemon\lib\site-packages\wandb\cli\cli.py", line 105, in wrapper
    return func(*args, **kwargs)
  File "C:\ProgramData\Anaconda3\envs\Pokemon\lib\site-packages\wandb\cli\cli.py", line 1755, in agent
    wandb_agent.agent(sweep_id, entity=entity, project=project, count=count)
  File "C:\ProgramData\Anaconda3\envs\Pokemon\lib\site-packages\wandb\wandb_agent.py", line 570, in agent
    return run_agent(
  File "C:\ProgramData\Anaconda3\envs\Pokemon\lib\site-packages\wandb\wandb_agent.py", line 528, in run_agent
    agent.run()
  File "C:\ProgramData\Anaconda3\envs\Pokemon\lib\site-packages\wandb\wandb_agent.py", line 201, in run
    agent = self._api.register_agent(socket.gethostname(), sweep_id=self._sweep_id)
  File "C:\ProgramData\Anaconda3\envs\Pokemon\lib\site-packages\wandb\apis\internal.py", line 150, in register_agent
    return self.api.register_agent(*args, **kwargs)
  File "C:\ProgramData\Anaconda3\envs\Pokemon\lib\site-packages\wandb\apis\normalize.py", line 73, in wrapper
    raise err
  File "C:\ProgramData\Anaconda3\envs\Pokemon\lib\site-packages\wandb\apis\normalize.py", line 41, in wrapper
    return func(*args, **kwargs)
  File "C:\ProgramData\Anaconda3\envs\Pokemon\lib\site-packages\wandb\sdk\internal\internal_api.py", line 2938, in register_agent
    response = self.gql(
  File "C:\ProgramData\Anaconda3\envs\Pokemon\lib\site-packages\wandb\sdk\internal\internal_api.py", line 341, in gql
    ret = self._retry_gql(
  File "C:\ProgramData\Anaconda3\envs\Pokemon\lib\site-packages\wandb\sdk\lib\retry.py", line 147, in __call__
    retry_timedelta_triggered = check_retry_fn(e)
  File "C:\ProgramData\Anaconda3\envs\Pokemon\lib\site-packages\wandb\util.py", line 881, in no_retry_4xx
    raise UsageError(body["errors"][0]["message"])
wandb.errors.UsageError: Sweep bellatomer/NLP2024_PROJECT_BellaPerel/f368mnls is not running

2024-07-26 14:04:59 INFO Running runs: []
2024-07-26 14:04:59 INFO Agent received command: exit
2024-07-26 14:04:59 INFO Received exit command. Killing runs and quitting.
2024-07-26 14:06:20 INFO Running runs: []
2024-07-26 14:06:20 INFO Agent received command: exit
2024-07-26 14:06:20 INFO Received exit command. Killing runs and quitting.
2024-07-26 14:16:17 INFO Running runs: []
2024-07-26 14:16:18 INFO Agent received command: exit
2024-07-26 14:16:18 INFO Received exit command. Killing runs and quitting.
2024-07-27 12:19:51 INFO Running runs: []
2024-07-27 12:19:51 INFO Agent received command: run
2024-07-27 12:19:51 INFO Agent starting run with config:
	ENV_HPT_mode: False
	ENV_LEARNING_RATE: 0.001
	architecture: CNN
	features: EFs
	offline_train_test_datasets: trans_tagging
	seed: 2
2024-07-27 12:19:51 INFO About to run command: python StrategyTransfer.py --ENV_HPT_mode=False --ENV_LEARNING_RATE=0.001 --architecture=CNN --features=EFs --offline_train_test_datasets=trans_tagging --seed=2
2024-07-27 12:19:56 INFO Running runs: ['0ihpvdav']
2024-07-27 12:53:55 INFO Cleaning up finished run: 0ihpvdav
2024-07-27 12:54:00 INFO Agent received command: run
2024-07-27 12:54:00 INFO Agent starting run with config:
	ENV_HPT_mode: False
	ENV_LEARNING_RATE: 0.001
	architecture: CNN
	features: EFs
	offline_train_test_datasets: trans_tagging
	seed: 4
2024-07-27 12:54:00 INFO About to run command: python StrategyTransfer.py --ENV_HPT_mode=False --ENV_LEARNING_RATE=0.001 --architecture=CNN --features=EFs --offline_train_test_datasets=trans_tagging --seed=4
2024-07-27 12:54:06 INFO Running runs: ['oaeg7jkm']
2024-07-27 13:27:55 INFO Cleaning up finished run: oaeg7jkm
2024-07-27 13:27:55 INFO Agent received command: run
2024-07-27 13:27:55 INFO Agent starting run with config:
	ENV_HPT_mode: False
	ENV_LEARNING_RATE: 0.001
	architecture: CNN
	features: EFs
	offline_train_test_datasets: key_word_tagging
	seed: 0
2024-07-27 13:27:55 INFO About to run command: python StrategyTransfer.py --ENV_HPT_mode=False --ENV_LEARNING_RATE=0.001 --architecture=CNN --features=EFs --offline_train_test_datasets=key_word_tagging --seed=0
2024-07-27 13:28:00 INFO Running runs: ['5n99wob2']
2024-07-27 14:00:59 INFO Cleaning up finished run: 5n99wob2
2024-07-27 14:00:59 INFO Agent received command: run
2024-07-27 14:00:59 INFO Agent starting run with config:
	ENV_HPT_mode: False
	ENV_LEARNING_RATE: 0.001
	architecture: CNN
	features: EFs
	offline_train_test_datasets: key_word_tagging
	seed: 2
2024-07-27 14:00:59 INFO About to run command: python StrategyTransfer.py --ENV_HPT_mode=False --ENV_LEARNING_RATE=0.001 --architecture=CNN --features=EFs --offline_train_test_datasets=key_word_tagging --seed=2
2024-07-27 14:01:04 INFO Running runs: ['06yty6wj']
2024-07-27 14:33:31 INFO Cleaning up finished run: 06yty6wj
2024-07-27 14:33:32 INFO Agent received command: run
2024-07-27 14:33:32 INFO Agent starting run with config:
	ENV_HPT_mode: False
	ENV_LEARNING_RATE: 0.001
	architecture: CNN
	features: EFs
	offline_train_test_datasets: key_word_tagging
	seed: 4
2024-07-27 14:33:32 INFO About to run command: python StrategyTransfer.py --ENV_HPT_mode=False --ENV_LEARNING_RATE=0.001 --architecture=CNN --features=EFs --offline_train_test_datasets=key_word_tagging --seed=4
2024-07-27 14:33:37 INFO Running runs: ['6qhty2u1']
2024-07-27 15:09:44 INFO Cleaning up finished run: 6qhty2u1
2024-07-27 15:09:45 INFO Agent received command: run
2024-07-27 15:09:45 INFO Agent starting run with config:
	ENV_HPT_mode: False
	ENV_LEARNING_RATE: 0.001
	architecture: CNN
	features: EFs
	offline_train_test_datasets: trans_tagging
	seed: 0
2024-07-27 15:09:45 INFO About to run command: python StrategyTransfer.py --ENV_HPT_mode=False --ENV_LEARNING_RATE=0.001 --architecture=CNN --features=EFs --offline_train_test_datasets=trans_tagging --seed=0
2024-07-27 15:09:50 INFO Running runs: ['bolb9usi']
2024-07-27 15:46:05 INFO Cleaning up finished run: bolb9usi
2024-07-27 15:46:05 INFO Agent received command: run
2024-07-27 15:46:05 INFO Agent starting run with config:
	ENV_HPT_mode: False
	ENV_LEARNING_RATE: 0.001
	architecture: CNN
	features: EFs
	offline_train_test_datasets: original_data
	seed: 0
2024-07-27 15:46:05 INFO About to run command: python StrategyTransfer.py --ENV_HPT_mode=False --ENV_LEARNING_RATE=0.001 --architecture=CNN --features=EFs --offline_train_test_datasets=original_data --seed=0
2024-07-27 15:46:10 INFO Running runs: ['t5ctkvtp']
2024-07-27 16:17:18 INFO Cleaning up finished run: t5ctkvtp
2024-07-27 16:17:19 INFO Agent received command: exit
2024-07-27 16:17:19 INFO Received exit command. Killing runs and quitting.
2024-08-17 20:49:41 INFO Running runs: []
2024-08-17 20:49:41 INFO Agent received command: run
2024-08-17 20:49:41 INFO Agent starting run with config:
	ENV_HPT_mode: False
	ENV_LEARNING_RATE: 0.001
	architecture: CNN
	features: EFs
	offline_train_test_datasets: key_word_tagging
	seed: 0
2024-08-17 20:49:41 INFO About to run command: python StrategyTransfer.py --ENV_HPT_mode=False --ENV_LEARNING_RATE=0.001 --architecture=CNN --features=EFs --offline_train_test_datasets=key_word_tagging --seed=0
2024-08-17 20:50:35 INFO Running runs: []
2024-08-17 20:50:36 INFO Agent received command: run
2024-08-17 20:50:36 INFO Agent starting run with config:
	ENV_HPT_mode: False
	ENV_LEARNING_RATE: 0.001
	architecture: CNN
	features: EFs
	offline_train_test_datasets: key_word_tagging
	seed: 2
2024-08-17 20:50:36 INFO About to run command: python StrategyTransfer.py --ENV_HPT_mode=False --ENV_LEARNING_RATE=0.001 --architecture=CNN --features=EFs --offline_train_test_datasets=key_word_tagging --seed=2
2024-08-17 20:50:41 INFO Running runs: ['g1r5eory']
